<?xml version="1.0" encoding="UTF-8"?>
<!-- Generated by org.testng.reporters.JUnitReportReporter -->
<testsuite hostname="DESKTOP-268PN8R" failures="0" tests="3" name="com.olp.schedule.OLP_R1_OLX_T331" time="14.036" errors="0" timestamp="2023-08-17T14:54:46 IST" skipped="0">
  <testcase classname="com.olp.schedule.OLP_R1_OLX_T331" name="TC01_navigateToPersonalCard" time="6.660"/>
  <testcase classname="com.olp.schedule.OLP_R1_OLX_T331" name="TC02_navigateToSchedule" time="2.045"/>
  <testcase classname="com.olp.schedule.OLP_R1_OLX_T331" name="TC03_navigateTo_IndividualRequirements" time="5.331"/>
</testsuite> <!-- com.olp.schedule.OLP_R1_OLX_T331 -->
