<?xml version="1.0" encoding="UTF-8"?>
<!-- Generated by org.testng.reporters.JUnitReportReporter -->
<testsuite hostname="LAPTOP-24ESH4RE" failures="0" tests="14" name="com.compass.testcases.SP1_OLX_T1578" time="215.273" errors="0" timestamp="2023-07-10T12:27:53 IST" skipped="0">
  <testcase classname="com.compass.testcases.SP1_OLX_T1578" name="loginToVessel" time="23.500"/>
  <testcase classname="com.compass.testcases.SP1_OLX_T1578" name="hoverToProfile" time="5.921"/>
  <testcase classname="com.compass.testcases.SP1_OLX_T1578" name="navigateToProfile" time="6.096"/>
  <testcase classname="com.compass.testcases.SP1_OLX_T1578" name="navigateToRecords" time="0.936"/>
  <testcase classname="com.compass.testcases.SP1_OLX_T1578" name="navigateToRapid_e_learning" time="6.229"/>
  <testcase classname="com.compass.testcases.SP1_OLX_T1578" name="navigateToAnyRecordOfRapid_e_learning" time="1.040"/>
  <testcase classname="com.compass.testcases.SP1_OLX_T1578" name="validatePrintDetailsNotPresent" time="4.235"/>
  <testcase classname="com.compass.testcases.SP1_OLX_T1578" name="enableTrainingReport" time="40.663"/>
  <testcase classname="com.compass.testcases.SP1_OLX_T1578" name="dataExchange" time="99.979"/>
  <testcase classname="com.compass.testcases.SP1_OLX_T1578" name="loginToVesselAgain" time="3.534"/>
  <testcase classname="com.compass.testcases.SP1_OLX_T1578" name="navigateToProfileAgain" time="10.912"/>
  <testcase classname="com.compass.testcases.SP1_OLX_T1578" name="navigateToRapid_e_learningAgain" time="6.978"/>
  <testcase classname="com.compass.testcases.SP1_OLX_T1578" name="navigateToAnyRecordOfRapid_e_learningAgain" time="1.022"/>
  <testcase classname="com.compass.testcases.SP1_OLX_T1578" name="validatePrintDetailsPresent" time="4.228"/>
</testsuite> <!-- com.compass.testcases.SP1_OLX_T1578 -->
