<?xml version="1.0" encoding="UTF-8"?>
<!-- Generated by org.testng.reporters.JUnitReportReporter -->
<testsuite hostname="DESKTOP-268PN8R" failures="0" tests="6" name="com.olp.p_card.OLP_R2_OLX_T191RestPCardDisable" time="25.379" errors="0" timestamp="2023-10-10T21:02:37 IST" skipped="0">
  <testcase classname="com.olp.p_card.OLP_R2_OLX_T191RestPCardDisable" name="TC01_navigateToPersonalCard" time="6.396"/>
  <testcase classname="com.olp.p_card.OLP_R2_OLX_T191RestPCardDisable" name="TC02_ValidateLast_PersonalRemarkSpecialUser" time="0.560"/>
  <testcase classname="com.olp.p_card.OLP_R2_OLX_T191RestPCardDisable" name="TC03_NavigateToLoginAsAssessor" time="11.081"/>
  <testcase classname="com.olp.p_card.OLP_R2_OLX_T191RestPCardDisable" name="TC04_navigateToSearchForPersonnel" time="3.254"/>
  <testcase classname="com.olp.p_card.OLP_R2_OLX_T191RestPCardDisable" name="TC05_navigateToPersonalCardOfTrainee" time="3.279"/>
  <testcase classname="com.olp.p_card.OLP_R2_OLX_T191RestPCardDisable" name="TC06_ValidateLast_PersonalRemarkAssessor" time="0.809"/>
</testsuite> <!-- com.olp.p_card.OLP_R2_OLX_T191RestPCardDisable -->
