<?xml version="1.0" encoding="UTF-8"?>
<!-- Generated by org.testng.reporters.JUnitReportReporter -->
<testsuite hostname="DESKTOP-268PN8R" failures="0" tests="15" name="com.olp.testcases.OLP_OLX_T612" time="674.786" errors="0" timestamp="2023-08-02T13:17:18 IST" skipped="0">
  <testcase classname="com.olp.testcases.OLP_OLX_T612" name="loginToMainOffice" time="42.808"/>
  <testcase classname="com.olp.testcases.OLP_OLX_T612" name="navigateToConfiguration" time="3.974"/>
  <testcase classname="com.olp.testcases.OLP_OLX_T612" name="navigateToSecurityGroups" time="5.318"/>
  <testcase classname="com.olp.testcases.OLP_OLX_T612" name="navigateToSecurityGroup" time="1.502"/>
  <testcase classname="com.olp.testcases.OLP_OLX_T612" name="disableReadyToBeAssessed" time="24.979"/>
  <testcase classname="com.olp.testcases.OLP_OLX_T612" name="navigateTOExportPopup" time="266.582"/>
  <testcase classname="com.olp.testcases.OLP_OLX_T612" name="loginToVessel" time="16.841"/>
  <testcase classname="com.olp.testcases.OLP_OLX_T612" name="navigateToAdvanceSearch" time="3.636"/>
  <testcase classname="com.olp.testcases.OLP_OLX_T612" name="navigateToShowSearchResult" time="20.554"/>
  <testcase classname="com.olp.testcases.OLP_OLX_T612" name="loginToMainOffice2" time="22.028"/>
  <testcase classname="com.olp.testcases.OLP_OLX_T612" name="enableReadyToBeAssessed" time="29.717"/>
  <testcase classname="com.olp.testcases.OLP_OLX_T612" name="dataExchange" time="207.292"/>
  <testcase classname="com.olp.testcases.OLP_OLX_T612" name="loginToVessel2" time="15.647"/>
  <testcase classname="com.olp.testcases.OLP_OLX_T612" name="navigateToAdvanceSearch2" time="2.916"/>
  <testcase classname="com.olp.testcases.OLP_OLX_T612" name="navigateToShowSearchResult2" time="10.992"/>
</testsuite> <!-- com.olp.testcases.OLP_OLX_T612 -->
