<?xml version="1.0" encoding="UTF-8"?>
<!-- Generated by org.testng.reporters.JUnitReportReporter -->
<testsuite hostname="Arun" failures="0" tests="4" name="com.compass.testcases.SP96_CMP15828" time="23.434" errors="0" timestamp="2023-05-05T10:15:00 IST" skipped="0">
  <testcase classname="com.compass.testcases.SP96_CMP15828" name="TC01_loginToStage" time="4.324"/>
  <system-out/>
  <testcase classname="com.compass.testcases.SP96_CMP15828" name="TC_02_VerifyNavigationtoSickleaveReport" time="16.055"/>
  <system-out/>
  <testcase classname="com.compass.testcases.SP96_CMP15828" name="TC_03_Getsickleavereport" time="2.728"/>
  <system-out/>
  <testcase classname="com.compass.testcases.SP96_CMP15828" name="TC_04_GetTotalworkdays" time="0.327"/>
  <system-out/>
</testsuite> <!-- com.compass.testcases.SP96_CMP15828 -->
