<?xml version="1.0" encoding="UTF-8"?>
<!-- Generated by org.testng.reporters.JUnitReportReporter -->
<testsuite hostname="Arun" failures="0" tests="22" name="com.compass.testcases.SP98_CMP15883" time="31.418" errors="0" timestamp="2023-05-05T10:15:00 IST" skipped="0">
  <testcase classname="com.compass.testcases.SP98_CMP15883" name="loginToCrewAdmin" time="10.404"/>
  <system-out/>
  <testcase classname="com.compass.testcases.SP98_CMP15883" name="navigateToRecruitmentCampaignsTab" time="1.016"/>
  <system-out/>
  <testcase classname="com.compass.testcases.SP98_CMP15883" name="addRecruitmentCampaign" time="1.948"/>
  <system-out/>
  <testcase classname="com.compass.testcases.SP98_CMP15883" name="addRecruitmentCampaign" time="1.904"/>
  <system-out/>
  <testcase classname="com.compass.testcases.SP98_CMP15883" name="filterRecruitmentCampaign" time="0.763"/>
  <system-out/>
  <testcase classname="com.compass.testcases.SP98_CMP15883" name="filterRecruitmentCampaign" time="0.929"/>
  <system-out/>
  <testcase classname="com.compass.testcases.SP98_CMP15883" name="filterRecruitmentCampaign" time="1.044"/>
  <system-out/>
  <testcase classname="com.compass.testcases.SP98_CMP15883" name="filterRecruitmentCampaign" time="1.058"/>
  <system-out/>
  <testcase classname="com.compass.testcases.SP98_CMP15883" name="filterRecruitmentCampaign" time="0.978"/>
  <system-out/>
  <testcase classname="com.compass.testcases.SP98_CMP15883" name="filterRecruitmentCampaign" time="1.073"/>
  <system-out/>
  <testcase classname="com.compass.testcases.SP98_CMP15883" name="filterRecruitmentCampaign" time="0.801"/>
  <system-out/>
  <testcase classname="com.compass.testcases.SP98_CMP15883" name="filterRecruitmentCampaign" time="0.788"/>
  <system-out/>
  <testcase classname="com.compass.testcases.SP98_CMP15883" name="filterRecruitmentCampaign" time="1.082"/>
  <system-out/>
  <testcase classname="com.compass.testcases.SP98_CMP15883" name="filterRecruitmentCampaign" time="0.855"/>
  <system-out/>
  <testcase classname="com.compass.testcases.SP98_CMP15883" name="filterRecruitmentCampaign" time="0.892"/>
  <system-out/>
  <testcase classname="com.compass.testcases.SP98_CMP15883" name="filterRecruitmentCampaign" time="0.836"/>
  <system-out/>
  <testcase classname="com.compass.testcases.SP98_CMP15883" name="search" time="0.957"/>
  <system-out/>
  <testcase classname="com.compass.testcases.SP98_CMP15883" name="search" time="1.000"/>
  <system-out/>
  <testcase classname="com.compass.testcases.SP98_CMP15883" name="search" time="0.709"/>
  <system-out/>
  <testcase classname="com.compass.testcases.SP98_CMP15883" name="search" time="0.792"/>
  <system-out/>
  <testcase classname="com.compass.testcases.SP98_CMP15883" name="search" time="0.635"/>
  <system-out/>
  <testcase classname="com.compass.testcases.SP98_CMP15883" name="search" time="0.954"/>
  <system-out/>
</testsuite> <!-- com.compass.testcases.SP98_CMP15883 -->
