<?xml version="1.0" encoding="UTF-8"?>
<!-- Generated by org.testng.reporters.JUnitReportReporter -->
<testsuite hostname="DESKTOP-0CLJ4FS" failures="0" tests="8" name="com.oap.assessment.OAP_Assessment_filterStatus" time="48.819" errors="0" timestamp="2024-01-09T14:27:22 IST" skipped="0">
  <testcase classname="com.oap.assessment.OAP_Assessment_filterStatus" name="TC01_NavigateToOAPlogo" time="0.483"/>
  <testcase classname="com.oap.assessment.OAP_Assessment_filterStatus" name="TC02_VerifyOAPMenubar" time="0.519"/>
  <testcase classname="com.oap.assessment.OAP_Assessment_filterStatus" name="TC03_NavigateToAssessmentPage" time="0.761"/>
  <testcase classname="com.oap.assessment.OAP_Assessment_filterStatus" name="TC04_CheckAllTheStatusOfAssessment" time="3.522"/>
  <testcase classname="com.oap.assessment.OAP_Assessment_filterStatus" name="TC05_ToCheckTheStatusAsArchived" time="5.051"/>
  <testcase classname="com.oap.assessment.OAP_Assessment_filterStatus" name="TC06_ToCheckTheStatusAsDraft" time="15.439"/>
  <testcase classname="com.oap.assessment.OAP_Assessment_filterStatus" name="TC07_ToCheckTheStatusAsPublished" time="11.691"/>
  <testcase classname="com.oap.assessment.OAP_Assessment_filterStatus" name="TC08_ToCheckTheStatusAsReady" time="11.353"/>
</testsuite> <!-- com.oap.assessment.OAP_Assessment_filterStatus -->
