<?xml version="1.0" encoding="UTF-8"?>
<!-- Generated by org.testng.reporters.JUnitReportReporter -->
<testsuite hostname="Arun" failures="0" tests="5" name="com.compass.testcases.SP96_CMP14440" time="126.951" errors="0" timestamp="2023-05-04T18:30:57 IST" skipped="0">
  <testcase classname="com.compass.testcases.SP96_CMP14440" name="TC01_navigate_To_Crew_Profile" time="32.744"/>
  <system-out/>
  <testcase classname="com.compass.testcases.SP96_CMP14440" name="TC02_navigate_Movements" time="8.612"/>
  <system-out/>
  <testcase classname="com.compass.testcases.SP96_CMP14440" name="TC03_Adding_Movement_Details" time="65.187"/>
  <system-out/>
  <testcase classname="com.compass.testcases.SP96_CMP14440" name="TC04_changing_VesselType_in_Movements" time="17.032"/>
  <system-out/>
  <testcase classname="com.compass.testcases.SP96_CMP14440" name="TC05_Verifying_Crew_Profile_Active_Status" time="3.376"/>
  <system-out/>
</testsuite> <!-- com.compass.testcases.SP96_CMP14440 -->
