<?xml version="1.0" encoding="UTF-8"?>
<!-- Generated by org.testng.reporters.JUnitReportReporter -->
<testsuite hostname="Ashish" failures="0" tests="8" name="t2s3.T2S3_OAP1797" time="40.324" errors="0" timestamp="2024-05-22T15:16:07 IST" skipped="0">
  <testcase classname="t2s3.T2S3_OAP1797" name="TC01_LaunchAssessmentPlatform" time="5.551"/>
  <system-out/>
  <testcase classname="t2s3.T2S3_OAP1797" name="TC02_NavigateToQuestionBankPage" time="6.976"/>
  <system-out/>
  <testcase classname="t2s3.T2S3_OAP1797" name="TC03_NavigateToNewQuestionBankPage" time="7.268"/>
  <system-out/>
  <testcase classname="t2s3.T2S3_OAP1797" name="TC04_NavigateToAddMCQPage" time="1.345"/>
  <system-out/>
  <testcase classname="t2s3.T2S3_OAP1797" name="TC05_ValidateAddAlternativeQuestionDisabled" time="7.523"/>
  <system-out/>
  <testcase classname="t2s3.T2S3_OAP1797" name="TC06_VadlidatePublishMCQ" time="4.972"/>
  <system-out/>
  <testcase classname="t2s3.T2S3_OAP1797" name="TC07_NavigateToEditQuestion" time="6.093"/>
  <system-out/>
  <testcase classname="t2s3.T2S3_OAP1797" name="TC08_Validate2AlternativeQuestions" time="0.596"/>
  <system-out/>
</testsuite> <!-- t2s3.T2S3_OAP1797 -->
