<?xml version="1.0" encoding="UTF-8"?>
<!-- Generated by org.testng.reporters.JUnitReportReporter -->
<testsuite hostname="DESKTOP-268PN8R" failures="0" tests="12" name="com.olp.p_view.OLP_R1_OLX_T415" time="646.932" errors="0" timestamp="2023-09-06T16:44:28 IST" skipped="0">
  <testcase classname="com.olp.p_view.OLP_R1_OLX_T415" name="TC01_NavigateToApplicationModules" time="6.640"/>
  <testcase classname="com.olp.p_view.OLP_R1_OLX_T415" name="TC02_NavigateToDeselectPPRO" time="2.617"/>
  <testcase classname="com.olp.p_view.OLP_R1_OLX_T415" name="TC03_WaitForSynchronization" time="20.283"/>
  <testcase classname="com.olp.p_view.OLP_R1_OLX_T415" name="TC04_DataExchangeForPPRODisabled" time="260.878"/>
  <testcase classname="com.olp.p_view.OLP_R1_OLX_T415" name="TC05_VerifyLoginToNewVesselAsSpecialUser" time="20.778"/>
  <testcase classname="com.olp.p_view.OLP_R1_OLX_T415" name="TC06_NavigateToShowAdvanceSearch" time="8.825"/>
  <testcase classname="com.olp.p_view.OLP_R1_OLX_T415" name="TC07_ValidatePerformanceEvaluationsNoPresentInASCCombo" time="2.644"/>
  <testcase classname="com.olp.p_view.OLP_R1_OLX_T415" name="TC08_NavigateToSelectPPRO" time="77.771"/>
  <testcase classname="com.olp.p_view.OLP_R1_OLX_T415" name="TC09_DataExchangeForPPROEnabled" time="215.654"/>
  <testcase classname="com.olp.p_view.OLP_R1_OLX_T415" name="TC10_VerifyLoginToVesselAsSpecialUser" time="19.959"/>
  <testcase classname="com.olp.p_view.OLP_R1_OLX_T415" name="TC11_NavigateToShowAdvanceSearch" time="8.751"/>
  <testcase classname="com.olp.p_view.OLP_R1_OLX_T415" name="TC12_ValidatePerformanceEvaluationsNotPresentInASCCombo" time="2.132"/>
</testsuite> <!-- com.olp.p_view.OLP_R1_OLX_T415 -->
