<?xml version="1.0" encoding="UTF-8"?>
<!-- Generated by org.testng.reporters.JUnitReportReporter -->
<testsuite hostname="BIPLP040" failures="0" tests="3" name="com.compass.testcases.SP94_CMP15108" time="342.662" errors="0" timestamp="2023-02-24T20:35:04 IST" skipped="0">
  <testcase classname="com.compass.testcases.SP94_CMP15108" name="TC01_loginToLocal" time="5.677"/>
  <system-out/>
  <testcase classname="com.compass.testcases.SP94_CMP15108" name="TC03_VerifyGapDayAnalysisReportinTaskBoard" time="65.553"/>
  <system-out/>
  <testcase classname="com.compass.testcases.SP94_CMP15108" name="TC02_VerifyPendingCrewChangeEventReportinTaskBoard" time="271.432"/>
  <system-out/>
</testsuite> <!-- com.compass.testcases.SP94_CMP15108 -->
