<?xml version="1.0" encoding="UTF-8"?>
<!-- Generated by org.testng.reporters.JUnitReportReporter -->
<testsuite hostname="BIPLP040" failures="0" tests="2" name="com.compass.testcases.SP93_CMP_13433" time="26.496" errors="0" timestamp="2023-03-23T10:15:42 IST" skipped="0">
  <testcase classname="com.compass.testcases.SP93_CMP_13433" name="TC01_navigating_To_SimpleSearch" time="10.058"/>
  <system-out/>
  <testcase classname="com.compass.testcases.SP93_CMP_13433" name="TC02_navigate_To_Crew_Profile" time="16.438"/>
  <system-out/>
</testsuite> <!-- com.compass.testcases.SP93_CMP_13433 -->
