<?xml version="1.0" encoding="UTF-8"?>
<!-- Generated by org.testng.reporters.JUnitReportReporter -->
<testsuite hostname="LAPTOP-24ESH4RE" failures="0" tests="6" name="com.compass.testcases.Lexo_SP101_CMP16673" time="34.806" errors="0" timestamp="2023-05-29T11:38:44 IST" skipped="1">
  <testcase classname="com.compass.testcases.Lexo_SP101_CMP16673" name="TC_01_LoginToStage" time="11.261"/>
  <system-out/>
  <testcase classname="com.compass.testcases.Lexo_SP101_CMP16673" name="TC_02_navigateToCrewContractMonitoring" time="6.769"/>
  <system-out/>
  <testcase classname="com.compass.testcases.Lexo_SP101_CMP16673" name="TC_03_navigateToCrewDetails" time="4.824"/>
  <system-out/>
  <testcase classname="com.compass.testcases.Lexo_SP101_CMP16673" name="TC_04_navigateTogenerateDocument" time="9.819"/>
  <system-out/>
  <testcase classname="com.compass.testcases.Lexo_SP101_CMP16673" name="TC_05_navigateToOpenDocument" time="2.133"/>
  <system-out/>
  <testcase classname="com.compass.testcases.Lexo_SP101_CMP16673" name="TC_06_verifyFileDownloaded">
    <skipped/>
  </testcase> <!-- TC_06_verifyFileDownloaded -->
  <system-out/>
</testsuite> <!-- com.compass.testcases.Lexo_SP101_CMP16673 -->
