<?xml version="1.0" encoding="UTF-8"?>
<!-- Generated by org.testng.reporters.JUnitReportReporter -->
<testsuite hostname="LAPTOP-24ESH4RE" failures="0" tests="5" name="com.compass.testcases.SP1_OLX_T691" time="48.388" errors="0" timestamp="2023-07-11T16:20:52 IST" skipped="0">
  <testcase classname="com.compass.testcases.SP1_OLX_T691" name="loginToVessel" time="28.721"/>
  <testcase classname="com.compass.testcases.SP1_OLX_T691" name="navigateToAdvanceSearch" time="0.905"/>
  <testcase classname="com.compass.testcases.SP1_OLX_T691" name="navigateToSearchMaster" time="9.055"/>
  <testcase classname="com.compass.testcases.SP1_OLX_T691" name="validatePersonnelRanksMaster" time="4.732"/>
  <testcase classname="com.compass.testcases.SP1_OLX_T691" name="validatePersonnelAllRanks" time="4.975"/>
</testsuite> <!-- com.compass.testcases.SP1_OLX_T691 -->
