<?xml version="1.0" encoding="UTF-8"?>
<!-- Generated by org.testng.reporters.JUnitReportReporter -->
<testsuite hostname="BIPLP040" failures="0" tests="28" name="com.compass.testcases.SP93_CMP14146" time="477.273" errors="0" timestamp="2023-03-04T10:53:05 IST" skipped="0">
  <testcase classname="com.compass.testcases.SP93_CMP14146" name="loginToStage" time="13.714"/>
  <system-out/>
  <testcase classname="com.compass.testcases.SP93_CMP14146" name="TC02_VerifyGapDayAnalysisReportinTaskBoard" time="24.868"/>
  <system-out/>
  <testcase classname="com.compass.testcases.SP93_CMP14146" name="TC03_VerifyReadinessVsAssignmentReportinTaskBoard" time="7.148"/>
  <system-out/>
  <testcase classname="com.compass.testcases.SP93_CMP14146" name="TC04_VerifyCrewContractMonitoringReportinTaskBoard" time="30.290"/>
  <system-out/>
  <testcase classname="com.compass.testcases.SP93_CMP14146" name="TC05_VerifyCrewAssignmentStatusReportinTaskBoard" time="15.687"/>
  <system-out/>
  <testcase classname="com.compass.testcases.SP93_CMP14146" name="TC06_VerifyPendingCrewChangeEventReportinTaskBoard" time="2.385"/>
  <system-out/>
  <testcase classname="com.compass.testcases.SP93_CMP14146" name="TC07_VerifyMissingBookReportinTaskBoard" time="30.277"/>
  <system-out/>
  <testcase classname="com.compass.testcases.SP93_CMP14146" name="TC08_VerifyMissingLicensesReportinTaskBoard" time="13.202"/>
  <system-out/>
  <testcase classname="com.compass.testcases.SP93_CMP14146" name="TC09_VerifyMissingPassportsReportinTaskBoard" time="5.633"/>
  <system-out/>
  <testcase classname="com.compass.testcases.SP93_CMP14146" name="TC10_VerifyMissingVisasReportinTaskBoard" time="11.109"/>
  <system-out/>
  <testcase classname="com.compass.testcases.SP93_CMP14146" name="TC11_VerifyMissingVaccinationsReportinTaskBoard" time="30.593"/>
  <system-out/>
  <testcase classname="com.compass.testcases.SP93_CMP14146" name="TC12_VerifyMissingMedExamsReportinTaskBoard" time="17.070"/>
  <system-out/>
  <testcase classname="com.compass.testcases.SP93_CMP14146" name="TC13_VerifyMissingContractsReportinTaskBoard" time="17.299"/>
  <system-out/>
  <testcase classname="com.compass.testcases.SP93_CMP14146" name="TC14_VerifyMissingAuthenticationsReportinTaskBoard" time="30.410"/>
  <system-out/>
  <testcase classname="com.compass.testcases.SP93_CMP14146" name="TC15_VerifyLicenceReportinTaskBoard" time="9.259"/>
  <system-out/>
  <testcase classname="com.compass.testcases.SP93_CMP14146" name="TC16_VerifyPassportReportinTaskBoard" time="6.718"/>
  <system-out/>
  <testcase classname="com.compass.testcases.SP93_CMP14146" name="TC17_VerifySeamanBookdocumentReportinTaskBoard" time="5.745"/>
  <system-out/>
  <testcase classname="com.compass.testcases.SP93_CMP14146" name="TC18_VerifyMedicalDocumentReportinTaskBoard" time="6.232"/>
  <system-out/>
  <testcase classname="com.compass.testcases.SP93_CMP14146" name="TC19_VerifyVisaDocumentReportinTaskBoard" time="7.488"/>
  <system-out/>
  <testcase classname="com.compass.testcases.SP93_CMP14146" name="TC20_VerifyVaccinationDocumentReportinTaskBoard" time="6.830"/>
  <system-out/>
  <testcase classname="com.compass.testcases.SP93_CMP14146" name="TC21_VerifyDrugAlcoholDocumentReportinTaskBoard" time="6.456"/>
  <system-out/>
  <testcase classname="com.compass.testcases.SP93_CMP14146" name="TC22_VerifyCRAReportinTaskBoard" time="10.023"/>
  <system-out/>
  <testcase classname="com.compass.testcases.SP93_CMP14146" name="TC23_VerifyCertificationReportinTaskBoard" time="6.427"/>
  <system-out/>
  <testcase classname="com.compass.testcases.SP93_CMP14146" name="TC25_VerifyApproveWageRevisionReportinTaskBoard" time="4.233"/>
  <system-out/>
  <testcase classname="com.compass.testcases.SP93_CMP14146" name="TC26_VerifyMedicalCasesReportinTaskBoard" time="30.166"/>
  <system-out/>
  <testcase classname="com.compass.testcases.SP93_CMP14146" name="TC27_VerifyPromotionReportinTaskBoard" time="8.066"/>
  <system-out/>
  <testcase classname="com.compass.testcases.SP93_CMP14146" name="TC28_VerifyEAppraisalDashboardReportinTaskBoard" time="30.595"/>
  <system-out/>
  <testcase classname="com.compass.testcases.SP93_CMP14146" name="TC29_VerifyComplianceStatusReportinTaskBoard" time="89.350"/>
  <system-out/>
</testsuite> <!-- com.compass.testcases.SP93_CMP14146 -->
