<?xml version="1.0" encoding="UTF-8"?>
<!-- Generated by org.testng.reporters.JUnitReportReporter -->
<testsuite hostname="BIPLP040" failures="0" tests="4" name="com.compass.testcases.SP93_CMP942_ActivitytagsToberecordedunderTimeBounEarnings" time="25.300" errors="0" timestamp="2023-03-23T14:28:05 IST" skipped="0">
  <testcase classname="com.compass.testcases.SP93_CMP942_ActivitytagsToberecordedunderTimeBounEarnings" name="TC_01VerifyNavigationToCrewId" time="9.900"/>
  <system-out/>
  <testcase classname="com.compass.testcases.SP93_CMP942_ActivitytagsToberecordedunderTimeBounEarnings" name="TC_02VerifyWageMatrix" time="5.806"/>
  <system-out/>
  <testcase classname="com.compass.testcases.SP93_CMP942_ActivitytagsToberecordedunderTimeBounEarnings" name="TC_03VerifyWRHactivities" time="7.778"/>
  <system-out/>
  <testcase classname="com.compass.testcases.SP93_CMP942_ActivitytagsToberecordedunderTimeBounEarnings" name="TC_04VerifySavingActivity" time="1.816"/>
  <system-out/>
</testsuite> <!-- com.compass.testcases.SP93_CMP942_ActivitytagsToberecordedunderTimeBounEarnings -->
