<?xml version="1.0" encoding="UTF-8"?>
<!-- Generated by org.testng.reporters.JUnitReportReporter -->
<testsuite hostname="DESKTOP-268PN8R" failures="0" tests="18" name="com.olp.personnelview.OLP_R1_OLX_T453" time="149.162" errors="0" timestamp="2023-08-09T13:56:10 IST" skipped="0">
  <testcase classname="com.olp.personnelview.OLP_R1_OLX_T453" name="loginToVessel" time="28.127"/>
  <testcase classname="com.olp.personnelview.OLP_R1_OLX_T453" name="navigateToShowAdvanceSearch" time="15.926"/>
  <testcase classname="com.olp.personnelview.OLP_R1_OLX_T453" name="selectPersonnelHavingResultsFrom" time="9.869"/>
  <testcase classname="com.olp.personnelview.OLP_R1_OLX_T453" name="navigateToSearchPersonnelHavingResultsForm" time="7.142"/>
  <testcase classname="com.olp.personnelview.OLP_R1_OLX_T453" name="clickOnNoadditionalsearchcriteria" time="1.518"/>
  <testcase classname="com.olp.personnelview.OLP_R1_OLX_T453" name="navigateToSearchInNoAdditionalSearchCriteria" time="7.627"/>
  <testcase classname="com.olp.personnelview.OLP_R1_OLX_T453" name="selectPromotionQueryInASC" time="5.657"/>
  <testcase classname="com.olp.personnelview.OLP_R1_OLX_T453" name="navigateToSearchWithPromotionQueryInASC" time="20.912"/>
  <testcase classname="com.olp.personnelview.OLP_R1_OLX_T453" name="selectperfomanceEvaluationInASC" time="4.081"/>
  <testcase classname="com.olp.personnelview.OLP_R1_OLX_T453" name="navigateToSearchwithperfomanceEvaluationInASC" time="5.505"/>
  <testcase classname="com.olp.personnelview.OLP_R1_OLX_T453" name="selectperfomanceEvaluationInASCcheckbox2" time="1.332"/>
  <testcase classname="com.olp.personnelview.OLP_R1_OLX_T453" name="navigateTosearchperfomanceEvaluationInASCcheckbox2" time="5.647"/>
  <testcase classname="com.olp.personnelview.OLP_R1_OLX_T453" name="selectpersonneladdedbetweenInASC" time="6.276"/>
  <testcase classname="com.olp.personnelview.OLP_R1_OLX_T453" name="navigateToSearchpersonneladdedbetweenASC" time="5.544"/>
  <testcase classname="com.olp.personnelview.OLP_R1_OLX_T453" name="selectPersonnelModifiedBetweenInASC" time="8.309"/>
  <testcase classname="com.olp.personnelview.OLP_R1_OLX_T453" name="navigateToSearchPersonnelModifiedBetweenASC" time="3.513"/>
  <testcase classname="com.olp.personnelview.OLP_R1_OLX_T453" name="selectPersonnelWithNoResultsBetweenASC" time="8.316"/>
  <testcase classname="com.olp.personnelview.OLP_R1_OLX_T453" name="navigateToSearchPersonnelWithNoresultsBetweenASC" time="3.861"/>
</testsuite> <!-- com.olp.personnelview.OLP_R1_OLX_T453 -->
