<?xml version="1.0" encoding="UTF-8"?>
<!-- Generated by org.testng.reporters.JUnitReportReporter -->
<testsuite hostname="DESKTOP-268PN8R" failures="0" tests="2" name="com.olp.p_card.OLP_R2_OLX_T141RestPCardDisable" time="5.076" errors="0" timestamp="2023-10-10T17:43:33 IST" skipped="0">
  <testcase classname="com.olp.p_card.OLP_R2_OLX_T141RestPCardDisable" name="TC01_navigateToPersonalCard" time="4.738"/>
  <testcase classname="com.olp.p_card.OLP_R2_OLX_T141RestPCardDisable" name="TC02_ValidateManagedBy" time="0.338"/>
</testsuite> <!-- com.olp.p_card.OLP_R2_OLX_T141RestPCardDisable -->
