<?xml version="1.0" encoding="UTF-8"?>
<!-- Generated by org.testng.reporters.JUnitReportReporter -->
<testsuite hostname="BIPLP040" failures="0" tests="8" name="com.compass.testcases.SP93_CMP13938" time="54.990" errors="0" timestamp="2023-03-26T17:11:12 IST" skipped="0">
  <testcase classname="com.compass.testcases.SP93_CMP13938" name="TC01_selectOptionAdmin" time="11.787"/>
  <system-out/>
  <testcase classname="com.compass.testcases.SP93_CMP13938" name="TC02_NavigateTo_CEM" time="2.915"/>
  <system-out/>
  <testcase classname="com.compass.testcases.SP93_CMP13938" name="TC03_clickOn_AddIcon_To_create_new_Notice" time="5.008"/>
  <system-out/>
  <testcase classname="com.compass.testcases.SP93_CMP13938" name="TC04_Enter_Details" time="5.732"/>
  <system-out/>
  <testcase classname="com.compass.testcases.SP93_CMP13938" name="TC05_set_Display_Settings" time="5.520"/>
  <system-out/>
  <testcase classname="com.compass.testcases.SP93_CMP13938" name="TC06_Configure_The_Interfaces" time="2.347"/>
  <system-out/>
  <testcase classname="com.compass.testcases.SP93_CMP13938" name="TC07_Specify_Applicability" time="17.575"/>
  <system-out/>
  <testcase classname="com.compass.testcases.SP93_CMP13938" name="TC08_Search_Created_Notice" time="4.106"/>
  <system-out/>
</testsuite> <!-- com.compass.testcases.SP93_CMP13938 -->
