<?xml version="1.0" encoding="UTF-8"?>
<!-- Generated by org.testng.reporters.JUnitReportReporter -->
<testsuite hostname="LAPTOP-24ESH4RE" failures="0" tests="8" name="com.olp.testcases.OLP_OLX_T936" time="75.694" errors="0" timestamp="2023-07-17T16:02:39 IST" skipped="0">
  <testcase classname="com.olp.testcases.OLP_OLX_T936" name="loginToVessel" time="22.184"/>
  <testcase classname="com.olp.testcases.OLP_OLX_T936" name="verifySearchOption" time="19.489"/>
  <testcase classname="com.olp.testcases.OLP_OLX_T936" name="selectPromotionQueryInAdditionalSEarchCriteria" time="1.957"/>
  <testcase classname="com.olp.testcases.OLP_OLX_T936" name="selectDefaultValueInPromtionQuery" time="3.333"/>
  <testcase classname="com.olp.testcases.OLP_OLX_T936" name="selectMasterAssesorValueInRequirementForRank" time="6.770"/>
  <testcase classname="com.olp.testcases.OLP_OLX_T936" name="selectBulkCarrierValueInRequirementForInstallationType" time="7.017"/>
  <testcase classname="com.olp.testcases.OLP_OLX_T936" name="selectvalueinRequirementsforRankandRequirementysforinstallationtype" time="7.309"/>
  <testcase classname="com.olp.testcases.OLP_OLX_T936" name="validateClearButton" time="7.635"/>
</testsuite> <!-- com.olp.testcases.OLP_OLX_T936 -->
