<?xml version="1.0" encoding="UTF-8"?>
<!-- Generated by org.testng.reporters.JUnitReportReporter -->
<testsuite hostname="BIPLP153" failures="0" tests="6" name="t2s2.T2S2_OAP1979" time="25.697" errors="0" timestamp="2024-04-30T16:52:52 IST" skipped="0">
  <testcase classname="t2s2.T2S2_OAP1979" name="TC01_LunchAssessmentPlatform" time="4.481"/>
  <system-out/>
  <testcase classname="t2s2.T2S2_OAP1979" name="TC02_NavigateToQuestionBankPage" time="5.741"/>
  <system-out/>
  <testcase classname="t2s2.T2S2_OAP1979" name="TC03_NavigateToNewQuestionBankPage" time="5.986"/>
  <system-out/>
  <testcase classname="t2s2.T2S2_OAP1979" name="TC04_NavigateToNewQuestionBankPage" time="3.637"/>
  <system-out/>
  <testcase classname="t2s2.T2S2_OAP1979" name="TC05_NavigateToAddMCQPage" time="3.449"/>
  <system-out/>
  <testcase classname="t2s2.T2S2_OAP1979" name="TC06_ValidateNagativeScoreLabel" time="2.403"/>
  <system-out/>
</testsuite> <!-- t2s2.T2S2_OAP1979 -->
