<?xml version="1.0" encoding="UTF-8"?>
<!-- Generated by org.testng.reporters.JUnitReportReporter -->
<testsuite hostname="DESKTOP-268PN8R" failures="0" tests="9" name="com.olp.personnelview.OLP_R1_OLX_T90" time="105.923" errors="0" timestamp="2023-08-09T13:44:35 IST" skipped="0">
  <testcase classname="com.olp.personnelview.OLP_R1_OLX_T90" name="loginToVessel" time="23.777"/>
  <testcase classname="com.olp.personnelview.OLP_R1_OLX_T90" name="navigateToAdvanceSearch" time="10.302"/>
  <testcase classname="com.olp.personnelview.OLP_R1_OLX_T90" name="navigateToSearchMaster" time="9.692"/>
  <testcase classname="com.olp.personnelview.OLP_R1_OLX_T90" name="validatePersonnelRanksMaster" time="4.887"/>
  <testcase classname="com.olp.personnelview.OLP_R1_OLX_T90" name="navigateToSearchRankA" time="9.975"/>
  <testcase classname="com.olp.personnelview.OLP_R1_OLX_T90" name="validatePersonnelRankA" time="4.791"/>
  <testcase classname="com.olp.personnelview.OLP_R1_OLX_T90" name="navigateToSearchRankBlankResults" time="11.963"/>
  <testcase classname="com.olp.personnelview.OLP_R1_OLX_T90" name="navigateToSearch2Ranks" time="14.610"/>
  <testcase classname="com.olp.personnelview.OLP_R1_OLX_T90" name="navigateToSearch3Ranks" time="15.926"/>
</testsuite> <!-- com.olp.personnelview.OLP_R1_OLX_T90 -->
