<?xml version="1.0" encoding="UTF-8"?>
<!-- Generated by org.testng.reporters.JUnitReportReporter -->
<testsuite hostname="DESKTOP-268PN8R" failures="0" tests="10" name="com.olp.personnelview.OLP_R1_OLX_T91" time="138.020" errors="0" timestamp="2023-08-09T10:42:23 IST" skipped="0">
  <testcase classname="com.olp.personnelview.OLP_R1_OLX_T91" name="navigateToAdvanceSearch" time="12.259"/>
  <testcase classname="com.olp.personnelview.OLP_R1_OLX_T91" name="navigateToNationalityPoland" time="13.238"/>
  <testcase classname="com.olp.personnelview.OLP_R1_OLX_T91" name="validateNationalityPoland" time="10.081"/>
  <testcase classname="com.olp.personnelview.OLP_R1_OLX_T91" name="navigateToNationalityNotDefined" time="15.357"/>
  <testcase classname="com.olp.personnelview.OLP_R1_OLX_T91" name="validateNationalityAfghanistan" time="10.149"/>
  <testcase classname="com.olp.personnelview.OLP_R1_OLX_T91" name="searchNationalityNoReseults" time="14.420"/>
  <testcase classname="com.olp.personnelview.OLP_R1_OLX_T91" name="navigateTo2Nationalities" time="17.617"/>
  <testcase classname="com.olp.personnelview.OLP_R1_OLX_T91" name="validateTo2Nationalities" time="10.229"/>
  <testcase classname="com.olp.personnelview.OLP_R1_OLX_T91" name="navigateTo3Nationalities" time="24.268"/>
  <testcase classname="com.olp.personnelview.OLP_R1_OLX_T91" name="validateTo3Nationalities" time="10.402"/>
</testsuite> <!-- com.olp.personnelview.OLP_R1_OLX_T91 -->
