<?xml version="1.0" encoding="UTF-8"?>
<!-- Generated by org.testng.reporters.JUnitReportReporter -->
<testsuite hostname="DESKTOP-268PN8R" failures="0" tests="7" name="com.olp.p_view.OLP_R1_OLX_T93" time="57.283" errors="0" timestamp="2023-09-12T22:38:26 IST" skipped="0">
  <testcase classname="com.olp.p_view.OLP_R1_OLX_T93" name="TC01_ExpandAdvanceSearch" time="3.863"/>
  <testcase classname="com.olp.p_view.OLP_R1_OLX_T93" name="TC02_SearchInstallationCurrentVessel" time="10.136"/>
  <testcase classname="com.olp.p_view.OLP_R1_OLX_T93" name="TC03_SearchInstallationNotDefined" time="3.082"/>
  <testcase classname="com.olp.p_view.OLP_R1_OLX_T93" name="TC04_ValidateInstallationNotDefined" time="9.027"/>
  <testcase classname="com.olp.p_view.OLP_R1_OLX_T93" name="TC05_ValidateNoRecordsFoundLabelInResult" time="11.037"/>
  <testcase classname="com.olp.p_view.OLP_R1_OLX_T93" name="TC06_SelectCurrentVesselAndOther" time="9.111"/>
  <testcase classname="com.olp.p_view.OLP_R1_OLX_T93" name="TC07_Select3Installations" time="11.027"/>
</testsuite> <!-- com.olp.p_view.OLP_R1_OLX_T93 -->
