<?xml version="1.0" encoding="UTF-8"?>
<!-- Generated by org.testng.reporters.JUnitReportReporter -->
<testsuite hostname="DESKTOP-268PN8R" failures="0" tests="12" name="com.olp.schedule.OLP_R1_OLX_T3" time="86.671" errors="0" timestamp="2023-09-12T22:38:26 IST" skipped="0">
  <testcase classname="com.olp.schedule.OLP_R1_OLX_T3" name="tc01_NavigateToPersonalCard" time="8.621"/>
  <testcase classname="com.olp.schedule.OLP_R1_OLX_T3" name="tc02_NavigateToScheduleButton" time="3.114"/>
  <testcase classname="com.olp.schedule.OLP_R1_OLX_T3" name="tc03_ValidateAllRequirementsUnderSchedule" time="3.023"/>
  <testcase classname="com.olp.schedule.OLP_R1_OLX_T3" name="tc04_NavigateToIndividualRequirements" time="4.436"/>
  <testcase classname="com.olp.schedule.OLP_R1_OLX_T3" name="tc05_NavigateToIndividualActivityEnrollments" time="1.092"/>
  <testcase classname="com.olp.schedule.OLP_R1_OLX_T3" name="tc06_ValidatePagingElementsUnderTheGrid" time="1.181"/>
  <testcase classname="com.olp.schedule.OLP_R1_OLX_T3" name="tc07_ValidatePageDropDownListWithOptions" time="10.136"/>
  <testcase classname="com.olp.schedule.OLP_R1_OLX_T3" name="tc08_ValidateLastPageShouldWorkWithLastPageRecords" time="1.091"/>
  <testcase classname="com.olp.schedule.OLP_R1_OLX_T3" name="tc09_ValidateFirstPageShouldWorkWithFirstPageRecords" time="1.081"/>
  <testcase classname="com.olp.schedule.OLP_R1_OLX_T3" name="tc10_ValidateRecordsOfPageElements" time="8.190"/>
  <testcase classname="com.olp.schedule.OLP_R1_OLX_T3" name="tc11_AscendingSorting" time="24.125"/>
  <testcase classname="com.olp.schedule.OLP_R1_OLX_T3" name="tc12_DescendingSorting" time="20.581"/>
</testsuite> <!-- com.olp.schedule.OLP_R1_OLX_T3 -->
