<?xml version="1.0" encoding="UTF-8"?>
<!-- Generated by org.testng.reporters.JUnitReportReporter -->
<testsuite hostname="Arun" failures="0" tests="5" name="com.compass.testcases.SP98_CMP15820" time="70.257" errors="0" timestamp="2023-05-05T10:15:00 IST" skipped="0">
  <testcase classname="com.compass.testcases.SP98_CMP15820" name="TC_01_LoginToStage" time="7.911"/>
  <system-out/>
  <testcase classname="com.compass.testcases.SP98_CMP15820" name="TC_02_crewOperation" time="23.953"/>
  <system-out/>
  <testcase classname="com.compass.testcases.SP98_CMP15820" name="TC_03_crewIDUpdateOperation" time="21.704"/>
  <system-out/>
  <testcase classname="com.compass.testcases.SP98_CMP15820" name="TC_04_ValidateTaxCode" time="13.367"/>
  <system-out/>
  <testcase classname="com.compass.testcases.SP98_CMP15820" name="TC_05_ValidateSandCofTaxCode" time="3.322"/>
  <system-out/>
</testsuite> <!-- com.compass.testcases.SP98_CMP15820 -->
