<?xml version="1.0" encoding="UTF-8"?>
<!-- Generated by org.testng.reporters.JUnitReportReporter -->
<testsuite hostname="Arun" failures="0" tests="3" name="com.compass.testcases.SP96_CMP14192" time="24.220" errors="0" timestamp="2023-05-05T10:15:00 IST" skipped="0">
  <testcase classname="com.compass.testcases.SP96_CMP14192" name="TC_01_loginToStage" time="4.625"/>
  <system-out/>
  <testcase classname="com.compass.testcases.SP96_CMP14192" name="TC_02_VerifyNavigationtoleavebalance" time="10.696"/>
  <system-out/>
  <testcase classname="com.compass.testcases.SP96_CMP14192" name="TC_03_GetLeavebalance" time="8.899"/>
  <system-out/>
</testsuite> <!-- com.compass.testcases.SP96_CMP14192 -->
