<?xml version="1.0" encoding="UTF-8"?>
<!-- Generated by org.testng.reporters.JUnitReportReporter -->
<testsuite hostname="Arun" failures="0" tests="1" name="com.compass.testcases.CMP13696_ContractClausesPageFilters" time="0.000" errors="0" timestamp="2023-04-14T18:04:17 IST" skipped="1">
  <testcase classname="com.compass.testcases.CMP13696_ContractClausesPageFilters" name="Tc01_ContractClausesPageFilters" time="0.000">
    <skipped/>
  </testcase> <!-- Tc01_ContractClausesPageFilters -->
  <system-out/>
</testsuite> <!-- com.compass.testcases.CMP13696_ContractClausesPageFilters -->
