<?xml version="1.0" encoding="UTF-8"?>
<!-- Generated by org.testng.reporters.JUnitReportReporter -->
<testsuite hostname="Arun" failures="0" tests="8" name="com.compass.testcases.SP97_CMP13580" time="40.620" errors="0" timestamp="2023-05-05T10:15:00 IST" skipped="0">
  <testcase classname="com.compass.testcases.SP97_CMP13580" name="TC_01_loginToStage" time="7.150"/>
  <system-out/>
  <testcase classname="com.compass.testcases.SP97_CMP13580" name="TC_02_VerifyNavigationtoBudgetList" time="11.797"/>
  <system-out/>
  <testcase classname="com.compass.testcases.SP97_CMP13580" name="TC_03_VerifyaddBudgetFunctionality" time="9.724"/>
  <system-out/>
  <testcase classname="com.compass.testcases.SP97_CMP13580" name="TC_04_VerifyaddBudgetFunctionality" time="0.479"/>
  <system-out/>
  <testcase classname="com.compass.testcases.SP97_CMP13580" name="TC_05_Verifyoverlapdaysiszero" time="0.297"/>
  <system-out/>
  <testcase classname="com.compass.testcases.SP97_CMP13580" name="TC_06_VerifyContractDays" time="0.506"/>
  <system-out/>
  <testcase classname="com.compass.testcases.SP97_CMP13580" name="TC_07_VerifyNavigationtoCrewthruvessel" time="4.164"/>
  <system-out/>
  <testcase classname="com.compass.testcases.SP97_CMP13580" name="TC_08_VerifcontractDays" time="6.503"/>
  <system-out/>
</testsuite> <!-- com.compass.testcases.SP97_CMP13580 -->
