<?xml version="1.0" encoding="UTF-8"?>
<!-- Generated by org.testng.reporters.JUnitReportReporter -->
<testsuite hostname="LAPTOP-24ESH4RE" failures="0" tests="5" name="com.compass.testcases.SP1_OLX_T334" time="40.377" errors="0" timestamp="2023-07-10T12:40:56 IST" skipped="0">
  <testcase classname="com.compass.testcases.SP1_OLX_T334" name="loginToVessel" time="25.463"/>
  <testcase classname="com.compass.testcases.SP1_OLX_T334" name="navigateToSearchAssessor" time="3.265"/>
  <testcase classname="com.compass.testcases.SP1_OLX_T334" name="navigateToPersonalCard" time="6.486"/>
  <testcase classname="com.compass.testcases.SP1_OLX_T334" name="navigateToRecords" time="0.932"/>
  <testcase classname="com.compass.testcases.SP1_OLX_T334" name="validateRapid_e_learningNotPresent" time="4.231"/>
</testsuite> <!-- com.compass.testcases.SP1_OLX_T334 -->
