<?xml version="1.0" encoding="UTF-8"?>
<!-- Generated by org.testng.reporters.JUnitReportReporter -->
<testsuite hostname="BIPLP040" failures="0" tests="5" name="com.compass.testcases.SP94_CMP14522" time="25.940" errors="0" timestamp="2023-03-26T17:11:12 IST" skipped="0">
  <testcase classname="com.compass.testcases.SP94_CMP14522" name="TC01_Navigate_Budget_List" time="8.142"/>
  <system-out/>
  <testcase classname="com.compass.testcases.SP94_CMP14522" name="TC02_Verify_Added_Budget_Records_Edit_Button" time="7.960"/>
  <system-out/>
  <testcase classname="com.compass.testcases.SP94_CMP14522" name="TC03_Verify_Currencies_SubTab" time="2.454"/>
  <system-out/>
  <testcase classname="com.compass.testcases.SP94_CMP14522" name="TC04_Wage_Element_Tab" time="2.411"/>
  <system-out/>
  <testcase classname="com.compass.testcases.SP94_CMP14522" name="TC05_Cost_Element_Tab" time="4.973"/>
  <system-out/>
</testsuite> <!-- com.compass.testcases.SP94_CMP14522 -->
