<?xml version="1.0" encoding="UTF-8"?>
<!-- Generated by org.testng.reporters.JUnitReportReporter -->
<testsuite hostname="LAPTOP-24ESH4RE" failures="0" tests="13" name="com.olp.testcases.OLP2L" time="595.537" errors="0" timestamp="2023-07-25T11:53:02 IST" skipped="0">
  <testcase classname="com.olp.testcases.OLP2L" name="loginToVessel" time="22.781"/>
  <testcase classname="com.olp.testcases.OLP2L" name="hoverToSearchForPersonnel" time="240.117"/>
  <testcase classname="com.olp.testcases.OLP2L" name="navigateToSearchForPersonnel" time="126.435"/>
  <testcase classname="com.olp.testcases.OLP2L" name="loginToMainOffice" time="139.443"/>
  <testcase classname="com.olp.testcases.OLP2L" name="navigateToConfiguration" time="53.628"/>
  <testcase classname="com.olp.testcases.OLP2L" name="navigateToSecurityGroups" time="0.017"/>
  <testcase classname="com.olp.testcases.OLP2L" name="navigateToMainOffice" time="0.012"/>
  <testcase classname="com.olp.testcases.OLP2L" name="disableExportingSearchResults" time="7.015"/>
  <testcase classname="com.olp.testcases.OLP2L" name="navigationToExportExchange1" time="3.010"/>
  <testcase classname="com.olp.testcases.OLP2L" name="navigationToExportExchange2" time="0.005"/>
  <testcase classname="com.olp.testcases.OLP2L" name="loginToMainOldVessel" time="0.029"/>
  <testcase classname="com.olp.testcases.OLP2L" name="navigationToImport" time="3.026"/>
  <testcase classname="com.olp.testcases.OLP2L" name="validateExportButton" time="0.019"/>
</testsuite> <!-- com.olp.testcases.OLP2L -->
