<?xml version="1.0" encoding="UTF-8"?>
<!-- Generated by org.testng.reporters.JUnitReportReporter -->
<testsuite hostname="DESKTOP-268PN8R" failures="0" tests="1" name="com.olp.common.DataExchange" time="273.639" errors="0" timestamp="2023-08-14T15:56:39 IST" skipped="0">
  <testcase classname="com.olp.common.DataExchange" name="loginToVessel" time="273.639"/>
</testsuite> <!-- com.olp.common.DataExchange -->
