<?xml version="1.0" encoding="UTF-8"?>
<!-- Generated by org.testng.reporters.JUnitReportReporter -->
<testsuite hostname="DESKTOP-0CLJ4FS" failures="0" tests="2" name="com.olp.records_elearning.OLP2L_RC3_OLX_T231" time="7.983" errors="0" timestamp="2023-10-23T14:30:09 IST" skipped="0">
  <testcase classname="com.olp.records_elearning.OLP2L_RC3_OLX_T231" name="TC01_navigateToPersonalCard" time="5.639"/>
  <testcase classname="com.olp.records_elearning.OLP2L_RC3_OLX_T231" name="TC02_NavigateToRecordsTab" time="2.344"/>
</testsuite> <!-- com.olp.records_elearning.OLP2L_RC3_OLX_T231 -->
