<?xml version="1.0" encoding="UTF-8"?>
<!-- Generated by org.testng.reporters.JUnitReportReporter -->
<testsuite hostname="DESKTOP-268PN8R" failures="0" tests="2" name="com.olp.p_card.OLP_R2_OLX_T142PCardEditEnable" time="10.152" errors="0" timestamp="2023-10-12T16:17:36 IST" skipped="0">
  <testcase classname="com.olp.p_card.OLP_R2_OLX_T142PCardEditEnable" name="TC01_navigateToPersonalCard" time="9.748"/>
  <testcase classname="com.olp.p_card.OLP_R2_OLX_T142PCardEditEnable" name="TC02_ValidateManagedByNeverEditable" time="0.404"/>
</testsuite> <!-- com.olp.p_card.OLP_R2_OLX_T142PCardEditEnable -->
