<?xml version="1.0" encoding="UTF-8"?>
<!-- Generated by org.testng.reporters.JUnitReportReporter -->
<testsuite hostname="DESKTOP-268PN8R" failures="0" tests="7" name="com.olp.p_card.OLP_R2_OLX_T149_1289GCCDOBDisable" time="34.154" errors="0" timestamp="2023-10-12T16:17:36 IST" skipped="0">
  <testcase classname="com.olp.p_card.OLP_R2_OLX_T149_1289GCCDOBDisable" name="TC01_navigateToPersonalCard" time="10.989"/>
  <testcase classname="com.olp.p_card.OLP_R2_OLX_T149_1289GCCDOBDisable" name="TC02_navigateToResetPassword" time="0.813"/>
  <testcase classname="com.olp.p_card.OLP_R2_OLX_T149_1289GCCDOBDisable" name="TC03_ValidateNewPasswordAcceptsMax50Char" time="0.774"/>
  <testcase classname="com.olp.p_card.OLP_R2_OLX_T149_1289GCCDOBDisable" name="TC04_ValidateReTypeNewPasswordAcceptsMax50Char" time="0.706"/>
  <testcase classname="com.olp.p_card.OLP_R2_OLX_T149_1289GCCDOBDisable" name="TC05_ValidateSaveSamePassword" time="3.801"/>
  <testcase classname="com.olp.p_card.OLP_R2_OLX_T149_1289GCCDOBDisable" name="TC06_ValidateDifferentPassword" time="6.399"/>
  <testcase classname="com.olp.p_card.OLP_R2_OLX_T149_1289GCCDOBDisable" name="TC07_NavigateToLoginAsTrainee" time="10.672"/>
</testsuite> <!-- com.olp.p_card.OLP_R2_OLX_T149_1289GCCDOBDisable -->
