<?xml version="1.0" encoding="UTF-8"?>
<!-- Generated by org.testng.reporters.JUnitReportReporter -->
<testsuite hostname="LAPTOP-24ESH4RE" failures="0" tests="17" name="com.olp.testcases.OLP_OLX_T27" time="173.681" errors="0" timestamp="2023-07-21T13:31:34 IST" skipped="0">
  <testcase classname="com.olp.testcases.OLP_OLX_T27" name="loginToVessel" time="26.364"/>
  <testcase classname="com.olp.testcases.OLP_OLX_T27" name="navigateToclearAndSearch" time="10.418"/>
  <testcase classname="com.olp.testcases.OLP_OLX_T27" name="navigateToPersonalCardOfTrainee" time="3.688"/>
  <testcase classname="com.olp.testcases.OLP_OLX_T27" name="navigateToShowSearchResult" time="8.919"/>
  <testcase classname="com.olp.testcases.OLP_OLX_T27" name="validatePagination" time="1.006"/>
  <testcase classname="com.olp.testcases.OLP_OLX_T27" name="validateAscendingSorting" time="21.825"/>
  <testcase classname="com.olp.testcases.OLP_OLX_T27" name="validateDescendingSorting" time="21.220"/>
  <testcase classname="com.olp.testcases.OLP_OLX_T27" name="validateRandomSorting" time="21.458"/>
  <testcase classname="com.olp.testcases.OLP_OLX_T27" name="validateToLastPage" time="4.030"/>
  <testcase classname="com.olp.testcases.OLP_OLX_T27" name="navigateToFirstPage" time="4.042"/>
  <testcase classname="com.olp.testcases.OLP_OLX_T27" name="validateNextPageButton" time="3.173"/>
  <testcase classname="com.olp.testcases.OLP_OLX_T27" name="validatePreviousPageButton" time="5.289"/>
  <testcase classname="com.olp.testcases.OLP_OLX_T27" name="navigateToPage3" time="5.735"/>
  <testcase classname="com.olp.testcases.OLP_OLX_T27" name="navigateToPage4" time="5.767"/>
  <testcase classname="com.olp.testcases.OLP_OLX_T27" name="navigateToPage5" time="5.426"/>
  <testcase classname="com.olp.testcases.OLP_OLX_T27" name="searchResultsOfTrainee" time="17.085"/>
  <testcase classname="com.olp.testcases.OLP_OLX_T27" name="switchToDiffferentTrainee" time="8.236"/>
</testsuite> <!-- com.olp.testcases.OLP_OLX_T27 -->
