<?xml version="1.0" encoding="UTF-8"?>
<!-- Generated by org.testng.reporters.JUnitReportReporter -->
<testsuite hostname="Ashish" failures="0" tests="1" name="com.oap.assessment.OAP_AssessmentCESdetailed_Workflow" time="0.544" errors="0" timestamp="2024-02-29T15:36:22 IST" skipped="0">
  <testcase classname="com.oap.assessment.OAP_AssessmentCESdetailed_Workflow" name="TC01_NavigateToOAPlogo" time="0.544"/>
</testsuite> <!-- com.oap.assessment.OAP_AssessmentCESdetailed_Workflow -->
