<?xml version="1.0" encoding="UTF-8"?>
<!-- Generated by org.testng.reporters.JUnitReportReporter -->
<testsuite hostname="DESKTOP-268PN8R" failures="0" tests="2" name="com.olp.p_card.OLP_R2_OLX_T157PCardEditDisable" time="11.688" errors="0" timestamp="2023-10-10T23:55:39 IST" skipped="0">
  <testcase classname="com.olp.p_card.OLP_R2_OLX_T157PCardEditDisable" name="TC01_navigateToPersonalCard" time="11.027"/>
  <testcase classname="com.olp.p_card.OLP_R2_OLX_T157PCardEditDisable" name="TC02_ValidateAutomaticScheduleStartDisabled" time="0.661"/>
</testsuite> <!-- com.olp.p_card.OLP_R2_OLX_T157PCardEditDisable -->
