<?xml version="1.0" encoding="UTF-8"?>
<!-- Generated by org.testng.reporters.JUnitReportReporter -->
<testsuite hostname="DESKTOP-268PN8R" failures="0" tests="2" name="com.olp.p_card.OLP_R2_OLX_T425PCardEditDisable" time="8.862" errors="0" timestamp="2023-10-10T23:52:06 IST" skipped="0">
  <testcase classname="com.olp.p_card.OLP_R2_OLX_T425PCardEditDisable" name="TC01_navigateToPersonalCard" time="8.187"/>
  <testcase classname="com.olp.p_card.OLP_R2_OLX_T425PCardEditDisable" name="TC02_ValidateStatusDisabled" time="0.675"/>
</testsuite> <!-- com.olp.p_card.OLP_R2_OLX_T425PCardEditDisable -->
