<?xml version="1.0" encoding="UTF-8"?>
<!-- Generated by org.testng.reporters.JUnitReportReporter -->
<testsuite hostname="DESKTOP-0CLJ4FS" failures="0" tests="3" name="com.olp.records_elearning.OLP2L_RC3_OLX_T198" time="9.639" errors="0" timestamp="2023-10-20T13:18:40 IST" skipped="0">
  <testcase classname="com.olp.records_elearning.OLP2L_RC3_OLX_T198" name="TC01_navigateToPersonalCard" time="5.988"/>
  <testcase classname="com.olp.records_elearning.OLP2L_RC3_OLX_T198" name="TC02_NavigateToRecordsTab" time="2.420"/>
  <testcase classname="com.olp.records_elearning.OLP2L_RC3_OLX_T198" name="TC03_NavigateToElearning" time="1.231"/>
</testsuite> <!-- com.olp.records_elearning.OLP2L_RC3_OLX_T198 -->
