<?xml version="1.0" encoding="UTF-8"?>
<!-- Generated by org.testng.reporters.JUnitReportReporter -->
<testsuite hostname="LAPTOP-24ESH4RE" failures="0" tests="2" name="com.compass.testcases.SP102_CMP18084" time="12.394" errors="0" timestamp="2023-06-16T12:16:33 IST" skipped="0">
  <testcase classname="com.compass.testcases.SP102_CMP18084" name="loginToStage" time="4.367"/>
  <system-out/>
  <testcase classname="com.compass.testcases.SP102_CMP18084" name="VerifyNavigationtoSystem" time="8.027"/>
  <system-out/>
</testsuite> <!-- com.compass.testcases.SP102_CMP18084 -->
