<?xml version="1.0" encoding="UTF-8"?>
<!-- Generated by org.testng.reporters.JUnitReportReporter -->
<testsuite hostname="Arun" failures="0" tests="3" name="com.compass.testcases.SP96_CMP15607" time="125.036" errors="0" timestamp="2023-04-21T13:38:50 IST" skipped="0">
  <testcase classname="com.compass.testcases.SP96_CMP15607" name="loginToOnboarding" time="29.862"/>
  <system-out/>
  <testcase classname="com.compass.testcases.SP96_CMP15607" name="TC_02_navigateToCrewprofile" time="85.213"/>
  <system-out/>
  <testcase classname="com.compass.testcases.SP96_CMP15607" name="TC_03_uploadDocumentArchivix" time="9.961"/>
  <system-out/>
</testsuite> <!-- com.compass.testcases.SP96_CMP15607 -->
