<?xml version="1.0" encoding="UTF-8"?>
<!-- Generated by org.testng.reporters.JUnitReportReporter -->
<testsuite hostname="DESKTOP-268PN8R" failures="0" tests="13" name="com.olp.personnelview.OLP_R1_OLX_T1110" time="40.141" errors="0" timestamp="2023-08-14T14:56:25 IST" skipped="0">
  <testcase classname="com.olp.personnelview.OLP_R1_OLX_T1110" name="TC01_navigateToSearchForPersonnel" time="7.155"/>
  <testcase classname="com.olp.personnelview.OLP_R1_OLX_T1110" name="TC02_navigateToAdvanceSearch" time="1.147"/>
  <testcase classname="com.olp.personnelview.OLP_R1_OLX_T1110" name="TC03_SearchPendingProficiencies1" time="5.346"/>
  <testcase classname="com.olp.personnelview.OLP_R1_OLX_T1110" name="TC04_ValidatePendingProficiencies1" time="1.257"/>
  <testcase classname="com.olp.personnelview.OLP_R1_OLX_T1110" name="TC05_SearchPendingProficiencies2" time="4.238"/>
  <testcase classname="com.olp.personnelview.OLP_R1_OLX_T1110" name="TC06_ValidatePendingProficiencies2" time="2.488"/>
  <testcase classname="com.olp.personnelview.OLP_R1_OLX_T1110" name="TC07_SearchPendingProficiencies3" time="3.835"/>
  <testcase classname="com.olp.personnelview.OLP_R1_OLX_T1110" name="TC08_ValidatePendingProficiencies3" time="0.935"/>
  <testcase classname="com.olp.personnelview.OLP_R1_OLX_T1110" name="TC09_SearchPendingProficiencies4" time="4.204"/>
  <testcase classname="com.olp.personnelview.OLP_R1_OLX_T1110" name="TC10_ValidatePendingProficiencies4" time="1.337"/>
  <testcase classname="com.olp.personnelview.OLP_R1_OLX_T1110" name="TC11_SearchPendingProficiencies5" time="4.582"/>
  <testcase classname="com.olp.personnelview.OLP_R1_OLX_T1110" name="TC12_ValidatePendingProficiencies1" time="1.230"/>
  <testcase classname="com.olp.personnelview.OLP_R1_OLX_T1110" name="TC13_SearchPendingProficienciesWithNoResults" time="2.387"/>
</testsuite> <!-- com.olp.personnelview.OLP_R1_OLX_T1110 -->
