<?xml version="1.0" encoding="UTF-8"?>
<!-- Generated by org.testng.reporters.JUnitReportReporter -->
<testsuite hostname="DESKTOP-0CLJ4FS" failures="0" tests="7" name="com.olp.records_elearning.OLP2L_RC3_OLX_T313" time="42.431" errors="0" timestamp="2023-10-31T12:46:53 IST" skipped="0">
  <testcase classname="com.olp.records_elearning.OLP2L_RC3_OLX_T313" name="TC01_navigateToPersonalCard" time="11.222"/>
  <testcase classname="com.olp.records_elearning.OLP2L_RC3_OLX_T313" name="TC02_NavigateToRecordsTab" time="4.803"/>
  <testcase classname="com.olp.records_elearning.OLP2L_RC3_OLX_T313" name="TC03_ValidateToSessionDetailsOfElearningInProgress" time="9.549"/>
  <testcase classname="com.olp.records_elearning.OLP2L_RC3_OLX_T313" name="TC04_ValidateAlongWithButtons" time="1.245"/>
  <testcase classname="com.olp.records_elearning.OLP2L_RC3_OLX_T313" name="TC05_ValidateToSessionDetailsOfElearningInProgressForX" time="9.471"/>
  <testcase classname="com.olp.records_elearning.OLP2L_RC3_OLX_T313" name="TC06_ValidateAlongWithButtonsForX" time="1.257"/>
  <testcase classname="com.olp.records_elearning.OLP2L_RC3_OLX_T313" name="TC07_NavigateXButton" time="4.884"/>
</testsuite> <!-- com.olp.records_elearning.OLP2L_RC3_OLX_T313 -->
