<?xml version="1.0" encoding="UTF-8"?>
<!-- Generated by org.testng.reporters.JUnitReportReporter -->
<testsuite hostname="LAPTOP-24ESH4RE" failures="0" tests="13" name="com.compass.testcases.OLP2L" time="551.543" errors="0" timestamp="2023-07-06T14:51:46 IST" skipped="0">
  <testcase classname="com.compass.testcases.OLP2L" name="loginToVessel" time="10.471"/>
  <testcase classname="com.compass.testcases.OLP2L" name="hoverToSearchForPersonnel" time="3.325"/>
  <testcase classname="com.compass.testcases.OLP2L" name="navigateToSearchForPersonnel" time="6.535"/>
  <testcase classname="com.compass.testcases.OLP2L" name="loginToMainOffice" time="38.566"/>
  <testcase classname="com.compass.testcases.OLP2L" name="navigateToConfiguration" time="2.781"/>
  <testcase classname="com.compass.testcases.OLP2L" name="navigateToSecurityGroups" time="2.602"/>
  <testcase classname="com.compass.testcases.OLP2L" name="navigateToMainOffice" time="1.958"/>
  <testcase classname="com.compass.testcases.OLP2L" name="disableExportingSearchResults" time="21.068"/>
  <testcase classname="com.compass.testcases.OLP2L" name="navigationToExportExchange1" time="134.615"/>
  <testcase classname="com.compass.testcases.OLP2L" name="navigationToExportExchange2" time="169.539"/>
  <testcase classname="com.compass.testcases.OLP2L" name="loginToMainOldVessel" time="53.969"/>
  <testcase classname="com.compass.testcases.OLP2L" name="navigationToImport" time="68.079"/>
  <testcase classname="com.compass.testcases.OLP2L" name="validateExportButton" time="38.035"/>
</testsuite> <!-- com.compass.testcases.OLP2L -->
