<?xml version="1.0" encoding="UTF-8"?>
<!-- Generated by org.testng.reporters.JUnitReportReporter -->
<testsuite hostname="DESKTOP-0CLJ4FS" failures="0" tests="2" name="com.olp.records_elearning.OLP2L_RC3_OLX_T342" time="17.198" errors="0" timestamp="2023-11-01T15:53:53 IST" skipped="0">
  <testcase classname="com.olp.records_elearning.OLP2L_RC3_OLX_T342" name="TC01_NavigateToPersonalcardOfTrainee" time="12.393"/>
  <testcase classname="com.olp.records_elearning.OLP2L_RC3_OLX_T342" name="TC02_NavigateToRecordsTab" time="4.805"/>
</testsuite> <!-- com.olp.records_elearning.OLP2L_RC3_OLX_T342 -->
