<?xml version="1.0" encoding="UTF-8"?>
<!-- Generated by org.testng.reporters.JUnitReportReporter -->
<testsuite hostname="DESKTOP-268PN8R" failures="0" tests="2" name="com.olp.schedule.OLP_R1_OLX_T1551" time="16.725" errors="0" timestamp="2023-09-12T22:38:26 IST" skipped="0">
  <testcase classname="com.olp.schedule.OLP_R1_OLX_T1551" name="TC01_navigateToPersonalCard" time="10.184"/>
  <testcase classname="com.olp.schedule.OLP_R1_OLX_T1551" name="TC02_navigateToSchedule" time="6.541"/>
</testsuite> <!-- com.olp.schedule.OLP_R1_OLX_T1551 -->
