<?xml version="1.0" encoding="UTF-8"?>
<!-- Generated by org.testng.reporters.JUnitReportReporter -->
<testsuite hostname="BIPLP040" failures="0" tests="4" name="com.compass.testcases.SP93_CMP14526" time="31.038" errors="0" timestamp="2023-03-26T17:11:12 IST" skipped="0">
  <testcase classname="com.compass.testcases.SP93_CMP14526" name="TC_01_VerifyNavigationToBudgetList" time="26.464"/>
  <system-out/>
  <testcase classname="com.compass.testcases.SP93_CMP14526" name="TC_02_VerifyCrewComplementCurrencyTab" time="0.581"/>
  <system-out/>
  <testcase classname="com.compass.testcases.SP93_CMP14526" name="TC_03_VerifyWageElementsTab" time="0.961"/>
  <system-out/>
  <testcase classname="com.compass.testcases.SP93_CMP14526" name="TC_04_VerifyCostElementsTab" time="3.032"/>
  <system-out/>
</testsuite> <!-- com.compass.testcases.SP93_CMP14526 -->
