<?xml version="1.0" encoding="UTF-8"?>
<!-- Generated by org.testng.reporters.JUnitReportReporter -->
<testsuite hostname="DESKTOP-0CLJ4FS" failures="0" tests="2" name="com.olp.records_elearning.OLP2L_RC3_OLX_T336" time="14.594" errors="0" timestamp="2023-10-27T15:49:56 IST" skipped="0">
  <testcase classname="com.olp.records_elearning.OLP2L_RC3_OLX_T336" name="TC01_navigateToPersonalCard" time="9.757"/>
  <testcase classname="com.olp.records_elearning.OLP2L_RC3_OLX_T336" name="TC02_NavigateToRecordsTab" time="4.837"/>
</testsuite> <!-- com.olp.records_elearning.OLP2L_RC3_OLX_T336 -->
