<?xml version="1.0" encoding="UTF-8"?>
<!-- Generated by org.testng.reporters.JUnitReportReporter -->
<testsuite hostname="BIPLP040" failures="0" tests="2" name="com.compass.testcases.SP95_CMP15498" time="21.757" errors="0" timestamp="2023-03-26T17:11:12 IST" skipped="0">
  <testcase classname="com.compass.testcases.SP95_CMP15498" name="TC01_navigating_To_CrewProfile" time="5.518"/>
  <system-out/>
  <testcase classname="com.compass.testcases.SP95_CMP15498" name="TC02_navigating_Payroll_Reports" time="16.239"/>
  <system-out/>
</testsuite> <!-- com.compass.testcases.SP95_CMP15498 -->
