<?xml version="1.0" encoding="UTF-8"?>
<!-- Generated by org.testng.reporters.JUnitReportReporter -->
<testsuite hostname="Arun" failures="0" tests="6" name="com.compass.testcases.SP96_CMP16092" time="64.025" errors="0" timestamp="2023-04-21T13:38:50 IST" skipped="0">
  <testcase classname="com.compass.testcases.SP96_CMP16092" name="TC_01_loginToOnboarding" time="31.086"/>
  <system-out/>
  <testcase classname="com.compass.testcases.SP96_CMP16092" name="TC_02_navigateToClaims" time="2.631"/>
  <system-out/>
  <testcase classname="com.compass.testcases.SP96_CMP16092" name="TC_03_addClaimwithClaimDetails" time="9.244"/>
  <system-out/>
  <testcase classname="com.compass.testcases.SP96_CMP16092" name="TC_04_editClaimwithClaimDetails" time="3.746"/>
  <system-out/>
  <testcase classname="com.compass.testcases.SP96_CMP16092" name="TC_05_deleteClaimwithClaimDetails" time="1.648"/>
  <system-out/>
  <testcase classname="com.compass.testcases.SP96_CMP16092" name="TC_06_reEditClaimwithClaimDetails" time="15.670"/>
  <system-out/>
</testsuite> <!-- com.compass.testcases.SP96_CMP16092 -->
