<?xml version="1.0" encoding="UTF-8"?>
<!-- Generated by org.testng.reporters.JUnitReportReporter -->
<testsuite hostname="DESKTOP-268PN8R" failures="0" tests="2" name="com.olp.p_card.OLP_R2_OLX_T138PCardEditDisable" time="8.581" errors="0" timestamp="2023-10-10T11:45:42 IST" skipped="0">
  <testcase classname="com.olp.p_card.OLP_R2_OLX_T138PCardEditDisable" name="TC01_navigateToPersonalCard" time="7.394"/>
  <testcase classname="com.olp.p_card.OLP_R2_OLX_T138PCardEditDisable" name="TC02_ValidatePersonAddedUpdatedRecordNotEditable" time="1.187"/>
</testsuite> <!-- com.olp.p_card.OLP_R2_OLX_T138PCardEditDisable -->
