<?xml version="1.0" encoding="UTF-8"?>
<!-- Generated by org.testng.reporters.JUnitReportReporter -->
<testsuite hostname="LAPTOP-24ESH4RE" failures="0" tests="13" name="com.olp.testcases.SP1_OLX_T415" time="752.023" errors="0" timestamp="2023-07-20T00:09:14 IST" skipped="0">
  <testcase classname="com.olp.testcases.SP1_OLX_T415" name="loginToGCCDashboard" time="43.028"/>
  <testcase classname="com.olp.testcases.SP1_OLX_T415" name="navigateToApplicationModules" time="5.781"/>
  <testcase classname="com.olp.testcases.SP1_OLX_T415" name="deselectPPRO" time="2.433"/>
  <testcase classname="com.olp.testcases.SP1_OLX_T415" name="waitForSynchronization" time="18.474"/>
  <testcase classname="com.olp.testcases.SP1_OLX_T415" name="dataExchangePPRODisabled" time="278.724"/>
  <testcase classname="com.olp.testcases.SP1_OLX_T415" name="loginToVessel1" time="23.389"/>
  <testcase classname="com.olp.testcases.SP1_OLX_T415" name="navigateToShowAdvanceSearch1" time="8.678"/>
  <testcase classname="com.olp.testcases.SP1_OLX_T415" name="validatePerformanceEvaluationsPresent" time="2.097"/>
  <testcase classname="com.olp.testcases.SP1_OLX_T415" name="navigateToselectPPRO" time="78.434"/>
  <testcase classname="com.olp.testcases.SP1_OLX_T415" name="dataExchangePPROenabled" time="248.460"/>
  <testcase classname="com.olp.testcases.SP1_OLX_T415" name="loginToVessel2" time="31.550"/>
  <testcase classname="com.olp.testcases.SP1_OLX_T415" name="navigateToShowAdvanceSearch" time="8.659"/>
  <testcase classname="com.olp.testcases.SP1_OLX_T415" name="validatePerformanceEvaluationsNotPresent" time="2.316"/>
</testsuite> <!-- com.olp.testcases.SP1_OLX_T415 -->
