<?xml version="1.0" encoding="UTF-8"?>
<!-- Generated by org.testng.reporters.JUnitReportReporter -->
<testsuite hostname="DESKTOP-268PN8R" failures="0" tests="24" name="com.olp.schedule.OLP_R1_OLX_T51_332_1548_1549" time="74.300" errors="0" timestamp="2023-09-12T22:38:26 IST" skipped="0">
  <testcase classname="com.olp.schedule.OLP_R1_OLX_T51_332_1548_1549" name="TC01_navigateToAPersonalCard" time="8.177"/>
  <testcase classname="com.olp.schedule.OLP_R1_OLX_T51_332_1548_1549" name="TC02_navigateToSchedule" time="1.829"/>
  <testcase classname="com.olp.schedule.OLP_R1_OLX_T51_332_1548_1549" name="TC03_navigateTo_IndividualRequirements" time="4.532"/>
  <testcase classname="com.olp.schedule.OLP_R1_OLX_T51_332_1548_1549" name="TC04_ValidatePopup" time="1.101"/>
  <testcase classname="com.olp.schedule.OLP_R1_OLX_T51_332_1548_1549" name="TC05_ValidateTestType" time="3.356"/>
  <testcase classname="com.olp.schedule.OLP_R1_OLX_T51_332_1548_1549" name="TC06_NavigateToScheduleTest" time="1.428"/>
  <testcase classname="com.olp.schedule.OLP_R1_OLX_T51_332_1548_1549" name="TC07_ValidateSendScheduleTest" time="3.258"/>
  <testcase classname="com.olp.schedule.OLP_R1_OLX_T51_332_1548_1549" name="TC08_ValidateGridAfterSchedule" time="7.040"/>
  <testcase classname="com.olp.schedule.OLP_R1_OLX_T51_332_1548_1549" name="TC09_ValidateTestType" time="3.393"/>
  <testcase classname="com.olp.schedule.OLP_R1_OLX_T51_332_1548_1549" name="TC10_ValidateDepartmentCombo" time="1.619"/>
  <testcase classname="com.olp.schedule.OLP_R1_OLX_T51_332_1548_1549" name="TC11_ValidateLevelCombo" time="0.912"/>
  <testcase classname="com.olp.schedule.OLP_R1_OLX_T51_332_1548_1549" name="TC12_ValidateDepartmentComboDeck" time="2.265"/>
  <testcase classname="com.olp.schedule.OLP_R1_OLX_T51_332_1548_1549" name="TC13_ValidateDepartmentDeckScheduleButton" time="1.323"/>
  <testcase classname="com.olp.schedule.OLP_R1_OLX_T51_332_1548_1549" name="TC14_ValidateDepartmentComboEngine" time="1.912"/>
  <testcase classname="com.olp.schedule.OLP_R1_OLX_T51_332_1548_1549" name="TC15_ValidateDepartmentEngineScheduleButton" time="0.878"/>
  <testcase classname="com.olp.schedule.OLP_R1_OLX_T51_332_1548_1549" name="TC16_NavigateToScheduleTest" time="1.278"/>
  <testcase classname="com.olp.schedule.OLP_R1_OLX_T51_332_1548_1549" name="TC17_ValidateDepartmentScheduleButton" time="1.103"/>
  <testcase classname="com.olp.schedule.OLP_R1_OLX_T51_332_1548_1549" name="TC18_ValidateGridAfterSchedule" time="7.795"/>
  <testcase classname="com.olp.schedule.OLP_R1_OLX_T51_332_1548_1549" name="TC19_ValidateTestType" time="7.012"/>
  <testcase classname="com.olp.schedule.OLP_R1_OLX_T51_332_1548_1549" name="TC20_ValidateScheduleDetailed" time="1.151"/>
  <testcase classname="com.olp.schedule.OLP_R1_OLX_T51_332_1548_1549" name="TC21_ValidateErrorMessages" time="8.694"/>
  <testcase classname="com.olp.schedule.OLP_R1_OLX_T51_332_1548_1549" name="TC22_ValidateDatesEditableOrNot" time="1.606"/>
  <testcase classname="com.olp.schedule.OLP_R1_OLX_T51_332_1548_1549" name="TC23_ValidateDateError" time="1.145"/>
  <testcase classname="com.olp.schedule.OLP_R1_OLX_T51_332_1548_1549" name="TC24_ValidateDate" time="1.493"/>
</testsuite> <!-- com.olp.schedule.OLP_R1_OLX_T51_332_1548_1549 -->
