<?xml version="1.0" encoding="UTF-8"?>
<!-- Generated by org.testng.reporters.JUnitReportReporter -->
<testsuite hostname="LAPTOP-24ESH4RE" failures="0" tests="14" name="com.compass.testcases.SP100_CMP15742" time="89.772" errors="0" timestamp="2023-06-07T10:48:41 IST" skipped="0">
  <testcase classname="com.compass.testcases.SP100_CMP15742" name="loginToStage" time="6.764"/>
  <system-out/>
  <testcase classname="com.compass.testcases.SP100_CMP15742" name="VerifyNavigationtoSystem" time="4.213"/>
  <system-out/>
  <testcase classname="com.compass.testcases.SP100_CMP15742" name="VerifyNavigationtoInfinityConfigurationagPage" time="9.559"/>
  <system-out/>
  <testcase classname="com.compass.testcases.SP100_CMP15742" name="hatchUsernameURLStatusAddedbyandEditedbyaredisplayed" time="0.766"/>
  <system-out/>
  <testcase classname="com.compass.testcases.SP100_CMP15742" name="verifyStatusDDLisDisplayed" time="0.598"/>
  <system-out/>
  <testcase classname="com.compass.testcases.SP100_CMP15742" name="verifyaddIconButtonWorkingProperly" time="1.087"/>
  <system-out/>
  <testcase classname="com.compass.testcases.SP100_CMP15742" name="verifyMainSectionAndVesselAppliacbiltySectionIsDisplayed" time="6.522"/>
  <system-out/>
  <testcase classname="com.compass.testcases.SP100_CMP15742" name="VerifyMainSectionAllFieldsAreDisplayed" time="0.471"/>
  <system-out/>
  <testcase classname="com.compass.testcases.SP100_CMP15742" name="verifyMainSectionUserNameTextField" time="0.445"/>
  <system-out/>
  <testcase classname="com.compass.testcases.SP100_CMP15742" name="verifyMainSectionPasswordTextField" time="0.476"/>
  <system-out/>
  <testcase classname="com.compass.testcases.SP100_CMP15742" name="verifyMainSectionUrlTextField" time="0.411"/>
  <system-out/>
  <testcase classname="com.compass.testcases.SP100_CMP15742" name="verifyMainSectionIsActiveTextField" time="2.319"/>
  <system-out/>
  <testcase classname="com.compass.testcases.SP100_CMP15742" name="verifyIfUserEnterInvalidURLandclickOnSavebutton" time="12.353"/>
  <system-out/>
  <testcase classname="com.compass.testcases.SP100_CMP15742" name="verifyURLtextboxvalidation" time="43.788"/>
  <system-out/>
</testsuite> <!-- com.compass.testcases.SP100_CMP15742 -->
