<?xml version="1.0" encoding="UTF-8"?>
<!-- Generated by org.testng.reporters.JUnitReportReporter -->
<testsuite hostname="DESKTOP-268PN8R" failures="0" tests="4" name="com.olp.p_view.OLP_R1_OLX_T691" time="21.252" errors="0" timestamp="2023-09-12T22:38:26 IST" skipped="0">
  <testcase classname="com.olp.p_view.OLP_R1_OLX_T691" name="TC01_ExpandAdvanceSearch" time="2.530"/>
  <testcase classname="com.olp.p_view.OLP_R1_OLX_T691" name="TC02_SearchMaster" time="7.252"/>
  <testcase classname="com.olp.p_view.OLP_R1_OLX_T691" name="TC03_ValidatePersonnelRanksAreMaster" time="6.123"/>
  <testcase classname="com.olp.p_view.OLP_R1_OLX_T691" name="TC04_ValidatePersonnelStatusRanks" time="5.347"/>
</testsuite> <!-- com.olp.p_view.OLP_R1_OLX_T691 -->
