<?xml version="1.0" encoding="UTF-8"?>
<!-- Generated by org.testng.reporters.JUnitReportReporter -->
<testsuite hostname="DESKTOP-268PN8R" failures="0" tests="19" name="com.olp.personnelview.OLP_R1_OLX_T26" time="134.923" errors="0" timestamp="2023-08-10T13:32:10 IST" skipped="0">
  <testcase classname="com.olp.personnelview.OLP_R1_OLX_T26" name="loginToVessel" time="9.307"/>
  <testcase classname="com.olp.personnelview.OLP_R1_OLX_T26" name="navigateToClearAndSearch" time="22.463"/>
  <testcase classname="com.olp.personnelview.OLP_R1_OLX_T26" name="validatePresenceOfexport" time="0.403"/>
  <testcase classname="com.olp.personnelview.OLP_R1_OLX_T26" name="navigateTOExportPopup" time="0.847"/>
  <testcase classname="com.olp.personnelview.OLP_R1_OLX_T26" name="validateSelectColumnsDDL" time="1.127"/>
  <testcase classname="com.olp.personnelview.OLP_R1_OLX_T26" name="validateUncheckAllDDL" time="0.580"/>
  <testcase classname="com.olp.personnelview.OLP_R1_OLX_T26" name="validateCheckSomeInDDL" time="0.358"/>
  <testcase classname="com.olp.personnelview.OLP_R1_OLX_T26" name="validateUnCheckSomeInDDL" time="2.403"/>
  <testcase classname="com.olp.personnelview.OLP_R1_OLX_T26" name="validateCheckLastUnselected_AllChecked" time="1.512"/>
  <testcase classname="com.olp.personnelview.OLP_R1_OLX_T26" name="navigateToExportAll" time="10.274"/>
  <testcase classname="com.olp.personnelview.OLP_R1_OLX_T26" name="validateColumnsInExcel" time="10.827"/>
  <testcase classname="com.olp.personnelview.OLP_R1_OLX_T26" name="validatePercentageColumnInExcel" time="10.107"/>
  <testcase classname="com.olp.personnelview.OLP_R1_OLX_T26" name="navigateToNonSelectedExport" time="1.482"/>
  <testcase classname="com.olp.personnelview.OLP_R1_OLX_T26" name="navigateToSelectSomeAndExport" time="11.211"/>
  <testcase classname="com.olp.personnelview.OLP_R1_OLX_T26" name="validateSomeColumnsInExcel" time="10.070"/>
  <testcase classname="com.olp.personnelview.OLP_R1_OLX_T26" name="navigateToselectRandomAndExport" time="11.317"/>
  <testcase classname="com.olp.personnelview.OLP_R1_OLX_T26" name="validateSelctedColumnsForRandom" time="10.080"/>
  <testcase classname="com.olp.personnelview.OLP_R1_OLX_T26" name="navigateToblankExcelExport" time="10.526"/>
  <testcase classname="com.olp.personnelview.OLP_R1_OLX_T26" name="validateBlankExcel" time="10.029"/>
</testsuite> <!-- com.olp.personnelview.OLP_R1_OLX_T26 -->
