<?xml version="1.0" encoding="UTF-8"?>
<!-- Generated by org.testng.reporters.JUnitReportReporter -->
<testsuite hostname="DESKTOP-268PN8R" failures="0" tests="7" name="com.olp.personnelview.OLP_R1_OLX_T13" time="28.265" errors="0" timestamp="2023-08-14T15:42:33 IST" skipped="0">
  <testcase classname="com.olp.personnelview.OLP_R1_OLX_T13" name="TC01_ExpandAdvanceSearch" time="10.070"/>
  <testcase classname="com.olp.personnelview.OLP_R1_OLX_T13" name="TC23_ManagedByValidation" time="0.470"/>
  <testcase classname="com.olp.personnelview.OLP_R1_OLX_T13" name="TC24_ManagedByComboValidation" time="0.899"/>
  <testcase classname="com.olp.personnelview.OLP_R1_OLX_T13" name="TC25_ShowPersonnelOnlyValidation" time="0.333"/>
  <testcase classname="com.olp.personnelview.OLP_R1_OLX_T13" name="TC26_ShowPersonnelOnlyComboValidation" time="4.224"/>
  <testcase classname="com.olp.personnelview.OLP_R1_OLX_T13" name="TC27_ValidateCheckUncheckAllShowPersonnelOnly" time="5.634"/>
  <testcase classname="com.olp.personnelview.OLP_R1_OLX_T13" name="TC28_ValidateCheckLastUncheckedAllShowpersonnelOnly" time="6.635"/>
</testsuite> <!-- com.olp.personnelview.OLP_R1_OLX_T13 -->
