<?xml version="1.0" encoding="UTF-8"?>
<!-- Generated by org.testng.reporters.JUnitReportReporter -->
<testsuite hostname="DESKTOP-268PN8R" failures="0" tests="17" name="com.olp.p_view.OLP_R1_OLX_T453" time="114.318" errors="0" timestamp="2023-09-12T22:38:26 IST" skipped="0">
  <testcase classname="com.olp.p_view.OLP_R1_OLX_T453" name="TC01_NavigateToShowAdvanceSearch" time="12.266"/>
  <testcase classname="com.olp.p_view.OLP_R1_OLX_T453" name="TC02_SelectPersonnelHavingResultsFromASCCombo" time="10.209"/>
  <testcase classname="com.olp.p_view.OLP_R1_OLX_T453" name="TC03_SelectASCPersonnelHavingResultsFrom" time="5.796"/>
  <testcase classname="com.olp.p_view.OLP_R1_OLX_T453" name="TC04_SelectNoASCInASCCombo" time="1.807"/>
  <testcase classname="com.olp.p_view.OLP_R1_OLX_T453" name="TC05_NavigateToSearchInASCWithNoASC" time="7.778"/>
  <testcase classname="com.olp.p_view.OLP_R1_OLX_T453" name="selectPromotionQueryInASC" time="6.084"/>
  <testcase classname="com.olp.p_view.OLP_R1_OLX_T453" name="TC07_NavigateToSearchWithPromotionQueryInASCCombo" time="18.386"/>
  <testcase classname="com.olp.p_view.OLP_R1_OLX_T453" name="TC08_SelectPerfomanceEvaluationInASCCombo" time="4.330"/>
  <testcase classname="com.olp.p_view.OLP_R1_OLX_T453" name="TC09_SelectPerfomanceEvaluationInASCCombo" time="5.787"/>
  <testcase classname="com.olp.p_view.OLP_R1_OLX_T453" name="TC10_SelectPerfomanceEvaluationInASCComboWith2ndCheckbox" time="1.609"/>
  <testcase classname="com.olp.p_view.OLP_R1_OLX_T453" name="TC11_NavigateToSearchPerfomanceEvaluationInASCComboWith2ndCheckbox" time="5.662"/>
  <testcase classname="com.olp.p_view.OLP_R1_OLX_T453" name="TC12_SelectPersonnelAddedBetweenInASCComboAndInDateRangeSelectLastmonth" time="6.454"/>
  <testcase classname="com.olp.p_view.OLP_R1_OLX_T453" name="TC13_NavigateToSearchPersonnelAddedBetweenInASCComboAndInDateRangeSelectLastmonth" time="3.668"/>
  <testcase classname="com.olp.p_view.OLP_R1_OLX_T453" name="TC14_SelectPersonnelModifiedBetweenInASCComboAndInDateRangeSelectLastMonth" time="8.601"/>
  <testcase classname="com.olp.p_view.OLP_R1_OLX_T453" name="TC15_NavigateToSearchPersonnelModifiedBetweenInASCComboAndInDateRangeSelectLastMonth" time="3.715"/>
  <testcase classname="com.olp.p_view.OLP_R1_OLX_T453" name="TC16_SelectPersonnelWithNoResultsBetweenInASCComboAndInDateRangeSelectLastMonth" time="8.435"/>
  <testcase classname="com.olp.p_view.OLP_R1_OLX_T453" name="TC17_NavigateToSearchPersonnelWithNoResultsBetweenInASCComboAndInDateRangeSelectLastMonth" time="3.731"/>
</testsuite> <!-- com.olp.p_view.OLP_R1_OLX_T453 -->
