<?xml version="1.0" encoding="UTF-8"?>
<!-- Generated by org.testng.reporters.JUnitReportReporter -->
<testsuite hostname="BIPLP040" failures="0" tests="1" name="com.compass.testcases.SP94_CMP14792" time="73.034" errors="0" timestamp="2023-03-26T17:11:12 IST" skipped="0">
  <testcase classname="com.compass.testcases.SP94_CMP14792" name="Tc01_AddNewFilterCloneCBARevision" time="73.034"/>
  <system-out/>
</testsuite> <!-- com.compass.testcases.SP94_CMP14792 -->
