<?xml version="1.0" encoding="UTF-8"?>
<!-- Generated by org.testng.reporters.JUnitReportReporter -->
<testsuite hostname="Arun" failures="0" tests="6" name="com.compass.testcases.SP96_CMP15488" time="27.310" errors="0" timestamp="2023-05-05T10:15:00 IST" skipped="0">
  <testcase classname="com.compass.testcases.SP96_CMP15488" name="TC_01_loginToOnboarding" time="21.387"/>
  <system-out/>
  <testcase classname="com.compass.testcases.SP96_CMP15488" name="TC_02_navigateToClaims" time="3.196"/>
  <system-out/>
  <testcase classname="com.compass.testcases.SP96_CMP15488" name="TC_03_addClaimwithClaimDetails" time="2.623"/>
  <system-out/>
  <testcase classname="com.compass.testcases.SP96_CMP15488" name="TC_04_editClaimwithClaimDetails" time="0.031"/>
  <system-out/>
  <testcase classname="com.compass.testcases.SP96_CMP15488" name="TC_05_UploadDocument" time="0.034"/>
  <system-out/>
  <testcase classname="com.compass.testcases.SP96_CMP15488" name="TC_06_deleteClaimwithClaimDetails" time="0.039"/>
  <system-out/>
</testsuite> <!-- com.compass.testcases.SP96_CMP15488 -->
