<?xml version="1.0" encoding="UTF-8"?>
<!-- Generated by org.testng.reporters.JUnitReportReporter -->
<testsuite hostname="Arun" failures="0" tests="7" name="com.compass.testcases.SP97_CMP1383" time="209.696" errors="0" timestamp="2023-05-05T10:15:01 IST" skipped="0">
  <testcase classname="com.compass.testcases.SP97_CMP1383" name="TC_01_loginToStage" time="4.953"/>
  <system-out/>
  <testcase classname="com.compass.testcases.SP97_CMP1383" name="TC_02_VerifyNavigationtopromotablecandidates" time="13.867"/>
  <system-out/>
  <testcase classname="com.compass.testcases.SP97_CMP1383" name="TC_03_VerifyOLPisenabled" time="0.373"/>
  <system-out/>
  <testcase classname="com.compass.testcases.SP97_CMP1383" name="TC_04_VerifyNavigationtopromotions" time="50.855"/>
  <system-out/>
  <testcase classname="com.compass.testcases.SP97_CMP1383" name="TC_05_VerifyNavigationtostagepopup" time="50.405"/>
  <system-out/>
  <testcase classname="com.compass.testcases.SP97_CMP1383" name="TC_06_VerifyNavigationtoseagullpopup" time="68.700"/>
  <system-out/>
  <testcase classname="com.compass.testcases.SP97_CMP1383" name="TC_07_VerifyNavigationtoseagullpopupovercrew" time="20.543"/>
  <system-out/>
</testsuite> <!-- com.compass.testcases.SP97_CMP1383 -->
