<?xml version="1.0" encoding="UTF-8"?>
<!-- Generated by org.testng.reporters.JUnitReportReporter -->
<testsuite hostname="DESKTOP-0CLJ4FS" failures="0" tests="5" name="com.oap.assessment.OAP_Assessment_Questions" time="26.061" errors="0" timestamp="2024-01-09T14:14:11 IST" skipped="0">
  <testcase classname="com.oap.assessment.OAP_Assessment_Questions" name="TC01_NavigateToOAPlogo" time="0.418"/>
  <testcase classname="com.oap.assessment.OAP_Assessment_Questions" name="TC02_VerifyOAPMenubar" time="0.568"/>
  <testcase classname="com.oap.assessment.OAP_Assessment_Questions" name="TC03_NavigateToAssessmentPage" time="0.778"/>
  <testcase classname="com.oap.assessment.OAP_Assessment_Questions" name="TC04_FilterQuestionsAs4" time="9.928"/>
  <testcase classname="com.oap.assessment.OAP_Assessment_Questions" name="TC05_FilterQuestionsAs3" time="14.369"/>
</testsuite> <!-- com.oap.assessment.OAP_Assessment_Questions -->
