<?xml version="1.0" encoding="UTF-8"?>
<!-- Generated by org.testng.reporters.JUnitReportReporter -->
<testsuite hostname="DESKTOP-268PN8R" failures="0" tests="2" name="com.olp.p_card.OLP_R2_OLX_T181RestPCardDisable" time="6.428" errors="0" timestamp="2023-10-10T17:04:30 IST" skipped="0">
  <testcase classname="com.olp.p_card.OLP_R2_OLX_T181RestPCardDisable" name="TC01_navigateToPersonalCard" time="6.089"/>
  <testcase classname="com.olp.p_card.OLP_R2_OLX_T181RestPCardDisable" name="TC02_ValidateDefaultInstallation" time="0.339"/>
</testsuite> <!-- com.olp.p_card.OLP_R2_OLX_T181RestPCardDisable -->
