<?xml version="1.0" encoding="UTF-8"?>
<!-- Generated by org.testng.reporters.JUnitReportReporter -->
<testsuite hostname="Arun" failures="0" tests="3" name="com.compass.testcases.SP98_CMP15691" time="21.915" errors="0" timestamp="2023-04-26T18:26:08 IST" skipped="0">
  <testcase classname="com.compass.testcases.SP98_CMP15691" name="loginToCompasStage" time="11.566"/>
  <system-out/>
  <testcase classname="com.compass.testcases.SP98_CMP15691" name="addRemark" time="6.486"/>
  <system-out/>
  <testcase classname="com.compass.testcases.SP98_CMP15691" name="deleteRemark" time="3.863"/>
  <system-out/>
</testsuite> <!-- com.compass.testcases.SP98_CMP15691 -->
