<?xml version="1.0" encoding="UTF-8"?>
<!-- Generated by org.testng.reporters.JUnitReportReporter -->
<testsuite hostname="LAPTOP-24ESH4RE" failures="0" tests="5" name="com.compass.testcases.SP1_OLX_T324" time="30.494" errors="0" timestamp="2023-07-09T13:02:16 IST" skipped="0">
  <testcase classname="com.compass.testcases.SP1_OLX_T324" name="loginToVessel" time="19.407"/>
  <testcase classname="com.compass.testcases.SP1_OLX_T324" name="hoverToProfile" time="1.871"/>
  <testcase classname="com.compass.testcases.SP1_OLX_T324" name="navigateToProfile" time="7.046"/>
  <testcase classname="com.compass.testcases.SP1_OLX_T324" name="navigateToRecords" time="1.024"/>
  <testcase classname="com.compass.testcases.SP1_OLX_T324" name="validateRapid_e_learningNotPresent" time="1.146"/>
</testsuite> <!-- com.compass.testcases.SP1_OLX_T324 -->
