<?xml version="1.0" encoding="UTF-8"?>
<!-- Generated by org.testng.reporters.JUnitReportReporter -->
<testsuite hostname="DESKTOP-0CLJ4FS" failures="0" tests="2" name="com.olp.records_elearning.OLP2L_RC3_OLX_T188" time="8.639" errors="0" timestamp="2023-10-20T12:48:08 IST" skipped="0">
  <testcase classname="com.olp.records_elearning.OLP2L_RC3_OLX_T188" name="TC01_navigateToPersonalCard" time="6.211"/>
  <testcase classname="com.olp.records_elearning.OLP2L_RC3_OLX_T188" name="TC02_NavigateToRecordsTab" time="2.428"/>
</testsuite> <!-- com.olp.records_elearning.OLP2L_RC3_OLX_T188 -->
