<?xml version="1.0" encoding="UTF-8"?>
<!-- Generated by org.testng.reporters.JUnitReportReporter -->
<testsuite hostname="DESKTOP-0CLJ4FS" failures="0" tests="2" name="com.olp.records_elearning.OLP2L_RC3_OLX_T335" time="15.729" errors="0" timestamp="2023-10-27T16:18:39 IST" skipped="0">
  <testcase classname="com.olp.records_elearning.OLP2L_RC3_OLX_T335" name="TC01_navigateToPersonalCard" time="11.088"/>
  <testcase classname="com.olp.records_elearning.OLP2L_RC3_OLX_T335" name="TC02_NavigateToRecordsTab" time="4.641"/>
</testsuite> <!-- com.olp.records_elearning.OLP2L_RC3_OLX_T335 -->
