<?xml version="1.0" encoding="UTF-8"?>
<!-- Generated by org.testng.reporters.JUnitReportReporter -->
<testsuite hostname="DESKTOP-268PN8R" failures="0" tests="4" name="com.olp.status.OLP_R1_OLX_T498" time="17.219" errors="0" timestamp="2023-09-12T22:38:26 IST" skipped="0">
  <testcase classname="com.olp.status.OLP_R1_OLX_T498" name="tc01_navigateToParticularUserWhichCRis100Percentage" time="7.759"/>
  <testcase classname="com.olp.status.OLP_R1_OLX_T498" name="tc02_navigateToPersonalCardWhereCompletionRateCircleIs100Percentage" time="4.975"/>
  <testcase classname="com.olp.status.OLP_R1_OLX_T498" name="tc03_NavigateToStatusUnderProfile" time="3.016"/>
  <testcase classname="com.olp.status.OLP_R1_OLX_T498" name="tc04_NavigateToCompletionRateCircle" time="1.469"/>
</testsuite> <!-- com.olp.status.OLP_R1_OLX_T498 -->
