<?xml version="1.0" encoding="UTF-8"?>
<!-- Generated by org.testng.reporters.JUnitReportReporter -->
<testsuite hostname="DESKTOP-268PN8R" failures="0" tests="5" name="com.olp.schedule.OLP_R1_OLX_T511" time="25.162" errors="0" timestamp="2023-09-08T12:23:03 IST" skipped="0">
  <testcase classname="com.olp.schedule.OLP_R1_OLX_T511" name="TC01_navigateToPersonalCard" time="4.732"/>
  <testcase classname="com.olp.schedule.OLP_R1_OLX_T511" name="TC02_navigateToSchedule" time="2.100"/>
  <testcase classname="com.olp.schedule.OLP_R1_OLX_T511" name="TC03_navigateTo_IndividualRequirements" time="6.572"/>
  <testcase classname="com.olp.schedule.OLP_R1_OLX_T511" name="TC05_validateDeleteCES" time="7.563"/>
  <testcase classname="com.olp.schedule.OLP_R1_OLX_T511" name="TC04_navigateToCESTestDetails" time="4.195"/>
</testsuite> <!-- com.olp.schedule.OLP_R1_OLX_T511 -->
