<?xml version="1.0" encoding="UTF-8"?>
<!-- Generated by org.testng.reporters.JUnitReportReporter -->
<testsuite hostname="Arun" failures="0" tests="4" name="com.compass.testcases.SP97_CMP15398" time="65.280" errors="0" timestamp="2023-05-05T11:31:03 IST" skipped="0">
  <testcase classname="com.compass.testcases.SP97_CMP15398" name="TC_01_loginToStage" time="4.858"/>
  <system-out/>
  <testcase classname="com.compass.testcases.SP97_CMP15398" name="TC_02_VerifyNavigationtoTaxJuridictionmatrixpage" time="8.739"/>
  <system-out/>
  <testcase classname="com.compass.testcases.SP97_CMP15398" name="TC_03_VerifyNavigationtoTaxJuridictionrules" time="1.174"/>
  <system-out/>
  <testcase classname="com.compass.testcases.SP97_CMP15398" name="TC_04_VerifyaddrecordinTaxJuridictionrules" time="50.509"/>
  <system-out/>
</testsuite> <!-- com.compass.testcases.SP97_CMP15398 -->
