<?xml version="1.0" encoding="UTF-8"?>
<!-- Generated by org.testng.reporters.JUnitReportReporter -->
<testsuite hostname="DESKTOP-268PN8R" failures="0" tests="3" name="com.olp.personnelview.OLP_R1_OLX_T209" time="24.196" errors="0" timestamp="2023-09-01T13:35:22 IST" skipped="0">
  <testcase classname="com.olp.personnelview.OLP_R1_OLX_T209" name="TC01_NavigateToSearchForPersonnel" time="7.896"/>
  <testcase classname="com.olp.personnelview.OLP_R1_OLX_T209" name="TC02_ExpandAdvanceSearch" time="6.163"/>
  <testcase classname="com.olp.personnelview.OLP_R1_OLX_T209" name="TC03_InShowPersonnelOnlyComboSelectWithDisapprovedProficienciesValue" time="10.137"/>
</testsuite> <!-- com.olp.personnelview.OLP_R1_OLX_T209 -->
