<?xml version="1.0" encoding="UTF-8"?>
<!-- Generated by org.testng.reporters.JUnitReportReporter -->
<testsuite hostname="DESKTOP-268PN8R" failures="0" tests="28" name="com.olp.p_view.OLP_R1_OLX_T13" time="181.648" errors="0" timestamp="2023-09-04T19:09:34 IST" skipped="0">
  <testcase classname="com.olp.p_view.OLP_R1_OLX_T13" name="TC01_ExpandAdvanceSearch" time="6.313"/>
  <testcase classname="com.olp.p_view.OLP_R1_OLX_T13" name="TC02_validateRankCombo" time="6.051"/>
  <testcase classname="com.olp.p_view.OLP_R1_OLX_T13" name="TC03_validateRankComboSearch_Check_uncheck" time="5.545"/>
  <testcase classname="com.olp.p_view.OLP_R1_OLX_T13" name="TC04_Validate_Check_Uncheck_All_Rank" time="6.689"/>
  <testcase classname="com.olp.p_view.OLP_R1_OLX_T13" name="TC05_Validate_CheckLastUnchecked" time="10.753"/>
  <testcase classname="com.olp.p_view.OLP_R1_OLX_T13" name="TC06_nationalityDefaultValidation" time="0.910"/>
  <testcase classname="com.olp.p_view.OLP_R1_OLX_T13" name="TC07_NationalityComboValidation" time="25.361"/>
  <testcase classname="com.olp.p_view.OLP_R1_OLX_T13" name="TC08_validateNationalityCombo" time="11.026"/>
  <testcase classname="com.olp.p_view.OLP_R1_OLX_T13" name="TC9_ValidateCheckUncheckAllNationality" time="7.279"/>
  <testcase classname="com.olp.p_view.OLP_R1_OLX_T13" name="TC10_ValidateChecklastUncheckedAllNationality" time="10.853"/>
  <testcase classname="com.olp.p_view.OLP_R1_OLX_T13" name="TC11_InstallationTypeComboValidation" time="0.920"/>
  <testcase classname="com.olp.p_view.OLP_R1_OLX_T13" name="TC12_InstallationTypeValidation" time="1.757"/>
  <testcase classname="com.olp.p_view.OLP_R1_OLX_T13" name="TC13_validateInstallationTypeCombo" time="9.079"/>
  <testcase classname="com.olp.p_view.OLP_R1_OLX_T13" name="TC14_ValidateCheckUncheckAllInstallationType" time="6.777"/>
  <testcase classname="com.olp.p_view.OLP_R1_OLX_T13" name="TC15_ValidateCheckLastUncheckedAllInstallationType" time="10.798"/>
  <testcase classname="com.olp.p_view.OLP_R1_OLX_T13" name="TC16_InstallationValidation" time="0.868"/>
  <testcase classname="com.olp.p_view.OLP_R1_OLX_T13" name="TC17_InstallationComboValidation" time="3.343"/>
  <testcase classname="com.olp.p_view.OLP_R1_OLX_T13" name="TC18_validateInstallationCombo" time="11.937"/>
  <testcase classname="com.olp.p_view.OLP_R1_OLX_T13" name="TC19_ValidateCheckUncheckAllInstallation" time="6.466"/>
  <testcase classname="com.olp.p_view.OLP_R1_OLX_T13" name="TC20_ValidateCheckLastUncheckedAllInstallationType" time="10.590"/>
  <testcase classname="com.olp.p_view.OLP_R1_OLX_T13" name="TC21_PersonnelPoolValidation" time="0.802"/>
  <testcase classname="com.olp.p_view.OLP_R1_OLX_T13" name="TC22_PersonnelPoolComboValidation" time="5.249"/>
  <testcase classname="com.olp.p_view.OLP_R1_OLX_T13" name="TC23_ManagedByValidation" time="0.821"/>
  <testcase classname="com.olp.p_view.OLP_R1_OLX_T13" name="TC24_ManagedByComboValidation" time="1.680"/>
  <testcase classname="com.olp.p_view.OLP_R1_OLX_T13" name="TC25_ShowPersonnelOnlyValidation" time="0.725"/>
  <testcase classname="com.olp.p_view.OLP_R1_OLX_T13" name="TC26_ShowPersonnelOnlyComboValidation" time="4.839"/>
  <testcase classname="com.olp.p_view.OLP_R1_OLX_T13" name="TC27_ValidateCheckUncheckAllShowPersonnelOnly" time="6.699"/>
  <testcase classname="com.olp.p_view.OLP_R1_OLX_T13" name="TC28_ValidateCheckLastUncheckedAllShowpersonnelOnly" time="7.518"/>
</testsuite> <!-- com.olp.p_view.OLP_R1_OLX_T13 -->
