<?xml version="1.0" encoding="UTF-8"?>
<!-- Generated by org.testng.reporters.JUnitReportReporter -->
<testsuite hostname="Ashish" failures="0" tests="8" name="t2s3.T2S3_OAP2050" time="43.075" errors="0" timestamp="2024-05-22T15:16:07 IST" skipped="0">
  <testcase classname="t2s3.T2S3_OAP2050" name="TC01_LaunchAssessmentPlatform" time="5.560"/>
  <system-out/>
  <testcase classname="t2s3.T2S3_OAP2050" name="TC02_NavigateToQuestionBankPage" time="6.998"/>
  <system-out/>
  <testcase classname="t2s3.T2S3_OAP2050" name="TC03_NavigateToNewQuestionBankPage" time="7.278"/>
  <system-out/>
  <testcase classname="t2s3.T2S3_OAP2050" name="TC04_NavigateToAddMCQPage" time="5.487"/>
  <system-out/>
  <testcase classname="t2s3.T2S3_OAP2050" name="TC05_ValidatePublishButtonMCQEnabled" time="6.983"/>
  <system-out/>
  <testcase classname="t2s3.T2S3_OAP2050" name="TC06_VadlidatePublishMCQ" time="4.761"/>
  <system-out/>
  <testcase classname="t2s3.T2S3_OAP2050" name="TC07_NavigateToEditQuestion" time="4.013"/>
  <system-out/>
  <testcase classname="t2s3.T2S3_OAP2050" name="TC08_ValidateEditEnablesSave_Publish" time="1.995"/>
  <system-out/>
</testsuite> <!-- t2s3.T2S3_OAP2050 -->
