<?xml version="1.0" encoding="UTF-8"?>
<!-- Generated by org.testng.reporters.JUnitReportReporter -->
<testsuite hostname="DESKTOP-0CLJ4FS" failures="0" tests="7" name="com.olp.records_elearning.OLP2L_RC3_OLX_T1570" time="46.295" errors="0" timestamp="2023-10-31T18:38:37 IST" skipped="0">
  <testcase classname="com.olp.records_elearning.OLP2L_RC3_OLX_T1570" name="TC01_navigateToPersonalCard" time="15.529"/>
  <testcase classname="com.olp.records_elearning.OLP2L_RC3_OLX_T1570" name="TC02_NavigateToRecordsTab" time="4.800"/>
  <testcase classname="com.olp.records_elearning.OLP2L_RC3_OLX_T1570" name="TC03_NavigateToStartElearningButtonInSpecialUser" time="6.072"/>
  <testcase classname="com.olp.records_elearning.OLP2L_RC3_OLX_T1570" name="tc04_LoginToTrainee" time="0.492"/>
  <testcase classname="com.olp.records_elearning.OLP2L_RC3_OLX_T1570" name="TC05_NavigateToPersonalcardOfTrainee" time="12.864"/>
  <testcase classname="com.olp.records_elearning.OLP2L_RC3_OLX_T1570" name="TC06_NavigateToRecordsTabOfTrainee" time="2.351"/>
  <testcase classname="com.olp.records_elearning.OLP2L_RC3_OLX_T1570" name="TC07_NavigateToStartElearningButtonInTrainee" time="4.187"/>
</testsuite> <!-- com.olp.records_elearning.OLP2L_RC3_OLX_T1570 -->
