<?xml version="1.0" encoding="UTF-8"?>
<!-- Generated by org.testng.reporters.JUnitReportReporter -->
<testsuite hostname="DESKTOP-268PN8R" failures="0" tests="8" name="com.olp.personnelview.OLP_R1_OLX_T154" time="104.210" errors="0" timestamp="2023-08-09T13:21:27 IST" skipped="0">
  <testcase classname="com.olp.personnelview.OLP_R1_OLX_T154" name="loginToVessel" time="23.277"/>
  <testcase classname="com.olp.personnelview.OLP_R1_OLX_T154" name="navigateToAdvanceSearch" time="5.980"/>
  <testcase classname="com.olp.personnelview.OLP_R1_OLX_T154" name="navigateToManagedBy" time="11.744"/>
  <testcase classname="com.olp.personnelview.OLP_R1_OLX_T154" name="validatePersonnelManagedByMainOfice" time="23.651"/>
  <testcase classname="com.olp.personnelview.OLP_R1_OLX_T154" name="navigateToSearchMaster" time="11.082"/>
  <testcase classname="com.olp.personnelview.OLP_R1_OLX_T154" name="validatePersonnelManagedByNone" time="8.713"/>
  <testcase classname="com.olp.personnelview.OLP_R1_OLX_T154" name="navigateToSearchNone" time="10.869"/>
  <testcase classname="com.olp.personnelview.OLP_R1_OLX_T154" name="validatePersonnelManagedByNSO" time="8.894"/>
</testsuite> <!-- com.olp.personnelview.OLP_R1_OLX_T154 -->
