<?xml version="1.0" encoding="UTF-8"?>
<!-- Generated by org.testng.reporters.JUnitReportReporter -->
<testsuite hostname="LAPTOP-24ESH4RE" failures="0" tests="7" name="com.compass.testcases.SP1_OLX_T404" time="41.298" errors="0" timestamp="2023-07-10T13:11:22 IST" skipped="0">
  <testcase classname="com.compass.testcases.SP1_OLX_T404" name="loginToVessel" time="23.141"/>
  <testcase classname="com.compass.testcases.SP1_OLX_T404" name="hoverToProfile" time="0.954"/>
  <testcase classname="com.compass.testcases.SP1_OLX_T404" name="navigateToProfile" time="6.914"/>
  <testcase classname="com.compass.testcases.SP1_OLX_T404" name="navigateToRecords" time="1.123"/>
  <testcase classname="com.compass.testcases.SP1_OLX_T404" name="navigateToRapid_e_learningNotPresent" time="6.744"/>
  <testcase classname="com.compass.testcases.SP1_OLX_T404" name="navigateToAnyRecordOfRapid_e_learning" time="1.936"/>
  <testcase classname="com.compass.testcases.SP1_OLX_T404" name="validatePrintDetails" time="0.486"/>
</testsuite> <!-- com.compass.testcases.SP1_OLX_T404 -->
