<?xml version="1.0" encoding="UTF-8"?>
<!-- Generated by org.testng.reporters.JUnitReportReporter -->
<testsuite hostname="DESKTOP-0CLJ4FS" failures="0" tests="3" name="com.olp.records_elearning.OLP2L_RC3_OLX_T207" time="12.630" errors="0" timestamp="2023-10-20T16:07:49 IST" skipped="0">
  <testcase classname="com.olp.records_elearning.OLP2L_RC3_OLX_T207" name="TC01_navigateToPersonalCard" time="4.839"/>
  <testcase classname="com.olp.records_elearning.OLP2L_RC3_OLX_T207" name="TC02_NavigateToRecordsTab" time="2.038"/>
  <testcase classname="com.olp.records_elearning.OLP2L_RC3_OLX_T207" name="TC03_NavigateToElearningArea" time="5.753"/>
</testsuite> <!-- com.olp.records_elearning.OLP2L_RC3_OLX_T207 -->
