<?xml version="1.0" encoding="UTF-8"?>
<!-- Generated by org.testng.reporters.JUnitReportReporter -->
<testsuite hostname="DESKTOP-268PN8R" failures="0" tests="5" name="com.olp.schedule.OLP_R1_OLX_T1264" time="81.686" errors="0" timestamp="2023-09-12T22:38:26 IST" skipped="0">
  <testcase classname="com.olp.schedule.OLP_R1_OLX_T1264" name="TC01_navigateToSearchForPersonal" time="5.190"/>
  <testcase classname="com.olp.schedule.OLP_R1_OLX_T1264" name="TC02_navigateToPersonalCardOfTrainee" time="8.188"/>
  <testcase classname="com.olp.schedule.OLP_R1_OLX_T1264" name="TC04_navigateToSchedule" time="6.459"/>
  <testcase classname="com.olp.schedule.OLP_R1_OLX_T1264" name="TC04_ValidateScheduleColumns" time="1.362"/>
  <testcase classname="com.olp.schedule.OLP_R1_OLX_T1264" name="TC05_ValidatePlayButton" time="60.487"/>
</testsuite> <!-- com.olp.schedule.OLP_R1_OLX_T1264 -->
