<?xml version="1.0" encoding="UTF-8"?>
<!-- Generated by org.testng.reporters.JUnitReportReporter -->
<testsuite hostname="DESKTOP-268PN8R" failures="0" tests="5" name="com.olp.schedule.OLP_R1_OLX_T1092" time="76.616" errors="0" timestamp="2023-09-12T22:38:26 IST" skipped="0">
  <testcase classname="com.olp.schedule.OLP_R1_OLX_T1092" name="TC01_navigateToSearchForPersonal" time="5.748"/>
  <testcase classname="com.olp.schedule.OLP_R1_OLX_T1092" name="TC02_navigateToPersonalCardOfTrainee" time="61.977"/>
  <testcase classname="com.olp.schedule.OLP_R1_OLX_T1092" name="TC03_navigateToSchedule" time="6.389"/>
  <testcase classname="com.olp.schedule.OLP_R1_OLX_T1092" name="TC04_ValidateScheduleColumns" time="1.259"/>
  <testcase classname="com.olp.schedule.OLP_R1_OLX_T1092" name="TC05_ValidatePlayButton" time="1.243"/>
</testsuite> <!-- com.olp.schedule.OLP_R1_OLX_T1092 -->
