<?xml version="1.0" encoding="UTF-8"?>
<!-- Generated by org.testng.reporters.JUnitReportReporter -->
<testsuite hostname="DESKTOP-268PN8R" failures="0" tests="5" name="com.olp.status.OLP_R1_OLX_T496_7" time="80.403" errors="0" timestamp="2023-09-12T22:38:26 IST" skipped="0">
  <testcase classname="com.olp.status.OLP_R1_OLX_T496_7" name="tc01_Personalcardwhennoproficienciesapprovedatall" time="12.671"/>
  <testcase classname="com.olp.status.OLP_R1_OLX_T496_7" name="tc02_NavigateToApprovedStatusUnderProfile" time="3.434"/>
  <testcase classname="com.olp.status.OLP_R1_OLX_T496_7" name="tc03_LoginToAssessor" time="55.629"/>
  <testcase classname="com.olp.status.OLP_R1_OLX_T496_7" name="tc04_personalcardOfTraineewhennoproficienciesRequiredatall" time="5.600"/>
  <testcase classname="com.olp.status.OLP_R1_OLX_T496_7" name="tc05_NavigateToRequiredStatusUnderProfile" time="3.069"/>
</testsuite> <!-- com.olp.status.OLP_R1_OLX_T496_7 -->
