<?xml version="1.0" encoding="UTF-8"?>
<!-- Generated by org.testng.reporters.JUnitReportReporter -->
<testsuite hostname="BIPLP153" failures="0" tests="1" name="com.oap.assessment.OAP_Assessment_2StatusFiltersApplied" time="0.861" errors="0" timestamp="2024-04-03T23:45:01 IST" skipped="0">
  <testcase classname="com.oap.assessment.OAP_Assessment_2StatusFiltersApplied" name="TC01_NavigateToOAPlogo" time="0.861"/>
  <system-out/>
</testsuite> <!-- com.oap.assessment.OAP_Assessment_2StatusFiltersApplied -->
