<?xml version="1.0" encoding="UTF-8"?>
<!-- Generated by org.testng.reporters.JUnitReportReporter -->
<testsuite hostname="LAPTOP-24ESH4RE" failures="0" tests="8" name="com.compass.testcases.SP101_CMP1954" time="55.073" errors="0" timestamp="2023-06-13T14:44:33 IST" skipped="0">
  <testcase classname="com.compass.testcases.SP101_CMP1954" name="loginToStage" time="20.036"/>
  <system-out/>
  <testcase classname="com.compass.testcases.SP101_CMP1954" name="navigateToVessel" time="12.191"/>
  <system-out/>
  <testcase classname="com.compass.testcases.SP101_CMP1954" name="validateFileDownload" time="4.155"/>
  <system-out/>
  <testcase classname="com.compass.testcases.SP101_CMP1954" name="navigatetoAdministrativeFunctions1" time="2.024"/>
  <system-out/>
  <testcase classname="com.compass.testcases.SP101_CMP1954" name="navigatetoCompassOnboard" time="11.445"/>
  <system-out/>
  <testcase classname="com.compass.testcases.SP101_CMP1954" name="navigateToOnboardPlannedEvents" time="0.118"/>
  <system-out/>
  <testcase classname="com.compass.testcases.SP101_CMP1954" name="navigateToExportExcel" time="0.026"/>
  <system-out/>
  <testcase classname="com.compass.testcases.SP101_CMP1954" name="navigateToExportPDF" time="5.078"/>
  <system-out/>
</testsuite> <!-- com.compass.testcases.SP101_CMP1954 -->
