<?xml version="1.0" encoding="UTF-8"?>
<!-- Generated by org.testng.reporters.JUnitReportReporter -->
<testsuite hostname="DESKTOP-268PN8R" failures="0" tests="3" name="com.olp.p_card.OLP_R2_OLX_T314PCardEditDisable" time="22.140" errors="0" timestamp="2023-10-10T23:53:04 IST" skipped="0">
  <testcase classname="com.olp.p_card.OLP_R2_OLX_T314PCardEditDisable" name="TC01_navigateToPersonalCard" time="9.111"/>
  <testcase classname="com.olp.p_card.OLP_R2_OLX_T314PCardEditDisable" name="TC02_ValidateLockAccountVisible" time="1.137"/>
  <testcase classname="com.olp.p_card.OLP_R2_OLX_T314PCardEditDisable" name="TC03_ValidateUnLockAccountVisible" time="11.892"/>
</testsuite> <!-- com.olp.p_card.OLP_R2_OLX_T314PCardEditDisable -->
