<?xml version="1.0" encoding="UTF-8"?>
<!-- Generated by org.testng.reporters.JUnitReportReporter -->
<testsuite hostname="DESKTOP-268PN8R" failures="0" tests="2" name="com.olp.p_card.OLP_R2_OLX_T177RestPCardDisable" time="5.795" errors="0" timestamp="2023-10-10T17:04:30 IST" skipped="0">
  <testcase classname="com.olp.p_card.OLP_R2_OLX_T177RestPCardDisable" name="TC01_navigateToPersonalCard" time="5.433"/>
  <testcase classname="com.olp.p_card.OLP_R2_OLX_T177RestPCardDisable" name="TC02_ValidateInstallation" time="0.362"/>
</testsuite> <!-- com.olp.p_card.OLP_R2_OLX_T177RestPCardDisable -->
