<?xml version="1.0" encoding="UTF-8"?>
<!-- Generated by org.testng.reporters.JUnitReportReporter -->
<testsuite hostname="DESKTOP-268PN8R" failures="0" tests="8" name="com.olp.schedule.OLP_R1_OLX_T51" time="25.661" errors="0" timestamp="2023-08-24T17:54:14 IST" skipped="0">
  <testcase classname="com.olp.schedule.OLP_R1_OLX_T51" name="TC01_navigateToAPersonalCard" time="8.273"/>
  <testcase classname="com.olp.schedule.OLP_R1_OLX_T51" name="TC02_navigateToSchedule" time="1.928"/>
  <testcase classname="com.olp.schedule.OLP_R1_OLX_T51" name="TC03_navigateTo_IndividualRequirements" time="4.771"/>
  <testcase classname="com.olp.schedule.OLP_R1_OLX_T51" name="TC04_ValidatePopup" time="1.767"/>
  <testcase classname="com.olp.schedule.OLP_R1_OLX_T51" name="TC05_ValidateTestType" time="3.267"/>
  <testcase classname="com.olp.schedule.OLP_R1_OLX_T51" name="TC06_NavigateToScheduleTest" time="1.245"/>
  <testcase classname="com.olp.schedule.OLP_R1_OLX_T51" name="TC07_ValidateSendScheduleTest" time="2.996"/>
  <testcase classname="com.olp.schedule.OLP_R1_OLX_T51" name="TC08_ValidateGridAfterSchedule" time="1.414"/>
</testsuite> <!-- com.olp.schedule.OLP_R1_OLX_T51 -->
