<?xml version="1.0" encoding="UTF-8"?>
<!-- Generated by org.testng.reporters.JUnitReportReporter -->
<testsuite hostname="DESKTOP-268PN8R" failures="0" tests="2" name="com.olp.p_card.OLP_R2_OLX_T104RestPCardDisable" time="6.914" errors="0" timestamp="2023-09-26T18:02:55 IST" skipped="0">
  <testcase classname="com.olp.p_card.OLP_R2_OLX_T104RestPCardDisable" name="TC01_navigateToPersonalCard" time="5.712"/>
  <testcase classname="com.olp.p_card.OLP_R2_OLX_T104RestPCardDisable" name="TC02_ValidateDOBEditable" time="1.202"/>
</testsuite> <!-- com.olp.p_card.OLP_R2_OLX_T104RestPCardDisable -->
