<?xml version="1.0" encoding="UTF-8"?>
<!-- Generated by org.testng.reporters.JUnitReportReporter -->
<testsuite hostname="DESKTOP-0CLJ4FS" failures="0" tests="4" name="com.olp.records_elearning.OLP2L_RC3_OLX_T1569" time="25.101" errors="0" timestamp="2023-10-31T17:42:54 IST" skipped="0">
  <testcase classname="com.olp.records_elearning.OLP2L_RC3_OLX_T1569" name="TC01_navigateToPersonalCard" time="10.645"/>
  <testcase classname="com.olp.records_elearning.OLP2L_RC3_OLX_T1569" name="TC02_NavigateToRecordsTab" time="4.416"/>
  <testcase classname="com.olp.records_elearning.OLP2L_RC3_OLX_T1569" name="TC03_ValidateToSessionDetails" time="8.964"/>
  <testcase classname="com.olp.records_elearning.OLP2L_RC3_OLX_T1569" name="TC04_ValidateAlongWithButtons" time="1.076"/>
</testsuite> <!-- com.olp.records_elearning.OLP2L_RC3_OLX_T1569 -->
