<?xml version="1.0" encoding="UTF-8"?>
<!-- Generated by org.testng.reporters.JUnitReportReporter -->
<testsuite hostname="DESKTOP-268PN8R" failures="0" tests="22" name="com.olp.testcases.OLP_OLX_T17" time="266.041" errors="0" timestamp="2023-07-28T10:41:42 IST" skipped="0">
  <testcase classname="com.olp.testcases.OLP_OLX_T17" name="loginToVessel" time="17.417"/>
  <testcase classname="com.olp.testcases.OLP_OLX_T17" name="navigateToclearAndSearch" time="3.879"/>
  <testcase classname="com.olp.testcases.OLP_OLX_T17" name="validateColumnsOfSearchResults" time="4.407"/>
  <testcase classname="com.olp.testcases.OLP_OLX_T17" name="validateButtons" time="0.755"/>
  <testcase classname="com.olp.testcases.OLP_OLX_T17" name="validatePagination" time="1.097"/>
  <testcase classname="com.olp.testcases.OLP_OLX_T17" name="validateAscendingSorting" time="12.308"/>
  <testcase classname="com.olp.testcases.OLP_OLX_T17" name="validateDescendingSorting" time="4.314"/>
  <testcase classname="com.olp.testcases.OLP_OLX_T17" name="validateToLastPage" time="3.912"/>
  <testcase classname="com.olp.testcases.OLP_OLX_T17" name="navigateToFirstPage" time="4.369"/>
  <testcase classname="com.olp.testcases.OLP_OLX_T17" name="validateNextPageButton" time="4.074"/>
  <testcase classname="com.olp.testcases.OLP_OLX_T17" name="validatePreviousPageButton" time="6.266"/>
  <testcase classname="com.olp.testcases.OLP_OLX_T17" name="navigateToPage3" time="5.498"/>
  <testcase classname="com.olp.testcases.OLP_OLX_T17" name="navigateToPage4" time="5.914"/>
  <testcase classname="com.olp.testcases.OLP_OLX_T17" name="navigateToPage5" time="6.171"/>
  <testcase classname="com.olp.testcases.OLP_OLX_T17" name="navigateTOSearchResult1Page" time="10.488"/>
  <testcase classname="com.olp.testcases.OLP_OLX_T17" name="validateRequirementsList" time="5.211"/>
  <testcase classname="com.olp.testcases.OLP_OLX_T17" name="validatePerson0ValuePending" time="72.194"/>
  <testcase classname="com.olp.testcases.OLP_OLX_T17" name="validatePersonMoreThan0ValuePending" time="8.668"/>
  <testcase classname="com.olp.testcases.OLP_OLX_T17" name="validatePercentage" time="2.989"/>
  <testcase classname="com.olp.testcases.OLP_OLX_T17" name="validatePerson0PercentPending" time="72.083"/>
  <testcase classname="com.olp.testcases.OLP_OLX_T17" name="validatePersonMoreThan0PercentPending" time="10.509"/>
  <testcase classname="com.olp.testcases.OLP_OLX_T17" name="validateAddPersonnelButton" time="3.518"/>
</testsuite> <!-- com.olp.testcases.OLP_OLX_T17 -->
