<?xml version="1.0" encoding="UTF-8"?>
<!-- Generated by org.testng.reporters.JUnitReportReporter -->
<testsuite hostname="BIPLP040" failures="0" tests="3" name="com.compass.testcases.SP95_CMP14726_BudgetAddSummaryTab" time="16.611" errors="0" timestamp="2023-03-23T10:15:42 IST" skipped="0">
  <testcase classname="com.compass.testcases.SP95_CMP14726_BudgetAddSummaryTab" name="TC01_Navigate_Budget_List" time="8.639"/>
  <system-out/>
  <testcase classname="com.compass.testcases.SP95_CMP14726_BudgetAddSummaryTab" name="TC02_Verify_Edit_Button" time="2.826"/>
  <system-out/>
  <testcase classname="com.compass.testcases.SP95_CMP14726_BudgetAddSummaryTab" name="TC03_Budget_Summary" time="5.146"/>
  <system-out/>
</testsuite> <!-- com.compass.testcases.SP95_CMP14726_BudgetAddSummaryTab -->
