<?xml version="1.0" encoding="UTF-8"?>
<!-- Generated by org.testng.reporters.JUnitReportReporter -->
<testsuite hostname="DESKTOP-268PN8R" failures="0" tests="2" name="com.olp.p_card.OLP_R2_OLX_T310PCardEditDisable" time="10.341" errors="0" timestamp="2023-10-10T23:54:03 IST" skipped="0">
  <testcase classname="com.olp.p_card.OLP_R2_OLX_T310PCardEditDisable" name="TC01_navigateToPersonalCard" time="8.853"/>
  <testcase classname="com.olp.p_card.OLP_R2_OLX_T310PCardEditDisable" name="TC02_ValidateResetPasswordVisible" time="1.488"/>
</testsuite> <!-- com.olp.p_card.OLP_R2_OLX_T310PCardEditDisable -->
