<?xml version="1.0" encoding="UTF-8"?>
<!-- Generated by org.testng.reporters.JUnitReportReporter -->
<testsuite hostname="LAPTOP-24ESH4RE" failures="0" tests="8" name="com.compass.testcases.SP1_OLX_T154" time="89.088" errors="0" timestamp="2023-07-11T18:47:01 IST" skipped="0">
  <testcase classname="com.compass.testcases.SP1_OLX_T154" name="loginToVessel" time="23.986"/>
  <testcase classname="com.compass.testcases.SP1_OLX_T154" name="navigateToAdvanceSearch" time="1.778"/>
  <testcase classname="com.compass.testcases.SP1_OLX_T154" name="navigateToManagedBy" time="12.778"/>
  <testcase classname="com.compass.testcases.SP1_OLX_T154" name="validatePersonnelManagedByMainOfice" time="9.711"/>
  <testcase classname="com.compass.testcases.SP1_OLX_T154" name="navigateToSearchMaster" time="11.601"/>
  <testcase classname="com.compass.testcases.SP1_OLX_T154" name="validatePersonnelManagedByNone" time="8.880"/>
  <testcase classname="com.compass.testcases.SP1_OLX_T154" name="navigateToSearchNone" time="11.278"/>
  <testcase classname="com.compass.testcases.SP1_OLX_T154" name="validatePersonnelManagedByNSO" time="9.076"/>
</testsuite> <!-- com.compass.testcases.SP1_OLX_T154 -->
