<?xml version="1.0" encoding="UTF-8"?>
<!-- Generated by org.testng.reporters.JUnitReportReporter -->
<testsuite hostname="BIPLP040" failures="0" tests="5" name="com.compass.testcases.SP94_CMP14522_Showamountinbudgetcurrency" time="19.365" errors="0" timestamp="2023-03-23T10:15:42 IST" skipped="0">
  <testcase classname="com.compass.testcases.SP94_CMP14522_Showamountinbudgetcurrency" name="TC01_Navigate_Budget_List" time="6.825"/>
  <system-out/>
  <testcase classname="com.compass.testcases.SP94_CMP14522_Showamountinbudgetcurrency" name="TC02_Verify_Added_Budget_Records_Edit_Button" time="2.765"/>
  <system-out/>
  <testcase classname="com.compass.testcases.SP94_CMP14522_Showamountinbudgetcurrency" name="TC03_Verify_Currencies_SubTab" time="2.289"/>
  <system-out/>
  <testcase classname="com.compass.testcases.SP94_CMP14522_Showamountinbudgetcurrency" name="TC04_Wage_Element_Tab" time="2.453"/>
  <system-out/>
  <testcase classname="com.compass.testcases.SP94_CMP14522_Showamountinbudgetcurrency" name="TC05_Cost_Element_Tab" time="5.033"/>
  <system-out/>
</testsuite> <!-- com.compass.testcases.SP94_CMP14522_Showamountinbudgetcurrency -->
