<?xml version="1.0" encoding="UTF-8"?>
<!-- Generated by org.testng.reporters.JUnitReportReporter -->
<testsuite hostname="DESKTOP-268PN8R" failures="0" tests="4" name="com.olp.personnelview.OLP_R1_OLX_T111" time="20.675" errors="0" timestamp="2023-08-11T11:16:50 IST" skipped="0">
  <testcase classname="com.olp.personnelview.OLP_R1_OLX_T111" name="TC01_navigateToSearchForPersonnel" time="6.850"/>
  <testcase classname="com.olp.personnelview.OLP_R1_OLX_T111" name="TC02_navigateToAdvanceSearch" time="1.149"/>
  <testcase classname="com.olp.personnelview.OLP_R1_OLX_T111" name="TC06_validateClearButton" time="6.143"/>
  <testcase classname="com.olp.personnelview.OLP_R1_OLX_T111" name="TC07_validateSearchButton" time="6.533"/>
</testsuite> <!-- com.olp.personnelview.OLP_R1_OLX_T111 -->
