<?xml version="1.0" encoding="UTF-8"?>
<!-- Generated by org.testng.reporters.JUnitReportReporter -->
<testsuite hostname="DESKTOP-268PN8R" failures="0" tests="2" name="com.olp.p_card.OLP_R2_OLX_T315RestPCardDisable" time="6.423" errors="0" timestamp="2023-10-10T17:13:44 IST" skipped="0">
  <testcase classname="com.olp.p_card.OLP_R2_OLX_T315RestPCardDisable" name="TC01_navigateToPersonalCard" time="5.121"/>
  <testcase classname="com.olp.p_card.OLP_R2_OLX_T315RestPCardDisable" name="TC02_ValidateLockUnlockAccountNotPresent" time="1.302"/>
</testsuite> <!-- com.olp.p_card.OLP_R2_OLX_T315RestPCardDisable -->
