<?xml version="1.0" encoding="UTF-8"?>
<!-- Generated by org.testng.reporters.JUnitReportReporter -->
<testsuite hostname="DESKTOP-268PN8R" failures="0" tests="4" name="com.olp.schedule.OLP_R1_OLX_T1528" time="29.290" errors="0" timestamp="2023-09-12T22:38:26 IST" skipped="0">
  <testcase classname="com.olp.schedule.OLP_R1_OLX_T1528" name="tc01_PersonalcardForSpecialUser" time="12.178"/>
  <testcase classname="com.olp.schedule.OLP_R1_OLX_T1528" name="tc02_NavigateToScheduleButton" time="6.228"/>
  <testcase classname="com.olp.schedule.OLP_R1_OLX_T1528" name="tc03_ValidateAllRequirementsUnderSchedule" time="4.742"/>
  <testcase classname="com.olp.schedule.OLP_R1_OLX_T1528" name="tc04_NavigateToIndividualRequirements" time="6.142"/>
</testsuite> <!-- com.olp.schedule.OLP_R1_OLX_T1528 -->
