<?xml version="1.0" encoding="UTF-8"?>
<!-- Generated by org.testng.reporters.JUnitReportReporter -->
<testsuite hostname="DESKTOP-268PN8R" failures="0" tests="7" name="com.olp.r_password.OLP_R2_OLX_T149_1289GCCDOBDisable" time="30.608" errors="0" timestamp="2023-09-21T11:40:56 IST" skipped="0">
  <testcase classname="com.olp.r_password.OLP_R2_OLX_T149_1289GCCDOBDisable" name="TC01_navigateToPersonalCard" time="6.161"/>
  <testcase classname="com.olp.r_password.OLP_R2_OLX_T149_1289GCCDOBDisable" name="TC02_navigateToResetPassword" time="1.026"/>
  <testcase classname="com.olp.r_password.OLP_R2_OLX_T149_1289GCCDOBDisable" name="TC03_ValidateNewPasswordAcceptsMax50Char" time="0.920"/>
  <testcase classname="com.olp.r_password.OLP_R2_OLX_T149_1289GCCDOBDisable" name="TC04_ValidateReTypeNewPasswordAcceptsMax50Char" time="0.822"/>
  <testcase classname="com.olp.r_password.OLP_R2_OLX_T149_1289GCCDOBDisable" name="TC05_ValidateSaveSamePassword" time="4.125"/>
  <testcase classname="com.olp.r_password.OLP_R2_OLX_T149_1289GCCDOBDisable" name="TC06_ValidateDifferentPassword" time="6.514"/>
  <testcase classname="com.olp.r_password.OLP_R2_OLX_T149_1289GCCDOBDisable" name="TC07_NavigateToLoginAsTrainee" time="11.040"/>
</testsuite> <!-- com.olp.r_password.OLP_R2_OLX_T149_1289GCCDOBDisable -->
