<?xml version="1.0" encoding="UTF-8"?>
<!-- Generated by org.testng.reporters.JUnitReportReporter -->
<testsuite hostname="LAPTOP-24ESH4RE" failures="0" tests="8" name="com.compass.testcases.SP1_OLX_T152" time="92.669" errors="0" timestamp="2023-07-12T16:27:09 IST" skipped="0">
  <testcase classname="com.compass.testcases.SP1_OLX_T152" name="loginToVessel" time="27.231"/>
  <testcase classname="com.compass.testcases.SP1_OLX_T152" name="navigateToAdvanceSearch" time="1.767"/>
  <testcase classname="com.compass.testcases.SP1_OLX_T152" name="navigateToPersonnelPoolManila" time="11.583"/>
  <testcase classname="com.compass.testcases.SP1_OLX_T152" name="validatePersonnelPoolManila" time="8.964"/>
  <testcase classname="com.compass.testcases.SP1_OLX_T152" name="navigateToPersonnelPoolGermany" time="11.281"/>
  <testcase classname="com.compass.testcases.SP1_OLX_T152" name="validatePersonnelPoolGermany" time="8.853"/>
  <testcase classname="com.compass.testcases.SP1_OLX_T152" name="navigateToPersonnelPoolOBLviewer" time="20.687"/>
  <testcase classname="com.compass.testcases.SP1_OLX_T152" name="validatePersonnelPoolEmptyResult" time="2.303"/>
</testsuite> <!-- com.compass.testcases.SP1_OLX_T152 -->
