<?xml version="1.0" encoding="UTF-8"?>
<!-- Generated by org.testng.reporters.JUnitReportReporter -->
<testsuite hostname="DESKTOP-268PN8R" failures="0" tests="10" name="com.olp.schedule.OLP_R1_OLX_T1554" time="35.121" errors="0" timestamp="2023-09-07T19:32:53 IST" skipped="0">
  <testcase classname="com.olp.schedule.OLP_R1_OLX_T1554" name="TC01_navigateToAPersonalCard" time="5.382"/>
  <testcase classname="com.olp.schedule.OLP_R1_OLX_T1554" name="TC02_navigateToSchedule" time="2.778"/>
  <testcase classname="com.olp.schedule.OLP_R1_OLX_T1554" name="TC03_validateCoursesPresence" time="2.787"/>
  <testcase classname="com.olp.schedule.OLP_R1_OLX_T1554" name="TC04_ValidateDetilsOfCoursePopup" time="3.825"/>
  <testcase classname="com.olp.schedule.OLP_R1_OLX_T1554" name="TC05_ValidatePopupValues_Close" time="1.262"/>
  <testcase classname="com.olp.schedule.OLP_R1_OLX_T1554" name="TC06_LogoutNavigateToPersonalCardOfTrainee" time="9.040"/>
  <testcase classname="com.olp.schedule.OLP_R1_OLX_T1554" name="TC07_navigateToSchedule" time="2.555"/>
  <testcase classname="com.olp.schedule.OLP_R1_OLX_T1554" name="TC08_validateCoursesPresenceForTrainee" time="2.783"/>
  <testcase classname="com.olp.schedule.OLP_R1_OLX_T1554" name="TC09_ValidateDetilsOfCoursePopup" time="3.843"/>
  <testcase classname="com.olp.schedule.OLP_R1_OLX_T1554" name="TC10_ValidatePopupValues_Close" time="0.866"/>
</testsuite> <!-- com.olp.schedule.OLP_R1_OLX_T1554 -->
