<?xml version="1.0" encoding="UTF-8"?>
<!-- Generated by org.testng.reporters.JUnitReportReporter -->
<testsuite hostname="DESKTOP-0CLJ4FS" failures="0" tests="2" name="com.olp.records_elearning.OLP2L_RC3_OLX_T236" time="9.385" errors="0" timestamp="2023-10-23T16:19:45 IST" skipped="0">
  <testcase classname="com.olp.records_elearning.OLP2L_RC3_OLX_T236" name="tc01_NavigateToPersonalcard" time="7.085"/>
  <testcase classname="com.olp.records_elearning.OLP2L_RC3_OLX_T236" name="TC02_NavigateToRecordsTab" time="2.300"/>
</testsuite> <!-- com.olp.records_elearning.OLP2L_RC3_OLX_T236 -->
