<?xml version="1.0" encoding="UTF-8"?>
<!-- Generated by org.testng.reporters.JUnitReportReporter -->
<testsuite hostname="DESKTOP-268PN8R" failures="0" tests="5" name="com.olp.status.OLP_R1_OLX_T490_2" time="73.881" errors="0" timestamp="2023-09-12T22:38:26 IST" skipped="0">
  <testcase classname="com.olp.status.OLP_R1_OLX_T490_2" name="tc01_PersonalcardForSpecialUser" time="8.852"/>
  <testcase classname="com.olp.status.OLP_R1_OLX_T490_2" name="tc02_NavigateToStatusUnderProfileForSpecialUser" time="3.380"/>
  <testcase classname="com.olp.status.OLP_R1_OLX_T490_2" name="tc03_LoginToAssessor" time="55.394"/>
  <testcase classname="com.olp.status.OLP_R1_OLX_T490_2" name="tc04_NavigateTopersonalcardForAssesor" time="3.271"/>
  <testcase classname="com.olp.status.OLP_R1_OLX_T490_2" name="tc05_NavigateToStatusUnderProfileForAssesor" time="2.984"/>
</testsuite> <!-- com.olp.status.OLP_R1_OLX_T490_2 -->
