<?xml version="1.0" encoding="UTF-8"?>
<!-- Generated by org.testng.reporters.JUnitReportReporter -->
<testsuite hostname="DESKTOP-268PN8R" failures="0" tests="2" name="com.olp.p_card.OLP_R2_OLX_T162PCardEditDisable" time="10.267" errors="0" timestamp="2023-10-10T23:44:25 IST" skipped="0">
  <testcase classname="com.olp.p_card.OLP_R2_OLX_T162PCardEditDisable" name="TC01_navigateToPersonalCard" time="9.743"/>
  <testcase classname="com.olp.p_card.OLP_R2_OLX_T162PCardEditDisable" name="TC02_ValidatePersonnelPoolDisabled" time="0.524"/>
</testsuite> <!-- com.olp.p_card.OLP_R2_OLX_T162PCardEditDisable -->
