<?xml version="1.0" encoding="UTF-8"?>
<!-- Generated by org.testng.reporters.JUnitReportReporter -->
<testsuite hostname="BIPLP153" failures="0" tests="3" name="t2s2.Create_Assessment" time="9.165" errors="0" timestamp="2024-04-22T13:46:06 IST" skipped="0">
  <testcase classname="t2s2.Create_Assessment" name="TC01_LunchAssessmentPlatform" time="4.261"/>
  <system-out/>
  <testcase classname="t2s2.Create_Assessment" name="TC02_NavigateToQuestionBankPage" time="3.061"/>
  <system-out/>
  <testcase classname="t2s2.Create_Assessment" name="TC03_NavigateToNewQuestionBankPage" time="1.843"/>
  <system-out/>
</testsuite> <!-- t2s2.Create_Assessment -->
