<?xml version="1.0" encoding="UTF-8"?>
<!-- Generated by org.testng.reporters.JUnitReportReporter -->
<testsuite hostname="DESKTOP-268PN8R" failures="0" tests="7" name="com.olp.schedule.OLP_R1_OLX_T32" time="26.347" errors="0" timestamp="2023-09-12T22:38:26 IST" skipped="0">
  <testcase classname="com.olp.schedule.OLP_R1_OLX_T32" name="TC01_navigateToPersonalCard" time="7.395"/>
  <testcase classname="com.olp.schedule.OLP_R1_OLX_T32" name="TC02_navigateToSchedule" time="1.844"/>
  <testcase classname="com.olp.schedule.OLP_R1_OLX_T32" name="TC03_navigateTo_IndividualRequirements" time="3.903"/>
  <testcase classname="com.olp.schedule.OLP_R1_OLX_T32" name="TC04_NavigateToEditOfCourse" time="4.362"/>
  <testcase classname="com.olp.schedule.OLP_R1_OLX_T32" name="TC05_ValidateClosePopup" time="2.144"/>
  <testcase classname="com.olp.schedule.OLP_R1_OLX_T32" name="TC06_ValidateEditOfCourse" time="2.925"/>
  <testcase classname="com.olp.schedule.OLP_R1_OLX_T32" name="TC07_ValidateGridAfterEdit" time="3.774"/>
</testsuite> <!-- com.olp.schedule.OLP_R1_OLX_T32 -->
