<?xml version="1.0" encoding="UTF-8"?>
<!-- Generated by org.testng.reporters.JUnitReportReporter -->
<testsuite hostname="LAPTOP-24ESH4RE" failures="0" tests="1" name="com.compass.testcases.Check" time="12.989" errors="0" timestamp="2023-06-23T10:28:22 IST" skipped="0">
  <testcase classname="com.compass.testcases.Check" name="loginToStage" time="12.989"/>
  <system-out/>
</testsuite> <!-- com.compass.testcases.Check -->
