<?xml version="1.0" encoding="UTF-8"?>
<!-- Generated by org.testng.reporters.JUnitReportReporter -->
<testsuite hostname="DESKTOP-268PN8R" failures="0" tests="14" name="com.olp.personnelview.OLP_R1_OLX_T612" time="849.874" errors="0" timestamp="2023-09-01T15:22:56 IST" skipped="0">
  <testcase classname="com.olp.personnelview.OLP_R1_OLX_T612" name="TC01_NavigateToConfigurationOfMainOffice" time="6.018"/>
  <testcase classname="com.olp.personnelview.OLP_R1_OLX_T612" name="TC02_NavigateToSecurityGroups" time="3.335"/>
  <testcase classname="com.olp.personnelview.OLP_R1_OLX_T612" name="TC03_NavigateToSecurityConfigurations" time="1.529"/>
  <testcase classname="com.olp.personnelview.OLP_R1_OLX_T612" name="TC04_DisableReadyToBeAssessed" time="23.446"/>
  <testcase classname="com.olp.personnelview.OLP_R1_OLX_T612" name="TC05_NavigationToExportPopup" time="231.569"/>
  <testcase classname="com.olp.personnelview.OLP_R1_OLX_T612" name="TC06_VerifyLoginToVesselAsSpecialUser" time="18.036"/>
  <testcase classname="com.olp.personnelview.OLP_R1_OLX_T612" name="TC07_ExpandAdvanceSearch" time="2.931"/>
  <testcase classname="com.olp.personnelview.OLP_R1_OLX_T612" name="TC08_ValidateShowPersonnelOnlyDDL" time="21.468"/>
  <testcase classname="com.olp.personnelview.OLP_R1_OLX_T612" name="TC09_NavigateToMainOffice" time="253.097"/>
  <testcase classname="com.olp.personnelview.OLP_R1_OLX_T612" name="TC10_EnableReadyToBeAssessed" time="35.096"/>
  <testcase classname="com.olp.personnelview.OLP_R1_OLX_T612" name="TC11_NavigationDataExchange" time="222.346"/>
  <testcase classname="com.olp.personnelview.OLP_R1_OLX_T612" name="TC12_VerifyLoginToVesselAsSpecialUser" time="16.420"/>
  <testcase classname="com.olp.personnelview.OLP_R1_OLX_T612" name="TC13_ExpandAdvanceSSearch" time="2.079"/>
  <testcase classname="com.olp.personnelview.OLP_R1_OLX_T612" name="TC14_ValidateComboAndReadyToBeAssessedPresence" time="12.504"/>
</testsuite> <!-- com.olp.personnelview.OLP_R1_OLX_T612 -->
