<?xml version="1.0" encoding="UTF-8"?>
<!-- Generated by org.testng.reporters.JUnitReportReporter -->
<testsuite hostname="LAPTOP-24ESH4RE" failures="0" tests="13" name="com.olp.testcases.SP1_OLX_T33" time="81.344" errors="0" timestamp="2023-07-14T15:34:15 IST" skipped="0">
  <testcase classname="com.olp.testcases.SP1_OLX_T33" name="loginToVessel" time="27.640"/>
  <testcase classname="com.olp.testcases.SP1_OLX_T33" name="navigateToSearch1" time="7.501"/>
  <testcase classname="com.olp.testcases.SP1_OLX_T33" name="navigateToSearch2" time="3.874"/>
  <testcase classname="com.olp.testcases.SP1_OLX_T33" name="navigateToSearch3" time="3.902"/>
  <testcase classname="com.olp.testcases.SP1_OLX_T33" name="navigateToSearch4" time="4.373"/>
  <testcase classname="com.olp.testcases.SP1_OLX_T33" name="navigateToSearch5" time="5.762"/>
  <testcase classname="com.olp.testcases.SP1_OLX_T33" name="navigateToSearch6" time="4.185"/>
  <testcase classname="com.olp.testcases.SP1_OLX_T33" name="navigateToSearch7" time="4.655"/>
  <testcase classname="com.olp.testcases.SP1_OLX_T33" name="navigateToSearch8" time="4.442"/>
  <testcase classname="com.olp.testcases.SP1_OLX_T33" name="navigateToSearch9" time="3.950"/>
  <testcase classname="com.olp.testcases.SP1_OLX_T33" name="navigateToSearch10" time="3.520"/>
  <testcase classname="com.olp.testcases.SP1_OLX_T33" name="navigateToSearch11" time="3.875"/>
  <testcase classname="com.olp.testcases.SP1_OLX_T33" name="navigateToSearch12" time="3.665"/>
</testsuite> <!-- com.olp.testcases.SP1_OLX_T33 -->
