<?xml version="1.0" encoding="UTF-8"?>
<!-- Generated by org.testng.reporters.JUnitReportReporter -->
<testsuite hostname="DESKTOP-268PN8R" failures="0" tests="2" name="com.olp.p_card.OLP_R2_OLX_T140PCardEditDisable" time="9.762" errors="0" timestamp="2023-10-10T23:56:29 IST" skipped="0">
  <testcase classname="com.olp.p_card.OLP_R2_OLX_T140PCardEditDisable" name="TC01_navigateToPersonalCard" time="9.027"/>
  <testcase classname="com.olp.p_card.OLP_R2_OLX_T140PCardEditDisable" name="TC02_ValidateLastEmpTimeInComp" time="0.735"/>
</testsuite> <!-- com.olp.p_card.OLP_R2_OLX_T140PCardEditDisable -->
