<?xml version="1.0" encoding="UTF-8"?>
<!-- Generated by org.testng.reporters.JUnitReportReporter -->
<testsuite hostname="DESKTOP-268PN8R" failures="0" tests="20" name="com.olp.personnelview.OLP_R1_OLX_T17" time="351.630" errors="0" timestamp="2023-08-09T15:12:33 IST" skipped="0">
  <testcase classname="com.olp.personnelview.OLP_R1_OLX_T17" name="loginToVessel" time="13.029"/>
  <testcase classname="com.olp.personnelview.OLP_R1_OLX_T17" name="navigateToclearAndSearch" time="5.331"/>
  <testcase classname="com.olp.personnelview.OLP_R1_OLX_T17" name="validateColumnsOfSearchResults" time="3.750"/>
  <testcase classname="com.olp.personnelview.OLP_R1_OLX_T17" name="validateButtons" time="0.245"/>
  <testcase classname="com.olp.personnelview.OLP_R1_OLX_T17" name="validatePagination" time="0.837"/>
  <testcase classname="com.olp.personnelview.OLP_R1_OLX_T17" name="validateAscendingSorting" time="7.298"/>
  <testcase classname="com.olp.personnelview.OLP_R1_OLX_T17" name="validateDescendingSorting" time="3.697"/>
  <testcase classname="com.olp.personnelview.OLP_R1_OLX_T17" name="validateToLastPage" time="3.510"/>
  <testcase classname="com.olp.personnelview.OLP_R1_OLX_T17" name="navigateToFirstPage" time="4.071"/>
  <testcase classname="com.olp.personnelview.OLP_R1_OLX_T17" name="validateNextPageButton" time="3.378"/>
  <testcase classname="com.olp.personnelview.OLP_R1_OLX_T17" name="validatePreviousPageButton" time="5.544"/>
  <testcase classname="com.olp.personnelview.OLP_R1_OLX_T17" name="navigateToPage3" time="4.972"/>
  <testcase classname="com.olp.personnelview.OLP_R1_OLX_T17" name="navigateToPage4" time="4.883"/>
  <testcase classname="com.olp.personnelview.OLP_R1_OLX_T17" name="navigateToPage5" time="5.028"/>
  <testcase classname="com.olp.personnelview.OLP_R1_OLX_T17" name="navigateTOSearchResult1Page" time="8.582"/>
  <testcase classname="com.olp.personnelview.OLP_R1_OLX_T17" name="validateRequirementsList" time="4.329"/>
  <testcase classname="com.olp.personnelview.OLP_R1_OLX_T17" name="validatePerson0ValuePending" time="130.015"/>
  <testcase classname="com.olp.personnelview.OLP_R1_OLX_T17" name="validatePersonMoreThan0ValuePending" time="9.258"/>
  <testcase classname="com.olp.personnelview.OLP_R1_OLX_T17" name="validatePercentage" time="2.325"/>
  <testcase classname="com.olp.personnelview.OLP_R1_OLX_T17" name="validatePerson0PercentPending" time="131.548"/>
</testsuite> <!-- com.olp.personnelview.OLP_R1_OLX_T17 -->
