<?xml version="1.0" encoding="UTF-8"?>
<!-- Generated by org.testng.reporters.JUnitReportReporter -->
<testsuite hostname="DESKTOP-268PN8R" failures="0" tests="7" name="com.olp.p_view.OLP_R1_OLX_T936" time="48.907" errors="0" timestamp="2023-09-06T00:06:19 IST" skipped="0">
  <testcase classname="com.olp.p_view.OLP_R1_OLX_T936" name="TC01_ExpandShowAdvanceSearch" time="12.774"/>
  <testcase classname="com.olp.p_view.OLP_R1_OLX_T936" name="TC02_PromotionQueryInASC" time="2.347"/>
  <testcase classname="com.olp.p_view.OLP_R1_OLX_T936" name="TC03_ValidateDefalutValuePromotionQueryField" time="3.641"/>
  <testcase classname="com.olp.p_view.OLP_R1_OLX_T936" name="TC04_ValidateWithMARequirementForRank" time="7.185"/>
  <testcase classname="com.olp.p_view.OLP_R1_OLX_T936" name="TC05_ValidateBulkCarrierValueInRequirementForInstallationType" time="7.373"/>
  <testcase classname="com.olp.p_view.OLP_R1_OLX_T936" name="TC06_ValidateBulkCarrierRequirementForIT_MARequirementsForRank" time="7.667"/>
  <testcase classname="com.olp.p_view.OLP_R1_OLX_T936" name="TC07_ValidateClearButton" time="7.920"/>
</testsuite> <!-- com.olp.p_view.OLP_R1_OLX_T936 -->
