<?xml version="1.0" encoding="UTF-8"?>
<!-- Generated by org.testng.reporters.JUnitReportReporter -->
<testsuite hostname="Arun" failures="0" tests="4" name="com.compass.testcases.SP98_CMP15816" time="54.075" errors="0" timestamp="2023-05-05T10:15:00 IST" skipped="0">
  <testcase classname="com.compass.testcases.SP98_CMP15816" name="TC_01_LoginToStage" time="5.521"/>
  <system-out/>
  <testcase classname="com.compass.testcases.SP98_CMP15816" name="TC_02_crewOperation" time="17.746"/>
  <system-out/>
  <testcase classname="com.compass.testcases.SP98_CMP15816" name="TC_03_crewIDUpdateOperation" time="14.479"/>
  <system-out/>
  <testcase classname="com.compass.testcases.SP98_CMP15816" name="TC_04_gettingForm8A2023Operation" time="16.329"/>
  <system-out/>
</testsuite> <!-- com.compass.testcases.SP98_CMP15816 -->
