<?xml version="1.0" encoding="UTF-8"?>
<!-- Generated by org.testng.reporters.JUnitReportReporter -->
<testsuite hostname="DESKTOP-268PN8R" failures="0" tests="3" name="com.olp.status.OLP_R1_OLX_T509" time="18.169" errors="0" timestamp="2023-09-12T22:38:26 IST" skipped="0">
  <testcase classname="com.olp.status.OLP_R1_OLX_T509" name="tc01_personalcard" time="9.433"/>
  <testcase classname="com.olp.status.OLP_R1_OLX_T509" name="tc02_navigateToStatusUnderProfile" time="5.087"/>
  <testcase classname="com.olp.status.OLP_R1_OLX_T509" name="tc03_NavigateToRequirementUnderColumnGrid" time="3.649"/>
</testsuite> <!-- com.olp.status.OLP_R1_OLX_T509 -->
