<?xml version="1.0" encoding="UTF-8"?>
<!-- Generated by org.testng.reporters.JUnitReportReporter -->
<testsuite hostname="DESKTOP-268PN8R" failures="0" tests="8" name="com.olp.p_view.OLP_R1_OLX_T35" time="20.910" errors="0" timestamp="2023-09-12T22:38:26 IST" skipped="0">
  <testcase classname="com.olp.p_view.OLP_R1_OLX_T35" name="TC01_navigateToSearchForPersonnel" time="3.325"/>
  <testcase classname="com.olp.p_view.OLP_R1_OLX_T35" name="TC02_validateBasicSearch" time="1.560"/>
  <testcase classname="com.olp.p_view.OLP_R1_OLX_T35" name="TC03_validateSearchTextField" time="1.722"/>
  <testcase classname="com.olp.p_view.OLP_R1_OLX_T35" name="TC04_validateCategoryCombo" time="1.659"/>
  <testcase classname="com.olp.p_view.OLP_R1_OLX_T35" name="TC05_validateStatusCombo" time="1.053"/>
  <testcase classname="com.olp.p_view.OLP_R1_OLX_T35" name="TC06_validateClearButton" time="2.360"/>
  <testcase classname="com.olp.p_view.OLP_R1_OLX_T35" name="TC07_validateSearchButton" time="4.915"/>
  <testcase classname="com.olp.p_view.OLP_R1_OLX_T35" name="TC08_ValidateRank" time="4.316"/>
</testsuite> <!-- com.olp.p_view.OLP_R1_OLX_T35 -->
