<?xml version="1.0" encoding="UTF-8"?>
<!-- Generated by org.testng.reporters.JUnitReportReporter -->
<testsuite hostname="DESKTOP-268PN8R" failures="0" tests="2" name="com.olp.status.OLP_R1_OLX_T481" time="12.302" errors="0" timestamp="2023-09-12T22:38:26 IST" skipped="0">
  <testcase classname="com.olp.status.OLP_R1_OLX_T481" name="tc01_NavigateToPersonalcard" time="9.298"/>
  <testcase classname="com.olp.status.OLP_R1_OLX_T481" name="tc02_navigateToStatusUnderProfile" time="3.004"/>
</testsuite> <!-- com.olp.status.OLP_R1_OLX_T481 -->
