<?xml version="1.0" encoding="UTF-8"?>
<!-- Generated by org.testng.reporters.JUnitReportReporter -->
<testsuite hostname="BIPLP040" failures="0" tests="1" name="com.compass.testcases.CMP14943_UploadMedicalCertificate" time="41.652" errors="0" timestamp="2023-03-23T10:25:57 IST" skipped="0">
  <testcase classname="com.compass.testcases.CMP14943_UploadMedicalCertificate" name="Tc01_UploadMedicalCertificate" time="41.652"/>
  <system-out/>
</testsuite> <!-- com.compass.testcases.CMP14943_UploadMedicalCertificate -->
