<?xml version="1.0" encoding="UTF-8"?>
<!-- Generated by org.testng.reporters.JUnitReportReporter -->
<testsuite hostname="DESKTOP-268PN8R" failures="0" tests="4" name="com.olp.schedule.OLP_R1_OLX_T1267" time="79.890" errors="0" timestamp="2023-09-12T22:38:26 IST" skipped="0">
  <testcase classname="com.olp.schedule.OLP_R1_OLX_T1267" name="TC01_navigateToPersonalCard" time="12.398"/>
  <testcase classname="com.olp.schedule.OLP_R1_OLX_T1267" name="TC02_navigateToSchedule" time="5.684"/>
  <testcase classname="com.olp.schedule.OLP_R1_OLX_T1267" name="TC03_ValidateScheduleColumns" time="1.317"/>
  <testcase classname="com.olp.schedule.OLP_R1_OLX_T1267" name="TC04_ValidatePlayButton" time="60.491"/>
</testsuite> <!-- com.olp.schedule.OLP_R1_OLX_T1267 -->
