<?xml version="1.0" encoding="UTF-8"?>
<!-- Generated by org.testng.reporters.JUnitReportReporter -->
<testsuite hostname="DESKTOP-0CLJ4FS" failures="0" tests="10" name="com.olp.records_elearning.OLP2L_RC3_OLX_T308" time="37.834" errors="0" timestamp="2023-11-01T11:37:24 IST" skipped="0">
  <testcase classname="com.olp.records_elearning.OLP2L_RC3_OLX_T308" name="TC01_NavigateToPersonalcardOfTrainee" time="11.655"/>
  <testcase classname="com.olp.records_elearning.OLP2L_RC3_OLX_T308" name="TC02_NavigateToRecordsTab" time="1.991"/>
  <testcase classname="com.olp.records_elearning.OLP2L_RC3_OLX_T308" name="TC03_NavigateToElearningProcessAreaOfTrainee" time="3.437"/>
  <testcase classname="com.olp.records_elearning.OLP2L_RC3_OLX_T308" name="TC04_NavigateToForwardArrow" time="2.930"/>
  <testcase classname="com.olp.records_elearning.OLP2L_RC3_OLX_T308" name="TC05_NavigateToBackwardArrow" time="2.398"/>
  <testcase classname="com.olp.records_elearning.OLP2L_RC3_OLX_T308" name="TC06_NavigateToFirstPage" time="0.893"/>
  <testcase classname="com.olp.records_elearning.OLP2L_RC3_OLX_T308" name="TC07_NavigateToLastPage" time="0.886"/>
  <testcase classname="com.olp.records_elearning.OLP2L_RC3_OLX_T308" name="TC08_NavigateToPagingElements" time="0.386"/>
  <testcase classname="com.olp.records_elearning.OLP2L_RC3_OLX_T308" name="TC09_NavigateToRowsOnPage" time="7.653"/>
  <testcase classname="com.olp.records_elearning.OLP2L_RC3_OLX_T308" name="TC10_NavigateToClickOnValueOfRowsOnPage" time="5.605"/>
</testsuite> <!-- com.olp.records_elearning.OLP2L_RC3_OLX_T308 -->
