<?xml version="1.0" encoding="UTF-8"?>
<!-- Generated by org.testng.reporters.JUnitReportReporter -->
<testsuite hostname="DESKTOP-268PN8R" failures="0" tests="5" name="com.olp.personnelview.OLP_R1_OLX_T34" time="60.424" errors="0" timestamp="2023-08-09T15:41:14 IST" skipped="0">
  <testcase classname="com.olp.personnelview.OLP_R1_OLX_T34" name="loginToVessel" time="18.926"/>
  <testcase classname="com.olp.personnelview.OLP_R1_OLX_T34" name="verifySearchOption" time="27.582"/>
  <testcase classname="com.olp.personnelview.OLP_R1_OLX_T34" name="navigateToResultTableWithAllInStatus" time="3.380"/>
  <testcase classname="com.olp.personnelview.OLP_R1_OLX_T34" name="navigateToResultTableWithActieveStatus" time="5.356"/>
  <testcase classname="com.olp.personnelview.OLP_R1_OLX_T34" name="navigateToResultTableWithOnboardStatus" time="5.180"/>
</testsuite> <!-- com.olp.personnelview.OLP_R1_OLX_T34 -->
