<?xml version="1.0" encoding="UTF-8"?>
<!-- Generated by org.testng.reporters.JUnitReportReporter -->
<testsuite hostname="DESKTOP-268PN8R" failures="0" tests="14" name="com.olp.schedule.OLP_R1_OLX_T48" time="138.714" errors="0" timestamp="2023-09-12T22:38:26 IST" skipped="0">
  <testcase classname="com.olp.schedule.OLP_R1_OLX_T48" name="TC01_navigateToAPersonalCard" time="6.408"/>
  <testcase classname="com.olp.schedule.OLP_R1_OLX_T48" name="TC02_navigateToSchedule" time="2.280"/>
  <testcase classname="com.olp.schedule.OLP_R1_OLX_T48" name="TC03_navigateTo_IndividualRequirements" time="5.923"/>
  <testcase classname="com.olp.schedule.OLP_R1_OLX_T48" name="TC04_ValidateCESGrid" time="5.669"/>
  <testcase classname="com.olp.schedule.OLP_R1_OLX_T48" name="validatePagination" time="0.956"/>
  <testcase classname="com.olp.schedule.OLP_R1_OLX_T48" name="TC06_validateToLastPage" time="2.439"/>
  <testcase classname="com.olp.schedule.OLP_R1_OLX_T48" name="TC07_navigateToFirstPage" time="62.649"/>
  <testcase classname="com.olp.schedule.OLP_R1_OLX_T48" name="TC08_ValidateNextPageButton" time="2.572"/>
  <testcase classname="com.olp.schedule.OLP_R1_OLX_T48" name="TC09_validatePreviousPageButton" time="4.378"/>
  <testcase classname="com.olp.schedule.OLP_R1_OLX_T48" name="TC10_validatePaginationCombo" time="3.790"/>
  <testcase classname="com.olp.schedule.OLP_R1_OLX_T48" name="TC11_validatePaginationComboMax" time="2.738"/>
  <testcase classname="com.olp.schedule.OLP_R1_OLX_T48" name="TC12_NavigateToPage3" time="1.932"/>
  <testcase classname="com.olp.schedule.OLP_R1_OLX_T48" name="TC13_ValidateAscendingSortingColumns" time="14.072"/>
  <testcase classname="com.olp.schedule.OLP_R1_OLX_T48" name="TC14_validateDescendingSortingColumns" time="22.908"/>
</testsuite> <!-- com.olp.schedule.OLP_R1_OLX_T48 -->
