<?xml version="1.0" encoding="UTF-8"?>
<!-- Generated by org.testng.reporters.JUnitReportReporter -->
<testsuite hostname="LAPTOP-24ESH4RE" failures="0" tests="6" name="com.compass.testcases.SP101_CMP18272" time="72.039" errors="0" timestamp="2023-05-27T12:39:53 IST" skipped="1">
  <testcase classname="com.compass.testcases.SP101_CMP18272" name="TC_01_LoginToStage" time="14.153"/>
  <system-out/>
  <testcase classname="com.compass.testcases.SP101_CMP18272" name="TC_02_navigateToMatrixComplianceReport" time="49.820"/>
  <system-out/>
  <testcase classname="com.compass.testcases.SP101_CMP18272" name="TC_03_navigationtoVesselnameMatrixComplianceReport" time="6.425"/>
  <system-out/>
  <testcase classname="com.compass.testcases.SP101_CMP18272" name="TC_04_navigateToCrewDetailsForVessel" time="1.423"/>
  <system-out/>
  <testcase classname="com.compass.testcases.SP101_CMP18272" name="TC_05_verifyYearsWithOperatorColumn" time="0.218"/>
  <system-out/>
  <testcase classname="com.compass.testcases.SP101_CMP18272" name="TC_06_verifyFileDownloaded">
    <skipped/>
  </testcase> <!-- TC_06_verifyFileDownloaded -->
  <system-out/>
</testsuite> <!-- com.compass.testcases.SP101_CMP18272 -->
