<?xml version="1.0" encoding="UTF-8"?>
<!-- Generated by org.testng.reporters.JUnitReportReporter -->
<testsuite hostname="BIPLP040" failures="0" tests="4" name="com.compass.testcases.SP93_CMP942" time="26.365" errors="0" timestamp="2023-03-26T17:11:12 IST" skipped="0">
  <testcase classname="com.compass.testcases.SP93_CMP942" name="TC_01VerifyNavigationToCrewId" time="5.575"/>
  <system-out/>
  <testcase classname="com.compass.testcases.SP93_CMP942" name="TC_02VerifyWageMatrix" time="6.986"/>
  <system-out/>
  <testcase classname="com.compass.testcases.SP93_CMP942" name="TC_03VerifyWRHactivities" time="11.714"/>
  <system-out/>
  <testcase classname="com.compass.testcases.SP93_CMP942" name="TC_04VerifySavingActivity" time="2.090"/>
  <system-out/>
</testsuite> <!-- com.compass.testcases.SP93_CMP942 -->
