<?xml version="1.0" encoding="UTF-8"?>
<!-- Generated by org.testng.reporters.JUnitReportReporter -->
<testsuite hostname="DESKTOP-0CLJ4FS" failures="0" tests="2" name="com.olp.records_elearning.OLP2L_RC3_OLX_T237" time="7.388" errors="0" timestamp="2023-10-23T16:17:09 IST" skipped="0">
  <testcase classname="com.olp.records_elearning.OLP2L_RC3_OLX_T237" name="TC01_navigateToPersonalCard" time="5.188"/>
  <testcase classname="com.olp.records_elearning.OLP2L_RC3_OLX_T237" name="TC02_NavigateToRecordsTab" time="2.200"/>
</testsuite> <!-- com.olp.records_elearning.OLP2L_RC3_OLX_T237 -->
