<?xml version="1.0" encoding="UTF-8"?>
<!-- Generated by org.testng.reporters.JUnitReportReporter -->
<testsuite hostname="Arun" failures="0" tests="6" name="com.compass.testcases.SP96_CMP13180" time="32.055" errors="0" timestamp="2023-05-05T10:15:00 IST" skipped="0">
  <testcase classname="com.compass.testcases.SP96_CMP13180" name="TC01_loginToStage" time="6.087"/>
  <system-out/>
  <testcase classname="com.compass.testcases.SP96_CMP13180" name="TC_02_verifyDanishFlagInVessel" time="13.308"/>
  <system-out/>
  <testcase classname="com.compass.testcases.SP96_CMP13180" name="TC_03_verifyPaidMovement" time="5.783"/>
  <system-out/>
  <testcase classname="com.compass.testcases.SP96_CMP13180" name="TC_04_verifyNavigationToDSReport" time="2.821"/>
  <system-out/>
  <testcase classname="com.compass.testcases.SP96_CMP13180" name="TC_05_generateDSReport" time="3.835"/>
  <system-out/>
  <testcase classname="com.compass.testcases.SP96_CMP13180" name="TC_06_verifyPageIcon" time="0.221"/>
  <system-out/>
</testsuite> <!-- com.compass.testcases.SP96_CMP13180 -->
