<?xml version="1.0" encoding="UTF-8"?>
<!-- Generated by org.testng.reporters.JUnitReportReporter -->
<testsuite hostname="LAPTOP-24ESH4RE" failures="0" tests="19" name="com.compass.testcases.SP101_CMP17765" time="56.314" errors="0" timestamp="2023-06-13T14:07:00 IST" skipped="0">
  <testcase classname="com.compass.testcases.SP101_CMP17765" name="loginToStage" time="7.731"/>
  <system-out/>
  <testcase classname="com.compass.testcases.SP101_CMP17765" name="navigatetoAdministrativeFunctions" time="4.242"/>
  <system-out/>
  <testcase classname="com.compass.testcases.SP101_CMP17765" name="navigatetoLibraryConfiguration" time="2.092"/>
  <system-out/>
  <testcase classname="com.compass.testcases.SP101_CMP17765" name="navigatetoVesselContactsDDL" time="3.103"/>
  <system-out/>
  <testcase classname="com.compass.testcases.SP101_CMP17765" name="editVesselContactEmail" time="3.646"/>
  <system-out/>
  <testcase classname="com.compass.testcases.SP101_CMP17765" name="editVesselContactMobile" time="3.057"/>
  <system-out/>
  <testcase classname="com.compass.testcases.SP101_CMP17765" name="navigateToVesselPage" time="4.481"/>
  <system-out/>
  <testcase classname="com.compass.testcases.SP101_CMP17765" name="navigateToVesselsDetailsPage" time="2.033"/>
  <system-out/>
  <testcase classname="com.compass.testcases.SP101_CMP17765" name="addInfoPageEmail" time="2.584"/>
  <system-out/>
  <testcase classname="com.compass.testcases.SP101_CMP17765" name="addInfoPageMobile" time="2.512"/>
  <system-out/>
  <testcase classname="com.compass.testcases.SP101_CMP17765" name="validateEmailAdded" time="0.466"/>
  <system-out/>
  <testcase classname="com.compass.testcases.SP101_CMP17765" name="validateMobileAdded" time="0.425"/>
  <system-out/>
  <testcase classname="com.compass.testcases.SP101_CMP17765" name="navigatetoAdministrativeFunctions1" time="1.055"/>
  <system-out/>
  <testcase classname="com.compass.testcases.SP101_CMP17765" name="navigatetoCompassOnboard" time="10.642"/>
  <system-out/>
  <testcase classname="com.compass.testcases.SP101_CMP17765" name="navigateToOnboardCrewList" time="0.061"/>
  <system-out/>
  <testcase classname="com.compass.testcases.SP101_CMP17765" name="navigateToSelectCrewListType" time="0.027"/>
  <system-out/>
  <testcase classname="com.compass.testcases.SP101_CMP17765" name="navigateToExportExcel" time="0.029"/>
  <system-out/>
  <testcase classname="com.compass.testcases.SP101_CMP17765" name="validateEmailInExcel" time="5.125"/>
  <system-out/>
  <testcase classname="com.compass.testcases.SP101_CMP17765" name="validateMobileInExcel" time="3.003"/>
  <system-out/>
</testsuite> <!-- com.compass.testcases.SP101_CMP17765 -->
