<?xml version="1.0" encoding="UTF-8"?>
<!-- Generated by org.testng.reporters.JUnitReportReporter -->
<testsuite hostname="Arun" failures="0" tests="7" name="com.compass.testcases.SP96_CMP15590" time="80.739" errors="0" timestamp="2023-05-05T10:15:00 IST" skipped="0">
  <testcase classname="com.compass.testcases.SP96_CMP15590" name="TC01_navigate_To_Planned_Changes" time="16.194"/>
  <system-out/>
  <testcase classname="com.compass.testcases.SP96_CMP15590" name="TC02_navigate_To_Promote_Window" time="7.698"/>
  <system-out/>
  <testcase classname="com.compass.testcases.SP96_CMP15590" name="TC03_Submitting_Details_in_Promotion_Window" time="10.091"/>
  <system-out/>
  <testcase classname="com.compass.testcases.SP96_CMP15590" name="TC04_Verifying_Report_Without_Refreshing_Page" time="21.221"/>
  <system-out/>
  <testcase classname="com.compass.testcases.SP96_CMP15590" name="TC05_navigate_To_Depromote_Window" time="5.417"/>
  <system-out/>
  <testcase classname="com.compass.testcases.SP96_CMP15590" name="TC06_Submitting_Details_in_DePromotion_Window" time="3.399"/>
  <system-out/>
  <testcase classname="com.compass.testcases.SP96_CMP15590" name="TC07_Verifying_Report_link_Without_Refreshing_Page" time="16.719"/>
  <system-out/>
</testsuite> <!-- com.compass.testcases.SP96_CMP15590 -->
