<?xml version="1.0" encoding="UTF-8"?>
<!-- Generated by org.testng.reporters.JUnitReportReporter -->
<testsuite hostname="LAPTOP-24ESH4RE" failures="0" tests="7" name="com.compass.testcases.SP1_OLX_T353" time="35.509" errors="0" timestamp="2023-07-08T22:10:04 IST" skipped="0">
  <testcase classname="com.compass.testcases.SP1_OLX_T353" name="loginToVessel" time="16.705"/>
  <testcase classname="com.compass.testcases.SP1_OLX_T353" name="hoverToProfile" time="0.872"/>
  <testcase classname="com.compass.testcases.SP1_OLX_T353" name="navigateToProfile" time="8.019"/>
  <testcase classname="com.compass.testcases.SP1_OLX_T353" name="navigateToRecords" time="1.318"/>
  <testcase classname="com.compass.testcases.SP1_OLX_T353" name="navigateToRapid_e_learningNotPresent" time="7.087"/>
  <testcase classname="com.compass.testcases.SP1_OLX_T353" name="navigateToAnyRecordOfRapid_e_learning" time="1.208"/>
  <testcase classname="com.compass.testcases.SP1_OLX_T353" name="validatePrintDetails" time="0.300"/>
</testsuite> <!-- com.compass.testcases.SP1_OLX_T353 -->
