<?xml version="1.0" encoding="UTF-8"?>
<!-- Generated by org.testng.reporters.JUnitReportReporter -->
<testsuite hostname="DESKTOP-268PN8R" failures="0" tests="12" name="com.olp.schedule.OLP_R1_OLX_T1506" time="49.846" errors="0" timestamp="2023-09-12T22:38:26 IST" skipped="0">
  <testcase classname="com.olp.schedule.OLP_R1_OLX_T1506" name="tc01_NavigateToPersonalCard" time="8.758"/>
  <testcase classname="com.olp.schedule.OLP_R1_OLX_T1506" name="tc02_NavigateToScheduleButton" time="2.999"/>
  <testcase classname="com.olp.schedule.OLP_R1_OLX_T1506" name="tc03_ValidateAllRequirementsUnderSchedule" time="2.807"/>
  <testcase classname="com.olp.schedule.OLP_R1_OLX_T1506" name="tc04_NavigateToIndividualRequirements" time="4.165"/>
  <testcase classname="com.olp.schedule.OLP_R1_OLX_T1506" name="tc05_NavigateToEditIconOfCompletedOne" time="5.866"/>
  <testcase classname="com.olp.schedule.OLP_R1_OLX_T1506" name="tc06_CheckUnenrollButton" time="3.605"/>
  <testcase classname="com.olp.schedule.OLP_R1_OLX_T1506" name="tc07_NavigateToNoButtonUnderUnenroll" time="2.459"/>
  <testcase classname="com.olp.schedule.OLP_R1_OLX_T1506" name="tc08_NavigateToYesButtonUnderUnenroll" time="6.072"/>
  <testcase classname="com.olp.schedule.OLP_R1_OLX_T1506" name="tc09_NavigateToEditIconOfNotAttemptedOne" time="4.889"/>
  <testcase classname="com.olp.schedule.OLP_R1_OLX_T1506" name="tc10_NavigateToDeleteButton" time="2.686"/>
  <testcase classname="com.olp.schedule.OLP_R1_OLX_T1506" name="tc11_NavigateToNoButtonUnderDelete" time="2.424"/>
  <testcase classname="com.olp.schedule.OLP_R1_OLX_T1506" name="tc12_NavigateToYesButtonUnderDelete" time="3.116"/>
</testsuite> <!-- com.olp.schedule.OLP_R1_OLX_T1506 -->
