<?xml version="1.0" encoding="UTF-8"?>
<!-- Generated by org.testng.reporters.JUnitReportReporter -->
<testsuite hostname="BIPLP040" failures="0" tests="4" name="com.compass.testcases.SP94_CMP14464_BudgetApproval" time="164.162" errors="0" timestamp="2023-03-23T15:13:46 IST" skipped="0">
  <testcase classname="com.compass.testcases.SP94_CMP14464_BudgetApproval" name="TC_01_VerifyNavigationToBudgetList" time="5.080"/>
  <system-out/>
  <testcase classname="com.compass.testcases.SP94_CMP14464_BudgetApproval" name="TC_02_SaveBudget" time="13.501"/>
  <system-out/>
  <testcase classname="com.compass.testcases.SP94_CMP14464_BudgetApproval" name="TC_03_ApproveBudget" time="4.831"/>
  <system-out/>
  <testcase classname="com.compass.testcases.SP94_CMP14464_BudgetApproval" name="TC_04_ReworkSavedBudget" time="140.750"/>
  <system-out/>
</testsuite> <!-- com.compass.testcases.SP94_CMP14464_BudgetApproval -->
