<?xml version="1.0" encoding="UTF-8"?>
<!-- Generated by org.testng.reporters.JUnitReportReporter -->
<testsuite hostname="DESKTOP-268PN8R" failures="0" tests="7" name="com.olp.personnelview.OLP_R1_OLX_T926" time="68.044" errors="0" timestamp="2023-08-09T15:11:51 IST" skipped="0">
  <testcase classname="com.olp.personnelview.OLP_R1_OLX_T926" name="loginToVessel" time="16.160"/>
  <testcase classname="com.olp.personnelview.OLP_R1_OLX_T926" name="navigateToSearch1" time="9.485"/>
  <testcase classname="com.olp.personnelview.OLP_R1_OLX_T926" name="navigateToPersonalCard1" time="6.123"/>
  <testcase classname="com.olp.personnelview.OLP_R1_OLX_T926" name="navigateToShowLastSearch1" time="5.977"/>
  <testcase classname="com.olp.personnelview.OLP_R1_OLX_T926" name="clickOnShowAdvanceSearch" time="12.463"/>
  <testcase classname="com.olp.personnelview.OLP_R1_OLX_T926" name="navigateToPersonalCard2" time="5.958"/>
  <testcase classname="com.olp.personnelview.OLP_R1_OLX_T926" name="clickOnShowLastSearch2" time="11.878"/>
</testsuite> <!-- com.olp.personnelview.OLP_R1_OLX_T926 -->
