<?xml version="1.0" encoding="UTF-8"?>
<!-- Generated by org.testng.reporters.JUnitReportReporter -->
<testsuite hostname="BIPLP040" failures="0" tests="2" name="com.compass.testcases.SP94_CMP13151" time="15.676" errors="0" timestamp="2023-03-26T17:11:12 IST" skipped="0">
  <testcase classname="com.compass.testcases.SP94_CMP13151" name="TC_01_VerifyNavigationToBudgetListPage" time="14.595"/>
  <system-out/>
  <testcase classname="com.compass.testcases.SP94_CMP13151" name="TC_02_VerifyBudgetModuleSummaryReport" time="1.081"/>
  <system-out/>
</testsuite> <!-- com.compass.testcases.SP94_CMP13151 -->
