<?xml version="1.0" encoding="UTF-8"?>
<!-- Generated by org.testng.reporters.JUnitReportReporter -->
<testsuite hostname="DESKTOP-268PN8R" failures="0" tests="4" name="com.olp.p_card.OLP_R2_OLX_T109PCardEditEnable" time="24.136" errors="0" timestamp="2023-10-12T16:17:36 IST" skipped="0">
  <testcase classname="com.olp.p_card.OLP_R2_OLX_T109PCardEditEnable" name="TC01_navigateToPersonalCardTrainee" time="11.982"/>
  <testcase classname="com.olp.p_card.OLP_R2_OLX_T109PCardEditEnable" name="TC02_ValidateExternalIDLabelTrainee" time="0.514"/>
  <testcase classname="com.olp.p_card.OLP_R2_OLX_T109PCardEditEnable" name="TC03_navigateToPersonalCardAssessor" time="11.067"/>
  <testcase classname="com.olp.p_card.OLP_R2_OLX_T109PCardEditEnable" name="TC04_ValidateExternalIDLabelAssessor" time="0.573"/>
</testsuite> <!-- com.olp.p_card.OLP_R2_OLX_T109PCardEditEnable -->
