<?xml version="1.0" encoding="UTF-8"?>
<!-- Generated by org.testng.reporters.JUnitReportReporter -->
<testsuite hostname="DESKTOP-268PN8R" failures="0" tests="12" name="com.olp.p_view.OLP_R1_OLX_T33" time="53.968" errors="0" timestamp="2023-09-05T23:22:54 IST" skipped="0">
  <testcase classname="com.olp.p_view.OLP_R1_OLX_T33" name="TC01_SearchKeywords2" time="4.522"/>
  <testcase classname="com.olp.p_view.OLP_R1_OLX_T33" name="TC01_SearchKeywords2" time="4.388"/>
  <testcase classname="com.olp.p_view.OLP_R1_OLX_T33" name="TC01_SearchKeywords2" time="4.350"/>
  <testcase classname="com.olp.p_view.OLP_R1_OLX_T33" name="TC01_SearchKeywords2" time="4.523"/>
  <testcase classname="com.olp.p_view.OLP_R1_OLX_T33" name="TC01_SearchKeywords2" time="5.705"/>
  <testcase classname="com.olp.p_view.OLP_R1_OLX_T33" name="TC01_SearchKeywords2" time="4.293"/>
  <testcase classname="com.olp.p_view.OLP_R1_OLX_T33" name="TC01_SearchKeywords2" time="4.870"/>
  <testcase classname="com.olp.p_view.OLP_R1_OLX_T33" name="TC01_SearchKeywords2" time="4.451"/>
  <testcase classname="com.olp.p_view.OLP_R1_OLX_T33" name="TC02_SearchKeywords3" time="4.090"/>
  <testcase classname="com.olp.p_view.OLP_R1_OLX_T33" name="TC02_SearchKeywords3" time="4.285"/>
  <testcase classname="com.olp.p_view.OLP_R1_OLX_T33" name="TC02_SearchKeywords3" time="4.211"/>
  <testcase classname="com.olp.p_view.OLP_R1_OLX_T33" name="TC02_SearchKeywords3" time="4.280"/>
</testsuite> <!-- com.olp.p_view.OLP_R1_OLX_T33 -->
