<?xml version="1.0" encoding="UTF-8"?>
<!-- Generated by org.testng.reporters.JUnitReportReporter -->
<testsuite hostname="DESKTOP-0CLJ4FS" failures="0" tests="7" name="com.oap.assessment.OAP_Assessment_Pagination" time="97.395" errors="0" timestamp="2024-01-10T13:30:54 IST" skipped="0">
  <testcase classname="com.oap.assessment.OAP_Assessment_Pagination" name="TC01_NavigateToOAPlogo" time="0.733"/>
  <testcase classname="com.oap.assessment.OAP_Assessment_Pagination" name="TC02_VerifyOAPMenubar" time="0.739"/>
  <testcase classname="com.oap.assessment.OAP_Assessment_Pagination" name="TC03_NavigateToAssessmentPage" time="1.085"/>
  <testcase classname="com.oap.assessment.OAP_Assessment_Pagination" name="TC04_CheckAllTheStatusOfAssessment" time="18.916"/>
  <testcase classname="com.oap.assessment.OAP_Assessment_Pagination" name="TC05_NavigateToNextPage" time="17.190"/>
  <testcase classname="com.oap.assessment.OAP_Assessment_Pagination" name="TC06_NavigateToPreviousPage" time="4.778"/>
  <testcase classname="com.oap.assessment.OAP_Assessment_Pagination" name="TC07_CheckRowsPerPageValues" time="53.954"/>
</testsuite> <!-- com.oap.assessment.OAP_Assessment_Pagination -->
