<?xml version="1.0" encoding="UTF-8"?>
<!-- Generated by org.testng.reporters.JUnitReportReporter -->
<testsuite hostname="BIPLP040" failures="0" tests="3" name="com.compass.testcases.SP93_CMP14301_ComplementCurrencies" time="16.068" errors="0" timestamp="2023-03-23T14:39:59 IST" skipped="0">
  <testcase classname="com.compass.testcases.SP93_CMP14301_ComplementCurrencies" name="TC_01_VerifyNavigationToBudgetList" time="8.979"/>
  <system-out/>
  <testcase classname="com.compass.testcases.SP93_CMP14301_ComplementCurrencies" name="TC_03RevalidateAndEditCurrency" time="3.339"/>
  <system-out/>
  <testcase classname="com.compass.testcases.SP93_CMP14301_ComplementCurrencies" name="TC_02VerifyCurrency" time="3.750"/>
  <system-out/>
</testsuite> <!-- com.compass.testcases.SP93_CMP14301_ComplementCurrencies -->
