<?xml version="1.0" encoding="UTF-8"?>
<!-- Generated by org.testng.reporters.JUnitReportReporter -->
<testsuite hostname="BIPLP040" failures="0" tests="3" name="com.compass.testcases.SP95_CMP14213" time="19.509" errors="0" timestamp="2023-03-26T17:11:12 IST" skipped="0">
  <testcase classname="com.compass.testcases.SP95_CMP14213" name="TC01_Navigate_Budget_List" time="4.055"/>
  <system-out/>
  <testcase classname="com.compass.testcases.SP95_CMP14213" name="TC02_Verify_Edit_Button" time="3.903"/>
  <system-out/>
  <testcase classname="com.compass.testcases.SP95_CMP14213" name="TC03_Add_Budget_Wage_Elements_OverTime" time="11.551"/>
  <system-out/>
</testsuite> <!-- com.compass.testcases.SP95_CMP14213 -->
