<?xml version="1.0" encoding="UTF-8"?>
<!-- Generated by org.testng.reporters.JUnitReportReporter -->
<testsuite hostname="Arun" failures="0" tests="2" name="com.compass.testcases.SP98_CMP1536" time="32.503" errors="0" timestamp="2023-05-05T10:15:00 IST" skipped="0">
  <testcase classname="com.compass.testcases.SP98_CMP1536" name="loginToOnboarding" time="19.747"/>
  <system-out/>
  <testcase classname="com.compass.testcases.SP98_CMP1536" name="verifyDownloadedFile" time="12.756"/>
  <system-out/>
</testsuite> <!-- com.compass.testcases.SP98_CMP1536 -->
