<?xml version="1.0" encoding="UTF-8"?>
<!-- Generated by org.testng.reporters.JUnitReportReporter -->
<testsuite hostname="DESKTOP-268PN8R" failures="0" tests="6" name="com.olp.testcases.OLP_R1_OLX_T13" time="29.506" errors="0" timestamp="2023-08-08T14:19:39 IST" skipped="0">
  <testcase classname="com.olp.testcases.OLP_R1_OLX_T13" name="navigateToSearch" time="6.757"/>
  <testcase classname="com.olp.testcases.OLP_R1_OLX_T13" name="navigateToAdvanceSearch" time="5.717"/>
  <testcase classname="com.olp.testcases.OLP_R1_OLX_T13" name="navigateToShowPersonnelOnlyCombo" time="0.358"/>
  <testcase classname="com.olp.testcases.OLP_R1_OLX_T13" name="validateToShowPersonnelOnlyCombo" time="4.210"/>
  <testcase classname="com.olp.testcases.OLP_R1_OLX_T13" name="validateCheckUncheckAllShowPersonnelOnly" time="5.733"/>
  <testcase classname="com.olp.testcases.OLP_R1_OLX_T13" name="validateLastUncheckedShowPersonnelOnly" time="6.731"/>
</testsuite> <!-- com.olp.testcases.OLP_R1_OLX_T13 -->
