<?xml version="1.0" encoding="UTF-8"?>
<!-- Generated by org.testng.reporters.JUnitReportReporter -->
<testsuite hostname="DESKTOP-268PN8R" failures="0" tests="8" name="com.olp.schedule.OLP_R1_OLX_T1530_1_3_4" time="12.933" errors="0" timestamp="2023-09-06T18:51:34 IST" skipped="0">
  <testcase classname="com.olp.schedule.OLP_R1_OLX_T1530_1_3_4" name="TC01_navigateToPersonalCard" time="3.386"/>
  <testcase classname="com.olp.schedule.OLP_R1_OLX_T1530_1_3_4" name="TC02_navigateToSchedule" time="1.524"/>
  <testcase classname="com.olp.schedule.OLP_R1_OLX_T1530_1_3_4" name="TC03_navigateTo_IndividualRequirements" time="3.973"/>
  <testcase classname="com.olp.schedule.OLP_R1_OLX_T1530_1_3_4" name="TC04_Validate_Add_IndividualRequirements" time="0.511"/>
  <testcase classname="com.olp.schedule.OLP_R1_OLX_T1530_1_3_4" name="TC05_validateProfiencyPresence" time="0.534"/>
  <testcase classname="com.olp.schedule.OLP_R1_OLX_T1530_1_3_4" name="TC06_NavigateToProfiency" time="1.402"/>
  <testcase classname="com.olp.schedule.OLP_R1_OLX_T1530_1_3_4" name="TC07_ValidateDetilsPopup" time="0.599"/>
  <testcase classname="com.olp.schedule.OLP_R1_OLX_T1530_1_3_4" name="TC08_ValidatePopup" time="1.004"/>
</testsuite> <!-- com.olp.schedule.OLP_R1_OLX_T1530_1_3_4 -->
