<?xml version="1.0" encoding="UTF-8"?>
<!-- Generated by org.testng.reporters.JUnitReportReporter -->
<testsuite hostname="DESKTOP-268PN8R" failures="0" tests="7" name="com.olp.p_view.OLP_R1_OLX_T152" time="70.706" errors="0" timestamp="2023-09-12T22:38:26 IST" skipped="0">
  <testcase classname="com.olp.p_view.OLP_R1_OLX_T152" name="TC01_NavigateToAdvanceSearch" time="2.121"/>
  <testcase classname="com.olp.p_view.OLP_R1_OLX_T152" name="TC02_NavigateToPersonnelPoolManila" time="13.957"/>
  <testcase classname="com.olp.p_view.OLP_R1_OLX_T152" name="TC03_ValidatePersonnelPoolManila" time="8.971"/>
  <testcase classname="com.olp.p_view.OLP_R1_OLX_T152" name="TC04_NavigateToPersonnelPoolGermany" time="12.393"/>
  <testcase classname="com.olp.p_view.OLP_R1_OLX_T152" name="TC05_ValidatePersonnelPoolGermany" time="8.841"/>
  <testcase classname="com.olp.p_view.OLP_R1_OLX_T152" name="TC06_NavigateToPersonnelPoolOBLviewer" time="21.446"/>
  <testcase classname="com.olp.p_view.OLP_R1_OLX_T152" name="TC07_ValidatePersonnelPoolEmptyResult" time="2.977"/>
</testsuite> <!-- com.olp.p_view.OLP_R1_OLX_T152 -->
