<?xml version="1.0" encoding="UTF-8"?>
<!-- Generated by org.testng.reporters.JUnitReportReporter -->
<testsuite hostname="BIPLP040" failures="0" tests="3" name="com.compass.testcases.SP94_CMP15238_Enhancementocrewcomplementtabandothers" time="17.924" errors="0" timestamp="2023-03-23T10:15:42 IST" skipped="0">
  <testcase classname="com.compass.testcases.SP94_CMP15238_Enhancementocrewcomplementtabandothers" name="TC01_Navigate_Budget_List" time="5.361"/>
  <system-out/>
  <testcase classname="com.compass.testcases.SP94_CMP15238_Enhancementocrewcomplementtabandothers" name="TC02_Verify_Edit_Button_Budget_List_Page" time="2.812"/>
  <system-out/>
  <testcase classname="com.compass.testcases.SP94_CMP15238_Enhancementocrewcomplementtabandothers" name="TC03_Verify_Label_Crew_Complement" time="9.751"/>
  <system-out/>
</testsuite> <!-- com.compass.testcases.SP94_CMP15238_Enhancementocrewcomplementtabandothers -->
