<?xml version="1.0" encoding="UTF-8"?>
<!-- Generated by org.testng.reporters.JUnitReportReporter -->
<testsuite hostname="LAPTOP-24ESH4RE" failures="0" tests="7" name="com.olp.testcases.OLP_OLX_T926" time="71.572" errors="0" timestamp="2023-07-18T18:12:02 IST" skipped="0">
  <testcase classname="com.olp.testcases.OLP_OLX_T926" name="loginToVessel" time="23.025"/>
  <testcase classname="com.olp.testcases.OLP_OLX_T926" name="navigateToSearch1" time="5.572"/>
  <testcase classname="com.olp.testcases.OLP_OLX_T926" name="navigateToPersonalCard1" time="5.975"/>
  <testcase classname="com.olp.testcases.OLP_OLX_T926" name="navigateToShowLastSearch1" time="6.003"/>
  <testcase classname="com.olp.testcases.OLP_OLX_T926" name="clickOnShowAdvanceSearch" time="13.008"/>
  <testcase classname="com.olp.testcases.OLP_OLX_T926" name="navigateToPersonalCard2" time="5.965"/>
  <testcase classname="com.olp.testcases.OLP_OLX_T926" name="clickOnShowLastSearch2" time="12.024"/>
</testsuite> <!-- com.olp.testcases.OLP_OLX_T926 -->
