<?xml version="1.0" encoding="UTF-8"?>
<!-- Generated by org.testng.reporters.JUnitReportReporter -->
<testsuite hostname="DESKTOP-268PN8R" failures="0" tests="24" name="com.olp.schedule.OLP_R1_OLX_T332" time="63.560" errors="0" timestamp="2023-08-27T15:06:49 IST" skipped="0">
  <testcase classname="com.olp.schedule.OLP_R1_OLX_T332" name="TC01_navigateToAPersonalCard" time="8.738"/>
  <testcase classname="com.olp.schedule.OLP_R1_OLX_T332" name="TC02_navigateToSchedule" time="1.489"/>
  <testcase classname="com.olp.schedule.OLP_R1_OLX_T332" name="TC03_navigateTo_IndividualRequirements" time="4.201"/>
  <testcase classname="com.olp.schedule.OLP_R1_OLX_T332" name="TC04_ValidatePopup" time="0.668"/>
  <testcase classname="com.olp.schedule.OLP_R1_OLX_T332" name="TC05_ValidateTestType" time="2.917"/>
  <testcase classname="com.olp.schedule.OLP_R1_OLX_T332" name="TC06_NavigateToScheduleTest" time="1.439"/>
  <testcase classname="com.olp.schedule.OLP_R1_OLX_T332" name="TC07_ValidateSendScheduleTest" time="2.764"/>
  <testcase classname="com.olp.schedule.OLP_R1_OLX_T332" name="TC08_ValidateGridAfterSchedule" time="6.390"/>
  <testcase classname="com.olp.schedule.OLP_R1_OLX_T332" name="TC09_ValidateTestType" time="2.608"/>
  <testcase classname="com.olp.schedule.OLP_R1_OLX_T332" name="TC10_ValidateDepartmentCombo" time="1.919"/>
  <testcase classname="com.olp.schedule.OLP_R1_OLX_T332" name="TC11_ValidateLevelCombo" time="0.597"/>
  <testcase classname="com.olp.schedule.OLP_R1_OLX_T332" name="TC12_ValidateDepartmentComboDeck" time="1.766"/>
  <testcase classname="com.olp.schedule.OLP_R1_OLX_T332" name="TC13_ValidateDepartmentDeckScheduleButton" time="0.594"/>
  <testcase classname="com.olp.schedule.OLP_R1_OLX_T332" name="TC14_ValidateDepartmentComboEngine" time="2.063"/>
  <testcase classname="com.olp.schedule.OLP_R1_OLX_T332" name="TC15_ValidateDepartmentEngineScheduleButton" time="0.578"/>
  <testcase classname="com.olp.schedule.OLP_R1_OLX_T332" name="TC16_NavigateToScheduleTest" time="0.679"/>
  <testcase classname="com.olp.schedule.OLP_R1_OLX_T332" name="TC17_ValidateDepartmentScheduleButton" time="1.168"/>
  <testcase classname="com.olp.schedule.OLP_R1_OLX_T332" name="TC18_ValidateGridAfterSchedule" time="7.797"/>
  <testcase classname="com.olp.schedule.OLP_R1_OLX_T332" name="TC19_ValidateTestType" time="4.903"/>
  <testcase classname="com.olp.schedule.OLP_R1_OLX_T332" name="TC20_ValidateScheduleDetailed" time="0.744"/>
  <testcase classname="com.olp.schedule.OLP_R1_OLX_T332" name="TC21_ValidateErrorMessages" time="7.048"/>
  <testcase classname="com.olp.schedule.OLP_R1_OLX_T332" name="TC22_ValidateDatesEditableOrNot" time="1.000"/>
  <testcase classname="com.olp.schedule.OLP_R1_OLX_T332" name="TC23_ValidateDateError" time="0.587"/>
  <testcase classname="com.olp.schedule.OLP_R1_OLX_T332" name="TC24_ValidateDate" time="0.903"/>
</testsuite> <!-- com.olp.schedule.OLP_R1_OLX_T332 -->
