<?xml version="1.0" encoding="UTF-8"?>
<!-- Generated by org.testng.reporters.JUnitReportReporter -->
<testsuite hostname="Arun" failures="0" tests="6" name="com.compass.testcases.SP96_CMP15556" time="65.526" errors="0" timestamp="2023-04-21T13:38:50 IST" skipped="0">
  <testcase classname="com.compass.testcases.SP96_CMP15556" name="TC_01_LoginToStage" time="6.128"/>
  <system-out/>
  <testcase classname="com.compass.testcases.SP96_CMP15556" name="TC_02_CrewReportIsDisplayed" time="7.659"/>
  <system-out/>
  <testcase classname="com.compass.testcases.SP96_CMP15556" name="TC_03_verifyNavigatingToCustomReportWRHOTReports" time="51.675"/>
  <system-out/>
  <testcase classname="com.compass.testcases.SP96_CMP15556" name="TC_04_verifyRecords" time="0.020"/>
  <system-out/>
  <testcase classname="com.compass.testcases.SP96_CMP15556" name="TC_05_verifyExcelDownload" time="0.015"/>
  <system-out/>
  <testcase classname="com.compass.testcases.SP96_CMP15556" name="TC_06_verifyPdfReportDownload" time="0.029"/>
  <system-out/>
</testsuite> <!-- com.compass.testcases.SP96_CMP15556 -->
