<?xml version="1.0" encoding="UTF-8"?>
<!-- Generated by org.testng.reporters.JUnitReportReporter -->
<testsuite hostname="DESKTOP-268PN8R" failures="0" tests="2" name="com.olp.p_card.OLP_R2_OLX_T293RestPCardDisable" time="4.857" errors="0" timestamp="2023-10-10T17:04:30 IST" skipped="0">
  <testcase classname="com.olp.p_card.OLP_R2_OLX_T293RestPCardDisable" name="TC01_navigateToPersonalCard" time="4.494"/>
  <testcase classname="com.olp.p_card.OLP_R2_OLX_T293RestPCardDisable" name="TC02_ValidateEMailAddress" time="0.363"/>
</testsuite> <!-- com.olp.p_card.OLP_R2_OLX_T293RestPCardDisable -->
