<?xml version="1.0" encoding="UTF-8"?>
<!-- Generated by org.testng.reporters.JUnitReportReporter -->
<testsuite hostname="BIPLP040" failures="0" tests="5" name="com.compass.testcases.SP94_CMP15104" time="42.801" errors="0" timestamp="2023-03-04T16:39:41 IST" skipped="0">
  <testcase classname="com.compass.testcases.SP94_CMP15104" name="loginToStage" time="5.020"/>
  <system-out/>
  <testcase classname="com.compass.testcases.SP94_CMP15104" name="TC_02_verifyVesselDetailsNavigation" time="7.135"/>
  <system-out/>
  <testcase classname="com.compass.testcases.SP94_CMP15104" name="TC_03_verifyActiveVesselCount" time="30.522"/>
  <system-out/>
  <testcase classname="com.compass.testcases.SP94_CMP15104" name="TC_04_verifyAddingandMatchingWatchedVesselCount" time="0.063"/>
  <system-out/>
  <testcase classname="com.compass.testcases.SP94_CMP15104" name="TC_05_verifyLinkNavigationUnderWatchedVessel" time="0.061"/>
  <system-out/>
</testsuite> <!-- com.compass.testcases.SP94_CMP15104 -->
