<?xml version="1.0" encoding="UTF-8"?>
<!-- Generated by org.testng.reporters.JUnitReportReporter -->
<testsuite hostname="DESKTOP-268PN8R" failures="0" tests="8" name="com.olp.personnelview.OLP_R1_OLX_T936" time="64.416" errors="0" timestamp="2023-08-09T12:58:17 IST" skipped="0">
  <testcase classname="com.olp.personnelview.OLP_R1_OLX_T936" name="loginToVessel" time="13.802"/>
  <testcase classname="com.olp.personnelview.OLP_R1_OLX_T936" name="verifySearchOption" time="16.954"/>
  <testcase classname="com.olp.personnelview.OLP_R1_OLX_T936" name="selectPromotionQueryInAdditionalSEarchCriteria" time="1.843"/>
  <testcase classname="com.olp.personnelview.OLP_R1_OLX_T936" name="selectDefaultValueInPromtionQuery" time="3.223"/>
  <testcase classname="com.olp.personnelview.OLP_R1_OLX_T936" name="selectMasterAssesorValueInRequirementForRank" time="6.833"/>
  <testcase classname="com.olp.personnelview.OLP_R1_OLX_T936" name="selectBulkCarrierValueInRequirementForInstallationType" time="6.929"/>
  <testcase classname="com.olp.personnelview.OLP_R1_OLX_T936" name="selectValueinRequirementsforRankandRequirementysforInstallationtype" time="7.315"/>
  <testcase classname="com.olp.personnelview.OLP_R1_OLX_T936" name="validateClearButton" time="7.517"/>
</testsuite> <!-- com.olp.personnelview.OLP_R1_OLX_T936 -->
