<?xml version="1.0" encoding="UTF-8"?>
<!-- Generated by org.testng.reporters.JUnitReportReporter -->
<testsuite hostname="LAPTOP-24ESH4RE" failures="0" tests="6" name="com.compass.testcases.SP101_CMP17388" time="50.958" errors="0" timestamp="2023-05-24T14:28:42 IST" skipped="0">
  <testcase classname="com.compass.testcases.SP101_CMP17388" name="TC_01_LoginToStage" time="10.252"/>
  <system-out/>
  <testcase classname="com.compass.testcases.SP101_CMP17388" name="TC_02_navigateToMatrixComplianceReport" time="28.967"/>
  <system-out/>
  <testcase classname="com.compass.testcases.SP101_CMP17388" name="TC_03_navigationtoVesselnameMatrixComplianceReport" time="6.682"/>
  <system-out/>
  <testcase classname="com.compass.testcases.SP101_CMP17388" name="TC_04_navigateToCrewDetailsForVessel" time="2.917"/>
  <system-out/>
  <testcase classname="com.compass.testcases.SP101_CMP17388" name="TC_05_verifyWatchkeeperColumn" time="1.814"/>
  <system-out/>
  <testcase classname="com.compass.testcases.SP101_CMP17388" name="TC_06_verifytheWatchkeeperstatusForMaster" time="0.326"/>
  <system-out/>
</testsuite> <!-- com.compass.testcases.SP101_CMP17388 -->
