<?xml version="1.0" encoding="UTF-8"?>
<!-- Generated by org.testng.reporters.JUnitReportReporter -->
<testsuite hostname="DESKTOP-0CLJ4FS" failures="0" tests="10" name="com.olp.records_elearning.OLP2L_RC3_OLX_T208" time="21.363" errors="0" timestamp="2023-10-23T13:34:28 IST" skipped="0">
  <testcase classname="com.olp.records_elearning.OLP2L_RC3_OLX_T208" name="TC01_navigateToPersonalCard" time="5.013"/>
  <testcase classname="com.olp.records_elearning.OLP2L_RC3_OLX_T208" name="TC02_NavigateToRecordsTab" time="1.981"/>
  <testcase classname="com.olp.records_elearning.OLP2L_RC3_OLX_T208" name="TC03_NavigateToElearningArea" time="5.725"/>
  <testcase classname="com.olp.records_elearning.OLP2L_RC3_OLX_T208" name="TC04_NavigateToRecordUnderELearningGrid" time="3.675"/>
  <testcase classname="com.olp.records_elearning.OLP2L_RC3_OLX_T208" name="TC05_NavigateToElearningSessions" time="0.815"/>
  <testcase classname="com.olp.records_elearning.OLP2L_RC3_OLX_T208" name="TC06_NavigateToSessisonDetails" time="0.656"/>
  <testcase classname="com.olp.records_elearning.OLP2L_RC3_OLX_T208" name="TC07_NavigateToResultDetailSectionUnderSessionDetailsGrid" time="0.676"/>
  <testcase classname="com.olp.records_elearning.OLP2L_RC3_OLX_T208" name="TC08_NavigateToAlongWithButtons" time="0.947"/>
  <testcase classname="com.olp.records_elearning.OLP2L_RC3_OLX_T208" name="TC09_NavigateToResultsOfSessionDetailsGrid" time="0.909"/>
  <testcase classname="com.olp.records_elearning.OLP2L_RC3_OLX_T208" name="TC10_NavigateToCloseButtons" time="0.966"/>
</testsuite> <!-- com.olp.records_elearning.OLP2L_RC3_OLX_T208 -->
