<?xml version="1.0" encoding="UTF-8"?>
<!-- Generated by org.testng.reporters.JUnitReportReporter -->
<testsuite hostname="DESKTOP-268PN8R" failures="0" tests="10" name="com.olp.schedule.OLP_R1_OLX_T1535" time="66.707" errors="0" timestamp="2023-09-12T22:38:26 IST" skipped="0">
  <testcase classname="com.olp.schedule.OLP_R1_OLX_T1535" name="tc01_NavigateToScheduleButton" time="11.496"/>
  <testcase classname="com.olp.schedule.OLP_R1_OLX_T1535" name="tc02_ValidateAllRequirementsUnderSchedule" time="2.807"/>
  <testcase classname="com.olp.schedule.OLP_R1_OLX_T1535" name="tc03_NavigateToIndividualRequirements" time="4.146"/>
  <testcase classname="com.olp.schedule.OLP_R1_OLX_T1535" name="tc04_NavigateToAddNewProficiencyRequirement" time="2.645"/>
  <testcase classname="com.olp.schedule.OLP_R1_OLX_T1535" name="tc05_NavigateUnderAddNewProficiencyRequirementsArePresent" time="0.655"/>
  <testcase classname="com.olp.schedule.OLP_R1_OLX_T1535" name="tc06_ValidateToCriticalityDropdown" time="2.617"/>
  <testcase classname="com.olp.schedule.OLP_R1_OLX_T1535" name="tc07_ValidateToDeadline" time="3.052"/>
  <testcase classname="com.olp.schedule.OLP_R1_OLX_T1535" name="tc08_ValidateToRetrainingDropdown" time="6.735"/>
  <testcase classname="com.olp.schedule.OLP_R1_OLX_T1535" name="tc09_NavigateToSelectProficiencyButton" time="29.288"/>
  <testcase classname="com.olp.schedule.OLP_R1_OLX_T1535" name="tc10_verifyToInstruction" time="3.266"/>
</testsuite> <!-- com.olp.schedule.OLP_R1_OLX_T1535 -->
