<?xml version="1.0" encoding="UTF-8"?>
<!-- Generated by org.testng.reporters.JUnitReportReporter -->
<testsuite hostname="DESKTOP-268PN8R" failures="0" tests="10" name="com.olp.p_view.OLP_R1_OLX_T91" time="123.120" errors="0" timestamp="2023-09-12T22:38:26 IST" skipped="0">
  <testcase classname="com.olp.p_view.OLP_R1_OLX_T91" name="TC01_ExpandAdvanceSearch" time="5.880"/>
  <testcase classname="com.olp.p_view.OLP_R1_OLX_T91" name="TC02_SearchNationalityPoland" time="11.588"/>
  <testcase classname="com.olp.p_view.OLP_R1_OLX_T91" name="TC03_ValidateNationalityPoland" time="10.439"/>
  <testcase classname="com.olp.p_view.OLP_R1_OLX_T91" name="TC04_SearchNationalityAfghanistan" time="14.233"/>
  <testcase classname="com.olp.p_view.OLP_R1_OLX_T91" name="TC05_ValidateNationalityAfghanistan" time="9.193"/>
  <testcase classname="com.olp.p_view.OLP_R1_OLX_T91" name="TC06_ValidateNorecordsLabelForFijiCountry" time="13.037"/>
  <testcase classname="com.olp.p_view.OLP_R1_OLX_T91" name="TC07_SearchNationalityPoland_Norway" time="16.124"/>
  <testcase classname="com.olp.p_view.OLP_R1_OLX_T91" name="TC08_ValidateNationalityPolandOrNorway" time="9.220"/>
  <testcase classname="com.olp.p_view.OLP_R1_OLX_T91" name="TC09_SearchNationalityPoland_Norway_Afghanistan" time="23.724"/>
  <testcase classname="com.olp.p_view.OLP_R1_OLX_T91" name="TC10_ValidateNationalityPoland_Norway_Afghanistan" time="9.682"/>
</testsuite> <!-- com.olp.p_view.OLP_R1_OLX_T91 -->
