<?xml version="1.0" encoding="UTF-8"?>
<!-- Generated by org.testng.reporters.JUnitReportReporter -->
<testsuite hostname="BIPLP040" failures="0" tests="2" name="com.compass.testcases.SP94_CMP13151_BudgetModuleSummaryReport" time="12.001" errors="0" timestamp="2023-03-23T14:53:09 IST" skipped="0">
  <testcase classname="com.compass.testcases.SP94_CMP13151_BudgetModuleSummaryReport" name="TC_01_VerifyNavigationToBudgetListPage" time="11.069"/>
  <system-out/>
  <testcase classname="com.compass.testcases.SP94_CMP13151_BudgetModuleSummaryReport" name="TC_02_VerifyBudgetModuleSummaryReport" time="0.932"/>
  <system-out/>
</testsuite> <!-- com.compass.testcases.SP94_CMP13151_BudgetModuleSummaryReport -->
