<?xml version="1.0" encoding="UTF-8"?>
<!-- Generated by org.testng.reporters.JUnitReportReporter -->
<testsuite hostname="DESKTOP-0CLJ4FS" failures="0" tests="2" name="com.olp.records_elearning.OLP2L_RC3_OLX_T258" time="16.414" errors="0" timestamp="2023-11-01T12:41:04 IST" skipped="0">
  <testcase classname="com.olp.records_elearning.OLP2L_RC3_OLX_T258" name="TC01_navigateToPersonalCard" time="11.480"/>
  <testcase classname="com.olp.records_elearning.OLP2L_RC3_OLX_T258" name="TC02_NavigateToRecordsTab" time="4.934"/>
</testsuite> <!-- com.olp.records_elearning.OLP2L_RC3_OLX_T258 -->
