<?xml version="1.0" encoding="UTF-8"?>
<!-- Generated by org.testng.reporters.JUnitReportReporter -->
<testsuite hostname="Arun" failures="0" tests="1" name="com.compass.testcases.CMP872_InvestigationNominationRequests" time="74.352" errors="0" timestamp="2023-04-17T16:32:26 IST" skipped="0">
  <testcase classname="com.compass.testcases.CMP872_InvestigationNominationRequests" name="Tc01_InvestigationNominationRequests" time="74.352"/>
  <system-out/>
</testsuite> <!-- com.compass.testcases.CMP872_InvestigationNominationRequests -->
