<?xml version="1.0" encoding="UTF-8"?>
<!-- Generated by org.testng.reporters.JUnitReportReporter -->
<testsuite hostname="Arun" failures="0" tests="9" name="com.compass.testcases.SP97_CMP14730" time="128.581" errors="0" timestamp="2023-05-05T10:15:00 IST" skipped="0">
  <testcase classname="com.compass.testcases.SP97_CMP14730" name="TC_01_loginToStage" time="4.874"/>
  <system-out/>
  <testcase classname="com.compass.testcases.SP97_CMP14730" name="TC_02_VerifyNavigationtoTaxJuridictionmatrixpage" time="10.896"/>
  <system-out/>
  <testcase classname="com.compass.testcases.SP97_CMP14730" name="TC_03_ADDTaxJuridictionmatrix" time="4.516"/>
  <system-out/>
  <testcase classname="com.compass.testcases.SP97_CMP14730" name="TC_04_ValidateErrorMessage" time="5.307"/>
  <system-out/>
  <testcase classname="com.compass.testcases.SP97_CMP14730" name="TC_05_NavigatetoCompassOnboard" time="2.023"/>
  <system-out/>
  <testcase classname="com.compass.testcases.SP97_CMP14730" name="TC_06_NavigatetoTaxallocation" time="0.037"/>
  <system-out/>
  <testcase classname="com.compass.testcases.SP97_CMP14730" name="TC_07_AddTaxJuridictionMatrix" time="50.411"/>
  <system-out/>
  <testcase classname="com.compass.testcases.SP97_CMP14730" name="TC_07_VerifyContractDuedate" time="50.493"/>
  <system-out/>
  <testcase classname="com.compass.testcases.SP97_CMP14730" name="TC_09_VerifyCrewtaxexposure" time="0.024"/>
  <system-out/>
</testsuite> <!-- com.compass.testcases.SP97_CMP14730 -->
