<?xml version="1.0" encoding="UTF-8"?>
<!-- Generated by org.testng.reporters.JUnitReportReporter -->
<testsuite hostname="DESKTOP-268PN8R" failures="0" tests="2" name="com.olp.p_card.OLP2L_RC3_OLX_T70" time="7.649" errors="0" timestamp="2023-10-18T13:46:51 IST" skipped="0">
  <testcase classname="com.olp.p_card.OLP2L_RC3_OLX_T70" name="TC01_navigateToPersonalCard" time="5.928"/>
  <testcase classname="com.olp.p_card.OLP2L_RC3_OLX_T70" name="TC02_NavigateToRecordsTab" time="1.721"/>
</testsuite> <!-- com.olp.p_card.OLP2L_RC3_OLX_T70 -->
