<?xml version="1.0" encoding="UTF-8"?>
<!-- Generated by org.testng.reporters.JUnitReportReporter -->
<testsuite hostname="BIPLP153" failures="0" tests="2" name="workflow.Create_Assessment" time="10.147" errors="0" timestamp="2024-04-18T16:51:02 IST" skipped="0">
  <testcase classname="workflow.Create_Assessment" name="TC10_NavigateToNewAssessment" time="2.019"/>
  <system-out/>
  <testcase classname="workflow.Create_Assessment" name="TC11_ValidateSaveAsDraftAssessment" time="8.128"/>
  <system-out/>
</testsuite> <!-- workflow.Create_Assessment -->
