<?xml version="1.0" encoding="UTF-8"?>
<!-- Generated by org.testng.reporters.JUnitReportReporter -->
<testsuite hostname="LAPTOP-24ESH4RE" failures="0" tests="7" name="com.compass.testcases.SP101_CMP18015" time="42.660" errors="0" timestamp="2023-06-07T22:12:26 IST" skipped="0">
  <testcase classname="com.compass.testcases.SP101_CMP18015" name="loginToStage" time="7.033"/>
  <system-out/>
  <testcase classname="com.compass.testcases.SP101_CMP18015" name="navigatetoAdministrativeFunctions1" time="6.862"/>
  <system-out/>
  <testcase classname="com.compass.testcases.SP101_CMP18015" name="navigateToWorkflow" time="16.520"/>
  <system-out/>
  <testcase classname="com.compass.testcases.SP101_CMP18015" name="navigateToAllWorkflow" time="0.480"/>
  <system-out/>
  <testcase classname="com.compass.testcases.SP101_CMP18015" name="navigatetoAdministrativeFunctions2" time="0.941"/>
  <system-out/>
  <testcase classname="com.compass.testcases.SP101_CMP18015" name="navigateToEvaluationTypes" time="3.027"/>
  <system-out/>
  <testcase classname="com.compass.testcases.SP101_CMP18015" name="navigateToAddEvaluationTypes" time="7.797"/>
  <system-out/>
</testsuite> <!-- com.compass.testcases.SP101_CMP18015 -->
