<?xml version="1.0" encoding="UTF-8"?>
<!-- Generated by org.testng.reporters.JUnitReportReporter -->
<testsuite hostname="DESKTOP-268PN8R" failures="0" tests="7" name="com.olp.p_card.OLP_R2_OLX_T86" time="15.475" errors="0" timestamp="2023-09-20T16:22:20 IST" skipped="0">
  <testcase classname="com.olp.p_card.OLP_R2_OLX_T86" name="TC01_navigateToPersonalCard" time="7.123"/>
  <testcase classname="com.olp.p_card.OLP_R2_OLX_T86" name="TC02_navigateToResetPassword" time="1.122"/>
  <testcase classname="com.olp.p_card.OLP_R2_OLX_T86" name="TC03_ValidateBlankErrorNewPassword" time="0.705"/>
  <testcase classname="com.olp.p_card.OLP_R2_OLX_T86" name="TC04_ValidateBlankErrorReTypeNewPassword" time="0.604"/>
  <testcase classname="com.olp.p_card.OLP_R2_OLX_T86" name="TC05_ValidateCancelButton" time="0.726"/>
  <testcase classname="com.olp.p_card.OLP_R2_OLX_T86" name="TC06_ValidateDOBPasswordAlert" time="3.299"/>
  <testcase classname="com.olp.p_card.OLP_R2_OLX_T86" name="TC07_ValidateRandomDatePasswordAlert" time="1.896"/>
</testsuite> <!-- com.olp.p_card.OLP_R2_OLX_T86 -->
