<?xml version="1.0" encoding="UTF-8"?>
<!-- Generated by org.testng.reporters.JUnitReportReporter -->
<testsuite hostname="Arun" failures="0" tests="9" name="com.compass.testcases.SP96_CMP15586" time="80.181" errors="0" timestamp="2023-05-05T10:15:01 IST" skipped="0">
  <testcase classname="com.compass.testcases.SP96_CMP15586" name="TC01_navigate_To_Planned_Changes" time="26.395"/>
  <system-out/>
  <testcase classname="com.compass.testcases.SP96_CMP15586" name="TC02_navigate_To_Planned_Events" time="3.432"/>
  <system-out/>
  <testcase classname="com.compass.testcases.SP96_CMP15586" name="TC03_navigating_To_Planned_Event_Details" time="8.375"/>
  <system-out/>
  <testcase classname="com.compass.testcases.SP96_CMP15586" name="TC04_Planned_Event_Details_Actual_Promotion" time="4.490"/>
  <system-out/>
  <testcase classname="com.compass.testcases.SP96_CMP15586" name="TC05_Planned_Event_Details_Temporary_Promotion" time="4.479"/>
  <system-out/>
  <testcase classname="com.compass.testcases.SP96_CMP15586" name="TC06_Planned_Event_Details_Actual_Demotion" time="5.487"/>
  <system-out/>
  <testcase classname="com.compass.testcases.SP96_CMP15586" name="TC07_planned_Event_MultipleTypes_Promotions" time="2.267"/>
  <system-out/>
  <testcase classname="com.compass.testcases.SP96_CMP15586" name="TC08_navigating_To_Commit_Bulk_Movement" time="8.521"/>
  <system-out/>
  <testcase classname="com.compass.testcases.SP96_CMP15586" name="TC09_navigate_To_Visual_Planner" time="16.735"/>
  <system-out/>
</testsuite> <!-- com.compass.testcases.SP96_CMP15586 -->
