<?xml version="1.0" encoding="UTF-8"?>
<!-- Generated by org.testng.reporters.JUnitReportReporter -->
<testsuite hostname="LAPTOP-24ESH4RE" failures="0" tests="9" name="com.olp.testcases.SP1_OLX_T90" time="106.828" errors="0" timestamp="2023-07-14T13:23:25 IST" skipped="0">
  <testcase classname="com.olp.testcases.SP1_OLX_T90" name="loginToVessel" time="26.013"/>
  <testcase classname="com.olp.testcases.SP1_OLX_T90" name="navigateToAdvanceSearch" time="5.803"/>
  <testcase classname="com.olp.testcases.SP1_OLX_T90" name="navigateToSearchMaster" time="10.144"/>
  <testcase classname="com.olp.testcases.SP1_OLX_T90" name="validatePersonnelRanksMaster" time="5.770"/>
  <testcase classname="com.olp.testcases.SP1_OLX_T90" name="navigateToSearchRankA" time="10.402"/>
  <testcase classname="com.olp.testcases.SP1_OLX_T90" name="validatePersonnelRankA" time="4.384"/>
  <testcase classname="com.olp.testcases.SP1_OLX_T90" name="navigateToSearchRankBlankResults" time="12.436"/>
  <testcase classname="com.olp.testcases.SP1_OLX_T90" name="navigateToSearch2Ranks" time="15.223"/>
  <testcase classname="com.olp.testcases.SP1_OLX_T90" name="navigateToSearch3Ranks" time="16.653"/>
</testsuite> <!-- com.olp.testcases.SP1_OLX_T90 -->
