<?xml version="1.0" encoding="UTF-8"?>
<!-- Generated by org.testng.reporters.JUnitReportReporter -->
<testsuite hostname="BIPLP040" failures="0" tests="5" name="com.compass.testcases.SP94_CMP14837" time="13.767" errors="0" timestamp="2023-03-04T15:57:36 IST" skipped="0">
  <testcase classname="com.compass.testcases.SP94_CMP14837" name="loginToStage" time="3.858"/>
  <system-out/>
  <testcase classname="com.compass.testcases.SP94_CMP14837" name="TC_02_navigateToCrewChangeSummary" time="9.892"/>
  <system-out/>
  <testcase classname="com.compass.testcases.SP94_CMP14837" name="TC_03_verifyYearFilter" time="0.008"/>
  <system-out/>
  <testcase classname="com.compass.testcases.SP94_CMP14837" name="TC_04_verifyYearFilter" time="0.004"/>
  <system-out/>
  <testcase classname="com.compass.testcases.SP94_CMP14837" name="TC_05_verifyCompanyFilter" time="0.005"/>
  <system-out/>
</testsuite> <!-- com.compass.testcases.SP94_CMP14837 -->
