<?xml version="1.0" encoding="UTF-8"?>
<!-- Generated by org.testng.reporters.JUnitReportReporter -->
<testsuite hostname="DESKTOP-268PN8R" failures="0" tests="12" name="com.olp.p_view.OLP_R1_OLX_T1111" time="79.694" errors="0" timestamp="2023-09-04T14:51:50 IST" skipped="0">
  <testcase classname="com.olp.p_view.OLP_R1_OLX_T1111" name="TC01_navigateToSearchForPersonnel" time="2.114"/>
  <testcase classname="com.olp.p_view.OLP_R1_OLX_T1111" name="TC02_navigateToAdvanceSearch" time="1.323"/>
  <testcase classname="com.olp.p_view.OLP_R1_OLX_T1111" name="TC03_validateClearButton" time="6.087"/>
  <testcase classname="com.olp.p_view.OLP_R1_OLX_T1111" name="TC04_validateSearchButton" time="6.946"/>
  <testcase classname="com.olp.p_view.OLP_R1_OLX_T1111" name="TC05_validateTraineePresentInResults" time="3.232"/>
  <testcase classname="com.olp.p_view.OLP_R1_OLX_T1111" name="TC05_validateTraineePresentInResults" time="3.192"/>
  <testcase classname="com.olp.p_view.OLP_R1_OLX_T1111" name="TC06_validateTraineeForRootGroup1InResults" time="14.897"/>
  <testcase classname="com.olp.p_view.OLP_R1_OLX_T1111" name="TC06_validateTraineeForRootGroup1InResults" time="9.251"/>
  <testcase classname="com.olp.p_view.OLP_R1_OLX_T1111" name="TC07_validateTraineeForRootGroup2InResults" time="10.163"/>
  <testcase classname="com.olp.p_view.OLP_R1_OLX_T1111" name="TC07_validateTraineeForRootGroup2InResults" time="15.787"/>
  <testcase classname="com.olp.p_view.OLP_R1_OLX_T1111" name="TC08_validateTraineeForAllRootGroupInResults" time="3.417"/>
  <testcase classname="com.olp.p_view.OLP_R1_OLX_T1111" name="TC08_validateTraineeForAllRootGroupInResults" time="3.285"/>
</testsuite> <!-- com.olp.p_view.OLP_R1_OLX_T1111 -->
