<?xml version="1.0" encoding="UTF-8"?>
<!-- Generated by org.testng.reporters.JUnitReportReporter -->
<testsuite hostname="LAPTOP-24ESH4RE" failures="0" tests="6" name="com.compass.testcases.SP1_OLX_T352" time="37.094" errors="0" timestamp="2023-07-09T13:38:56 IST" skipped="0">
  <testcase classname="com.compass.testcases.SP1_OLX_T352" name="loginToVessel" time="20.857"/>
  <testcase classname="com.compass.testcases.SP1_OLX_T352" name="navigateToSearchAssessor" time="3.381"/>
  <testcase classname="com.compass.testcases.SP1_OLX_T352" name="navigateToPersonalCard" time="5.209"/>
  <testcase classname="com.compass.testcases.SP1_OLX_T352" name="navigateToRecords" time="1.023"/>
  <testcase classname="com.compass.testcases.SP1_OLX_T352" name="validateRapid_e_learningNotPresent" time="1.148"/>
  <testcase classname="com.compass.testcases.SP1_OLX_T352" name="validatePrintDetails" time="5.476"/>
</testsuite> <!-- com.compass.testcases.SP1_OLX_T352 -->
