<?xml version="1.0" encoding="UTF-8"?>
<!-- Generated by org.testng.reporters.JUnitReportReporter -->
<testsuite hostname="DESKTOP-268PN8R" failures="0" tests="4" name="com.olp.status.OLP_R1_OLX_T483" time="72.476" errors="0" timestamp="2023-09-12T22:38:26 IST" skipped="0">
  <testcase classname="com.olp.status.OLP_R1_OLX_T483" name="tc01_Personalcard" time="9.181"/>
  <testcase classname="com.olp.status.OLP_R1_OLX_T483" name="tc02_LoginToAssessor" time="56.919"/>
  <testcase classname="com.olp.status.OLP_R1_OLX_T483" name="tc03_NavigateToProfile" time="3.320"/>
  <testcase classname="com.olp.status.OLP_R1_OLX_T483" name="tc04_NavigateToStatusUnderProfile" time="3.056"/>
</testsuite> <!-- com.olp.status.OLP_R1_OLX_T483 -->
