<?xml version="1.0" encoding="UTF-8"?>
<!-- Generated by org.testng.reporters.JUnitReportReporter -->
<testsuite hostname="BIPLP040" failures="0" tests="1" name="com.compass.testcases.SP95_CMP_14824" time="39.672" errors="0" timestamp="2023-03-23T10:15:42 IST" skipped="0">
  <testcase classname="com.compass.testcases.SP95_CMP_14824" name="TC01_navigating_To_CrewProfile" time="39.672"/>
  <system-out/>
</testsuite> <!-- com.compass.testcases.SP95_CMP_14824 -->
