<?xml version="1.0" encoding="UTF-8"?>
<!-- Generated by org.testng.reporters.JUnitReportReporter -->
<testsuite hostname="DESKTOP-268PN8R" failures="0" tests="3" name="com.olp.p_view.OLP_R1_OLX_T209" time="12.465" errors="0" timestamp="2023-09-09T08:36:59 IST" skipped="0">
  <testcase classname="com.olp.p_view.OLP_R1_OLX_T209" name="TC01_NavigateToSearchForPersonnel" time="2.526"/>
  <testcase classname="com.olp.p_view.OLP_R1_OLX_T209" name="TC02_ExpandAdvanceSearch" time="0.962"/>
  <testcase classname="com.olp.p_view.OLP_R1_OLX_T209" name="TC03_InShowPersonnelOnlyComboSelectWithDisapprovedProficienciesValue" time="8.977"/>
</testsuite> <!-- com.olp.p_view.OLP_R1_OLX_T209 -->
