<?xml version="1.0" encoding="UTF-8"?>
<!-- Generated by org.testng.reporters.JUnitReportReporter -->
<testsuite hostname="LAPTOP-24ESH4RE" failures="0" tests="18" name="com.compass.testcases.SP1_OLX_T453" time="140.406" errors="0" timestamp="2023-07-13T17:41:47 IST" skipped="0">
  <testcase classname="com.compass.testcases.SP1_OLX_T453" name="loginToVessel" time="26.441"/>
  <testcase classname="com.compass.testcases.SP1_OLX_T453" name="navigateToShowAdvanceSearch" time="12.024"/>
  <testcase classname="com.compass.testcases.SP1_OLX_T453" name="selectPersonnelHavingResultsFrom" time="9.855"/>
  <testcase classname="com.compass.testcases.SP1_OLX_T453" name="navigateToSearchPersonnelHavingResultsForm" time="5.669"/>
  <testcase classname="com.compass.testcases.SP1_OLX_T453" name="ClickOnNoadditionalsearchcriteria" time="1.527"/>
  <testcase classname="com.compass.testcases.SP1_OLX_T453" name="navigateToSearchInNoAdditionalSearchCriteria" time="7.569"/>
  <testcase classname="com.compass.testcases.SP1_OLX_T453" name="selectPromotionQueryInASC" time="6.308"/>
  <testcase classname="com.compass.testcases.SP1_OLX_T453" name="navigateToSearchWithPromotionQueryInASC" time="19.699"/>
  <testcase classname="com.compass.testcases.SP1_OLX_T453" name="selectperfomanceEvaluationInASC" time="4.105"/>
  <testcase classname="com.compass.testcases.SP1_OLX_T453" name="navigateToSearchwithperfomanceEvaluationInASC" time="5.607"/>
  <testcase classname="com.compass.testcases.SP1_OLX_T453" name="selectperfomanceEvaluationInASCcheckbox2" time="1.642"/>
  <testcase classname="com.compass.testcases.SP1_OLX_T453" name="navigateTosearchperfomanceEvaluationInASCcheckbox2" time="5.611"/>
  <testcase classname="com.compass.testcases.SP1_OLX_T453" name="selectpersonneladdedbetweenInASC" time="6.360"/>
  <testcase classname="com.compass.testcases.SP1_OLX_T453" name="navigateToSearchpersonneladdedbetweenASC" time="3.525"/>
  <testcase classname="com.compass.testcases.SP1_OLX_T453" name="selectPersonnelModifiedBetweenInASC" time="8.307"/>
  <testcase classname="com.compass.testcases.SP1_OLX_T453" name="navigateToSearchPersonnelModifiedBetweenASC" time="3.525"/>
  <testcase classname="com.compass.testcases.SP1_OLX_T453" name="selectPersonnelWithNoResultsBetweenASC" time="8.439"/>
  <testcase classname="com.compass.testcases.SP1_OLX_T453" name="navigateToSearchPersonnelWithNoresultsBetweenASC" time="4.193"/>
</testsuite> <!-- com.compass.testcases.SP1_OLX_T453 -->
