<?xml version="1.0" encoding="UTF-8"?>
<!-- Generated by org.testng.reporters.JUnitReportReporter -->
<testsuite hostname="LAPTOP-24ESH4RE" failures="0" tests="5" name="com.olp.testcases.SP1_OLX_T34" time="82.997" errors="0" timestamp="2023-07-16T00:01:49 IST" skipped="0">
  <testcase classname="com.olp.testcases.SP1_OLX_T34" name="loginToVessel" time="66.962"/>
  <testcase classname="com.olp.testcases.SP1_OLX_T34" name="verifySearchOption" time="4.744"/>
  <testcase classname="com.olp.testcases.SP1_OLX_T34" name="navigateToResultTableWithAllInStatus" time="2.588"/>
  <testcase classname="com.olp.testcases.SP1_OLX_T34" name="navigateToResultTableWithActieveStatus" time="4.463"/>
  <testcase classname="com.olp.testcases.SP1_OLX_T34" name="navigateToResultTableWithOnboardStatus" time="4.240"/>
</testsuite> <!-- com.olp.testcases.SP1_OLX_T34 -->
