<?xml version="1.0" encoding="UTF-8"?>
<!-- Generated by org.testng.reporters.JUnitReportReporter -->
<testsuite hostname="DESKTOP-0CLJ4FS" failures="0" tests="3" name="com.olp.records_elearning.OLP2L_RC3_OLX_T259" time="18.351" errors="0" timestamp="2023-11-01T13:13:52 IST" skipped="0">
  <testcase classname="com.olp.records_elearning.OLP2L_RC3_OLX_T259" name="TC01_navigateToPersonalCard" time="9.877"/>
  <testcase classname="com.olp.records_elearning.OLP2L_RC3_OLX_T259" name="TC02_NavigateToRecordsTab" time="5.018"/>
  <testcase classname="com.olp.records_elearning.OLP2L_RC3_OLX_T259" name="TC03_NavigateToAssessmentTab" time="3.456"/>
</testsuite> <!-- com.olp.records_elearning.OLP2L_RC3_OLX_T259 -->
