<?xml version="1.0" encoding="UTF-8"?>
<!-- Generated by org.testng.reporters.JUnitReportReporter -->
<testsuite hostname="LAPTOP-24ESH4RE" failures="0" tests="5" name="com.compass.testcases.SP1_OLX_T323" time="41.937" errors="0" timestamp="2023-07-09T13:00:40 IST" skipped="0">
  <testcase classname="com.compass.testcases.SP1_OLX_T323" name="loginToVessel" time="20.764"/>
  <testcase classname="com.compass.testcases.SP1_OLX_T323" name="hoverToProfile" time="6.259"/>
  <testcase classname="com.compass.testcases.SP1_OLX_T323" name="navigateToProfile" time="13.365"/>
  <testcase classname="com.compass.testcases.SP1_OLX_T323" name="navigateToRecords" time="0.935"/>
  <testcase classname="com.compass.testcases.SP1_OLX_T323" name="validateRapid_e_learningNotPresent" time="0.614"/>
</testsuite> <!-- com.compass.testcases.SP1_OLX_T323 -->
