<?xml version="1.0" encoding="UTF-8"?>
<!-- Generated by org.testng.reporters.JUnitReportReporter -->
<testsuite hostname="BIPLP040" failures="0" tests="5" name="com.compass.testcases.SP95_CMP15480" time="137.620" errors="0" timestamp="2023-03-26T17:11:12 IST" skipped="0">
  <testcase classname="com.compass.testcases.SP95_CMP15480" name="TC_01_loginToStage" time="77.198"/>
  <system-out/>
  <testcase classname="com.compass.testcases.SP95_CMP15480" name="TC_02_VerifyPendingCrewChangeEventReportinTaskBoard" time="27.977"/>
  <system-out/>
  <testcase classname="com.compass.testcases.SP95_CMP15480" name="TC_03_verifyVesselDetailsNavigation" time="4.225"/>
  <system-out/>
  <testcase classname="com.compass.testcases.SP95_CMP15480" name="TC_04_verifyActiveVesselCount" time="4.837"/>
  <system-out/>
  <testcase classname="com.compass.testcases.SP95_CMP15480" name="TC_05_verifyWatchedVesselCount" time="23.383"/>
  <system-out/>
</testsuite> <!-- com.compass.testcases.SP95_CMP15480 -->
