<?xml version="1.0" encoding="UTF-8"?>
<!-- Generated by org.testng.reporters.JUnitReportReporter -->
<testsuite hostname="Arun" failures="0" tests="3" name="com.compass.testcases.SP96_CMP14278" time="23.149" errors="0" timestamp="2023-05-05T10:15:00 IST" skipped="0">
  <testcase classname="com.compass.testcases.SP96_CMP14278" name="TC01_loginToStage" time="5.106"/>
  <system-out/>
  <testcase classname="com.compass.testcases.SP96_CMP14278" name="TC_02_VerifyNavigationtoSickleaveReport" time="15.405"/>
  <system-out/>
  <testcase classname="com.compass.testcases.SP96_CMP14278" name="Newchanges" time="2.638"/>
  <system-out/>
</testsuite> <!-- com.compass.testcases.SP96_CMP14278 -->
