<?xml version="1.0" encoding="UTF-8"?>
<!-- Generated by org.testng.reporters.JUnitReportReporter -->
<testsuite hostname="BIPLP153" failures="0" tests="10" name="t2s2.T2S2_OAP1962" time="45.984" errors="0" timestamp="2024-04-30T16:52:52 IST" skipped="0">
  <testcase classname="t2s2.T2S2_OAP1962" name="TC01_LunchAssessmentPlatform" time="4.867"/>
  <system-out/>
  <testcase classname="t2s2.T2S2_OAP1962" name="TC02_NavigateToQuestionBankPage" time="6.007"/>
  <system-out/>
  <testcase classname="t2s2.T2S2_OAP1962" name="TC03_NavigateToNewQuestionBankPage" time="5.969"/>
  <system-out/>
  <testcase classname="t2s2.T2S2_OAP1962" name="TC04_ValidateSaveAsDraftEnabled" time="4.161"/>
  <system-out/>
  <testcase classname="t2s2.T2S2_OAP1962" name="TC05_NavigateToAddMCQPage" time="3.902"/>
  <system-out/>
  <testcase classname="t2s2.T2S2_OAP1962" name="TC06_VadlidateDefaultQuestionToggleOn" time="4.835"/>
  <system-out/>
  <testcase classname="t2s2.T2S2_OAP1962" name="TC07_VadlidateDefaultQuestionToggleOff" time="1.208"/>
  <system-out/>
  <testcase classname="t2s2.T2S2_OAP1962" name="TC08_ValidateSaveDraftMCQToggleOn" time="5.163"/>
  <system-out/>
  <testcase classname="t2s2.T2S2_OAP1962" name="TC09_NavigateToEditSavedQuestion" time="6.550"/>
  <system-out/>
  <testcase classname="t2s2.T2S2_OAP1962" name="TC10_ValidateNoErrorMessageDefaultSettingArea" time="3.322"/>
  <system-out/>
</testsuite> <!-- t2s2.T2S2_OAP1962 -->
