<?xml version="1.0" encoding="UTF-8"?>
<!-- Generated by org.testng.reporters.JUnitReportReporter -->
<testsuite hostname="DESKTOP-268PN8R" failures="0" tests="20" name="com.olp.p_view.OLP_R1_OLX_T17" time="235.613" errors="0" timestamp="2023-09-12T22:38:26 IST" skipped="0">
  <testcase classname="com.olp.p_view.OLP_R1_OLX_T17" name="TC01_ValidateClearAndSearch" time="5.100"/>
  <testcase classname="com.olp.p_view.OLP_R1_OLX_T17" name="TC02_ValidateRequiredColumnsOfSearchResults" time="4.183"/>
  <testcase classname="com.olp.p_view.OLP_R1_OLX_T17" name="TC03_ValidateRequiredButtons" time="0.668"/>
  <testcase classname="com.olp.p_view.OLP_R1_OLX_T17" name="TC04_ValidatePagination" time="1.224"/>
  <testcase classname="com.olp.p_view.OLP_R1_OLX_T17" name="TC05_ValidateAscendingSortingOfEveryColumn" time="12.114"/>
  <testcase classname="com.olp.p_view.OLP_R1_OLX_T17" name="TC06_ValidateDescendingSortingOfEveryColumn" time="4.305"/>
  <testcase classname="com.olp.p_view.OLP_R1_OLX_T17" name="TC07_ValidateLastPageButton" time="3.840"/>
  <testcase classname="com.olp.p_view.OLP_R1_OLX_T17" name="TC08_ValidateFirstPageButton" time="4.322"/>
  <testcase classname="com.olp.p_view.OLP_R1_OLX_T17" name="TC09_ValidateNextPageButton" time="4.138"/>
  <testcase classname="com.olp.p_view.OLP_R1_OLX_T17" name="TC10_ValidatePreviousPageButton" time="6.104"/>
  <testcase classname="com.olp.p_view.OLP_R1_OLX_T17" name="TC11_NavigateToPage3" time="5.615"/>
  <testcase classname="com.olp.p_view.OLP_R1_OLX_T17" name="TC12_NavigateToPage4" time="5.608"/>
  <testcase classname="com.olp.p_view.OLP_R1_OLX_T17" name="TC13_NavigateToPage5" time="5.681"/>
  <testcase classname="com.olp.p_view.OLP_R1_OLX_T17" name="TC14_NavigateToSearchAkeyword" time="9.226"/>
  <testcase classname="com.olp.p_view.OLP_R1_OLX_T17" name="TC15_ValidateRequirmentsButton" time="5.089"/>
  <testcase classname="com.olp.p_view.OLP_R1_OLX_T17" name="TC16_ValidatePersonWith0ValuePending" time="70.640"/>
  <testcase classname="com.olp.p_view.OLP_R1_OLX_T17" name="validatePersonMoreThan0ValuePending" time="8.995"/>
  <testcase classname="com.olp.p_view.OLP_R1_OLX_T17" name="TC18_ValidatePercentageButton" time="2.826"/>
  <testcase classname="com.olp.p_view.OLP_R1_OLX_T17" name="TC19_SelectPersonWhoseProficienciesPending0" time="72.072"/>
  <testcase classname="com.olp.p_view.OLP_R1_OLX_T17" name="TC20_ValidateAddPersonnelButton" time="3.863"/>
</testsuite> <!-- com.olp.p_view.OLP_R1_OLX_T17 -->
