<?xml version="1.0" encoding="UTF-8"?>
<!-- Generated by org.testng.reporters.JUnitReportReporter -->
<testsuite hostname="LAPTOP-24ESH4RE" failures="0" tests="8" name="com.compass.testcases.SP1_OLX_T93" time="90.418" errors="0" timestamp="2023-07-13T10:54:11 IST" skipped="0">
  <testcase classname="com.compass.testcases.SP1_OLX_T93" name="loginToVessel" time="31.026"/>
  <testcase classname="com.compass.testcases.SP1_OLX_T93" name="navigateToAdvanceSearch" time="1.553"/>
  <testcase classname="com.compass.testcases.SP1_OLX_T93" name="navigateToInstallationSV" time="6.590"/>
  <testcase classname="com.compass.testcases.SP1_OLX_T93" name="navigateToInstallationNotDefined" time="10.301"/>
  <testcase classname="com.compass.testcases.SP1_OLX_T93" name="validateInstallationNotDefined" time="9.953"/>
  <testcase classname="com.compass.testcases.SP1_OLX_T93" name="navigateToSearchInstallationTarak" time="10.379"/>
  <testcase classname="com.compass.testcases.SP1_OLX_T93" name="navigateToSearchInstallation2" time="9.670"/>
  <testcase classname="com.compass.testcases.SP1_OLX_T93" name="navigateToSearch3Installations" time="10.946"/>
</testsuite> <!-- com.compass.testcases.SP1_OLX_T93 -->
