<?xml version="1.0" encoding="UTF-8"?>
<!-- Generated by org.testng.reporters.JUnitReportReporter -->
<testsuite hostname="LAPTOP-24ESH4RE" failures="0" tests="18" name="com.compass.testcases.SP101_CMP1178" time="76.967" errors="0" timestamp="2023-05-31T11:06:01 IST" skipped="8">
  <testcase classname="com.compass.testcases.SP101_CMP1178" name="TC_01_loginToStage" time="6.635"/>
  <system-out/>
  <testcase classname="com.compass.testcases.SP101_CMP1178" name="TC_02_VerifyNavigationtoVesselbutton" time="2.570"/>
  <system-out/>
  <testcase classname="com.compass.testcases.SP101_CMP1178" name="TC_03_VerifyNavigationtoVesseldetails" time="0.465"/>
  <system-out/>
  <testcase classname="com.compass.testcases.SP101_CMP1178" name="navigateToadmin" time="5.603"/>
  <system-out/>
  <testcase classname="com.compass.testcases.SP101_CMP1178" name="navigateTovessel" time="6.889"/>
  <system-out/>
  <testcase classname="com.compass.testcases.SP101_CMP1178" name="navigateTovesselDetails1" time="1.889"/>
  <system-out/>
  <testcase classname="com.compass.testcases.SP101_CMP1178" name="navigateToportcall" time="6.351"/>
  <system-out/>
  <testcase classname="com.compass.testcases.SP101_CMP1178" name="navigateToportcall" time="8.264"/>
  <system-out/>
  <testcase classname="com.compass.testcases.SP101_CMP1178" name="TC_17_VerifyNavigationtoaddcargoRecord2" time="15.520"/>
  <system-out/>
  <testcase classname="com.compass.testcases.SP101_CMP1178" name="TC_18_VerifyNavigationtoclonevessel" time="22.781"/>
  <system-out/>
  <testcase classname="com.compass.testcases.SP101_CMP1178" name="TC_04_VerifyNavigationtoviewbutton">
    <skipped/>
  </testcase> <!-- TC_04_VerifyNavigationtoviewbutton -->
  <system-out/>
  <testcase classname="com.compass.testcases.SP101_CMP1178" name="TC_05_VerifyNavigationtoPortcalls">
    <skipped/>
  </testcase> <!-- TC_05_VerifyNavigationtoPortcalls -->
  <system-out/>
  <testcase classname="com.compass.testcases.SP101_CMP1178" name="TC_08_VerifyNavigationtoInsert">
    <skipped/>
  </testcase> <!-- TC_08_VerifyNavigationtoInsert -->
  <system-out/>
  <testcase classname="com.compass.testcases.SP101_CMP1178" name="TC_06_VerifyNavigationtoAddbutton">
    <skipped/>
  </testcase> <!-- TC_06_VerifyNavigationtoAddbutton -->
  <system-out/>
  <testcase classname="com.compass.testcases.SP101_CMP1178" name="TC_11_VerifyVesselCloned">
    <skipped/>
  </testcase> <!-- TC_11_VerifyVesselCloned -->
  <system-out/>
  <testcase classname="com.compass.testcases.SP101_CMP1178" name="TC_07_VerifyNavigationtoPortfeild">
    <skipped/>
  </testcase> <!-- TC_07_VerifyNavigationtoPortfeild -->
  <system-out/>
  <testcase classname="com.compass.testcases.SP101_CMP1178" name="TC_10_VerifyNavigationtoclonevessel">
    <skipped/>
  </testcase> <!-- TC_10_VerifyNavigationtoclonevessel -->
  <system-out/>
  <testcase classname="com.compass.testcases.SP101_CMP1178" name="TC_09_VerifyNavigationtoaddcargoRecord">
    <skipped/>
  </testcase> <!-- TC_09_VerifyNavigationtoaddcargoRecord -->
  <system-out/>
</testsuite> <!-- com.compass.testcases.SP101_CMP1178 -->
