<?xml version="1.0" encoding="UTF-8"?>
<!-- Generated by org.testng.reporters.JUnitReportReporter -->
<testsuite hostname="DESKTOP-268PN8R" failures="0" tests="4" name="com.olp.p_view.OLP_R1_OLX_T34" time="20.622" errors="0" timestamp="2023-09-12T22:38:26 IST" skipped="0">
  <testcase classname="com.olp.p_view.OLP_R1_OLX_T34" name="TC01_VerifySearchOptionAvailable" time="6.108"/>
  <testcase classname="com.olp.p_view.OLP_R1_OLX_T34" name="TC02_SelectAllInStatusCombo" time="3.308"/>
  <testcase classname="com.olp.p_view.OLP_R1_OLX_T34" name="TC03_SelectActieveInStatusCombo" time="5.853"/>
  <testcase classname="com.olp.p_view.OLP_R1_OLX_T34" name="TC04_SelectOnboardInStatusCombo" time="5.353"/>
</testsuite> <!-- com.olp.p_view.OLP_R1_OLX_T34 -->
