<?xml version="1.0" encoding="UTF-8"?>
<!-- Generated by org.testng.reporters.JUnitReportReporter -->
<testsuite hostname="Arun" failures="0" tests="4" name="com.compass.testcases.SP97_CMP12945" time="39.514" errors="0" timestamp="2023-05-05T10:15:00 IST" skipped="0">
  <testcase classname="com.compass.testcases.SP97_CMP12945" name="TC_01_loginToStage" time="6.947"/>
  <system-out/>
  <testcase classname="com.compass.testcases.SP97_CMP12945" name="TC_02_VerifyNavigatiotoSKATsendrequest" time="8.311"/>
  <system-out/>
  <testcase classname="com.compass.testcases.SP97_CMP12945" name="TC_03_VerifyaddBudgetFunctionality" time="16.558"/>
  <system-out/>
  <testcase classname="com.compass.testcases.SP97_CMP12945" name="TC_04_VerifyDownloadtextfunctionality" time="7.698"/>
  <system-out/>
</testsuite> <!-- com.compass.testcases.SP97_CMP12945 -->
