<?xml version="1.0" encoding="UTF-8"?>
<!-- Generated by org.testng.reporters.JUnitReportReporter -->
<testsuite hostname="DESKTOP-268PN8R" failures="0" tests="8" name="com.olp.personnelview.OLP_R1_OLX_T35" time="25.464" errors="0" timestamp="2023-08-29T18:05:04 IST" skipped="0">
  <testcase classname="com.olp.personnelview.OLP_R1_OLX_T35" name="TC01_navigateToSearchForPersonnel" time="9.092"/>
  <testcase classname="com.olp.personnelview.OLP_R1_OLX_T35" name="TC02_validateBasicSearch" time="1.115"/>
  <testcase classname="com.olp.personnelview.OLP_R1_OLX_T35" name="TC03_validateSearchTextField" time="0.975"/>
  <testcase classname="com.olp.personnelview.OLP_R1_OLX_T35" name="TC04_validateCategoryCombo" time="1.492"/>
  <testcase classname="com.olp.personnelview.OLP_R1_OLX_T35" name="TC05_validateStatusCombo" time="1.060"/>
  <testcase classname="com.olp.personnelview.OLP_R1_OLX_T35" name="TC06_validateClearButton" time="2.215"/>
  <testcase classname="com.olp.personnelview.OLP_R1_OLX_T35" name="TC07_validateSearchButton" time="6.024"/>
  <testcase classname="com.olp.personnelview.OLP_R1_OLX_T35" name="TC08_ValidateRank" time="3.491"/>
</testsuite> <!-- com.olp.personnelview.OLP_R1_OLX_T35 -->
