<?xml version="1.0" encoding="UTF-8"?>
<!-- Generated by org.testng.reporters.JUnitReportReporter -->
<testsuite hostname="DESKTOP-268PN8R" failures="0" tests="3" name="com.olp.schedule.OLP_R1_OLX_T10" time="21.378" errors="0" timestamp="2023-09-12T22:38:26 IST" skipped="0">
  <testcase classname="com.olp.schedule.OLP_R1_OLX_T10" name="TC01_navigateToPersonalCard" time="8.862"/>
  <testcase classname="com.olp.schedule.OLP_R1_OLX_T10" name="TC02_navigateToSchedule" time="6.777"/>
  <testcase classname="com.olp.schedule.OLP_R1_OLX_T10" name="TC03_navigateTo_IndividualRequirements" time="5.739"/>
</testsuite> <!-- com.olp.schedule.OLP_R1_OLX_T10 -->
