<?xml version="1.0" encoding="UTF-8"?>
<!-- Generated by org.testng.reporters.JUnitReportReporter -->
<testsuite hostname="DESKTOP-268PN8R" failures="0" tests="3" name="com.olp.schedule.OLP_R1_OLX_T1529" time="8.782" errors="0" timestamp="2023-09-13T12:58:08 IST" skipped="0">
  <testcase classname="com.olp.schedule.OLP_R1_OLX_T1529" name="TC01_navigateToPersonalCard" time="3.926"/>
  <testcase classname="com.olp.schedule.OLP_R1_OLX_T1529" name="TC02_navigateToSchedule" time="1.458"/>
  <testcase classname="com.olp.schedule.OLP_R1_OLX_T1529" name="TC03_navigateTo_IndividualRequirements" time="3.398"/>
</testsuite> <!-- com.olp.schedule.OLP_R1_OLX_T1529 -->
