<?xml version="1.0" encoding="UTF-8"?>
<!-- Generated by org.testng.reporters.JUnitReportReporter -->
<testsuite hostname="DESKTOP-268PN8R" failures="0" tests="13" name="com.olp.personnelview.OLP_R1_OLX_T33" time="80.188" errors="0" timestamp="2023-08-09T15:31:16 IST" skipped="0">
  <testcase classname="com.olp.personnelview.OLP_R1_OLX_T33" name="loginToVessel" time="29.570"/>
  <testcase classname="com.olp.personnelview.OLP_R1_OLX_T33" name="navigateToSearch1" time="7.275"/>
  <testcase classname="com.olp.personnelview.OLP_R1_OLX_T33" name="navigateToSearch2" time="3.854"/>
  <testcase classname="com.olp.personnelview.OLP_R1_OLX_T33" name="navigateToSearch3" time="3.615"/>
  <testcase classname="com.olp.personnelview.OLP_R1_OLX_T33" name="navigateToSearch4" time="3.726"/>
  <testcase classname="com.olp.personnelview.OLP_R1_OLX_T33" name="navigateToSearch5" time="4.967"/>
  <testcase classname="com.olp.personnelview.OLP_R1_OLX_T33" name="navigateToSearch6" time="3.897"/>
  <testcase classname="com.olp.personnelview.OLP_R1_OLX_T33" name="navigateToSearch7" time="4.632"/>
  <testcase classname="com.olp.personnelview.OLP_R1_OLX_T33" name="navigateToSearch8" time="3.782"/>
  <testcase classname="com.olp.personnelview.OLP_R1_OLX_T33" name="navigateToSearch9" time="3.761"/>
  <testcase classname="com.olp.personnelview.OLP_R1_OLX_T33" name="navigateToSearch10" time="3.734"/>
  <testcase classname="com.olp.personnelview.OLP_R1_OLX_T33" name="navigateToSearch11" time="3.685"/>
  <testcase classname="com.olp.personnelview.OLP_R1_OLX_T33" name="navigateToSearch12" time="3.690"/>
</testsuite> <!-- com.olp.personnelview.OLP_R1_OLX_T33 -->
