<?xml version="1.0" encoding="UTF-8"?>
<!-- Generated by org.testng.reporters.JUnitReportReporter -->
<testsuite hostname="DESKTOP-268PN8R" failures="0" tests="2" name="com.olp.p_card.OLP_R2_OLX_T107RestPCardDisable" time="5.472" errors="0" timestamp="2023-09-28T16:47:04 IST" skipped="0">
  <testcase classname="com.olp.p_card.OLP_R2_OLX_T107RestPCardDisable" name="TC01_navigateToPersonalCard" time="5.073"/>
  <testcase classname="com.olp.p_card.OLP_R2_OLX_T107RestPCardDisable" name="TC02_ValidateExternalIDLabel" time="0.399"/>
</testsuite> <!-- com.olp.p_card.OLP_R2_OLX_T107RestPCardDisable -->
