<?xml version="1.0" encoding="UTF-8"?>
<!-- Generated by org.testng.reporters.JUnitReportReporter -->
<testsuite hostname="BIPLP040" failures="0" tests="3" name="com.compass.testcases.SP93_CMP14301" time="21.740" errors="0" timestamp="2023-03-26T17:11:12 IST" skipped="0">
  <testcase classname="com.compass.testcases.SP93_CMP14301" name="TC_02VerifyCurrency" time="3.275"/>
  <system-out/>
  <testcase classname="com.compass.testcases.SP93_CMP14301" name="TC_01_VerifyNavigationToBudgetList" time="14.661"/>
  <system-out/>
  <testcase classname="com.compass.testcases.SP93_CMP14301" name="TC_03RevalidateAndEditCurrency" time="3.804"/>
  <system-out/>
</testsuite> <!-- com.compass.testcases.SP93_CMP14301 -->
