<?xml version="1.0" encoding="UTF-8"?>
<!-- Generated by org.testng.reporters.JUnitReportReporter -->
<testsuite hostname="DESKTOP-268PN8R" failures="0" tests="5" name="com.olp.personnelview.OLP_R1_OLX_T691" time="34.052" errors="0" timestamp="2023-08-09T14:22:51 IST" skipped="0">
  <testcase classname="com.olp.personnelview.OLP_R1_OLX_T691" name="loginToVessel" time="12.883"/>
  <testcase classname="com.olp.personnelview.OLP_R1_OLX_T691" name="navigateToAdvanceSearch" time="6.256"/>
  <testcase classname="com.olp.personnelview.OLP_R1_OLX_T691" name="navigateToSearchMaster" time="6.783"/>
  <testcase classname="com.olp.personnelview.OLP_R1_OLX_T691" name="validatePersonnelRanksMaster" time="4.045"/>
  <testcase classname="com.olp.personnelview.OLP_R1_OLX_T691" name="validatePersonnelAllRanks" time="4.085"/>
</testsuite> <!-- com.olp.personnelview.OLP_R1_OLX_T691 -->
