<?xml version="1.0" encoding="UTF-8"?>
<!-- Generated by org.testng.reporters.JUnitReportReporter -->
<testsuite hostname="DESKTOP-268PN8R" failures="0" tests="6" name="com.olp.personnelview.OLP_R1_OLX_T92" time="92.735" errors="0" timestamp="2023-08-29T18:16:07 IST" skipped="0">
  <testcase classname="com.olp.personnelview.OLP_R1_OLX_T92" name="TC01_ExpandAdvanceSearch" time="12.024"/>
  <testcase classname="com.olp.personnelview.OLP_R1_OLX_T92" name="TC02_InInstallationTypeSelectBulkCMSvalue1" time="16.404"/>
  <testcase classname="com.olp.personnelview.OLP_R1_OLX_T92" name="TC03_InInstallationTypeSelectBulkValue2" time="12.256"/>
  <testcase classname="com.olp.personnelview.OLP_R1_OLX_T92" name="TC04_InInstallationTypeSelectOneWithNoData" time="8.712"/>
  <testcase classname="com.olp.personnelview.OLP_R1_OLX_T92" name="TC05_InInstallationTypeSelect2Values" time="19.694"/>
  <testcase classname="com.olp.personnelview.OLP_R1_OLX_T92" name="TC06_InInstallationTypeSelect3Values" time="23.645"/>
</testsuite> <!-- com.olp.personnelview.OLP_R1_OLX_T92 -->
