<?xml version="1.0" encoding="UTF-8"?>
<!-- Generated by org.testng.reporters.JUnitReportReporter -->
<testsuite hostname="DESKTOP-268PN8R" failures="0" tests="1" name="com.olp.s_on_off.OLP_R2_OLX_T170_184SignOn_offEnable" time="9.910" errors="0" timestamp="2023-09-21T13:26:05 IST" skipped="0">
  <testcase classname="com.olp.s_on_off.OLP_R2_OLX_T170_184SignOn_offEnable" name="TC01_navigateToPersonalCard" time="9.910"/>
</testsuite> <!-- com.olp.s_on_off.OLP_R2_OLX_T170_184SignOn_offEnable -->
