<?xml version="1.0" encoding="UTF-8"?>
<!-- Generated by org.testng.reporters.JUnitReportReporter -->
<testsuite hostname="Arun" failures="0" tests="6" name="com.compass.testcases.SP97_CMP15376" time="70.567" errors="0" timestamp="2023-05-05T11:50:24 IST" skipped="0">
  <testcase classname="com.compass.testcases.SP97_CMP15376" name="TC01_navigate_To_PayrollOverview" time="11.131"/>
  <system-out/>
  <testcase classname="com.compass.testcases.SP97_CMP15376" name="TC02_navigate_Crew_Payable_Movements" time="14.747"/>
  <system-out/>
  <testcase classname="com.compass.testcases.SP97_CMP15376" name="TC03_navigate_Allotment_Page" time="10.542"/>
  <system-out/>
  <testcase classname="com.compass.testcases.SP97_CMP15376" name="TC04_navigate_Payroll_View" time="15.079"/>
  <system-out/>
  <testcase classname="com.compass.testcases.SP97_CMP15376" name="TC05_navigate_Backpay_View" time="13.550"/>
  <system-out/>
  <testcase classname="com.compass.testcases.SP97_CMP15376" name="TC06_Generate_Wage_Variable_Report" time="5.518"/>
  <system-out/>
</testsuite> <!-- com.compass.testcases.SP97_CMP15376 -->
