<?xml version="1.0" encoding="UTF-8"?>
<!-- Generated by org.testng.reporters.JUnitReportReporter -->
<testsuite hostname="DESKTOP-0CLJ4FS" failures="0" tests="7" name="com.oap.assessment.OAP_Assessment_AssessmentType" time="44.816" errors="0" timestamp="2024-01-10T16:06:10 IST" skipped="0">
  <testcase classname="com.oap.assessment.OAP_Assessment_AssessmentType" name="TC01_NavigateToOAPlogo" time="0.730"/>
  <testcase classname="com.oap.assessment.OAP_Assessment_AssessmentType" name="TC02_VerifyOAPMenubar" time="0.762"/>
  <testcase classname="com.oap.assessment.OAP_Assessment_AssessmentType" name="TC03_NavigateToAssessmentPage" time="1.082"/>
  <testcase classname="com.oap.assessment.OAP_Assessment_AssessmentType" name="TC04_CheckAllTheStatusOfAssessmentType" time="3.215"/>
  <testcase classname="com.oap.assessment.OAP_Assessment_AssessmentType" name="TC05_FilterStatusAsCesdetailed" time="10.639"/>
  <testcase classname="com.oap.assessment.OAP_Assessment_AssessmentType" name="TC06_FilterStatusAsCesSTCW" time="15.752"/>
  <testcase classname="com.oap.assessment.OAP_Assessment_AssessmentType" name="TC07_ToCheckTheStatusAseLearning" time="12.636"/>
</testsuite> <!-- com.oap.assessment.OAP_Assessment_AssessmentType -->
