<?xml version="1.0" encoding="UTF-8"?>
<!-- Generated by org.testng.reporters.JUnitReportReporter -->
<testsuite hostname="Arun" failures="0" tests="4" name="com.compass.testcases.SP96_CMP15682" time="28.772" errors="0" timestamp="2023-05-05T10:15:01 IST" skipped="0">
  <testcase classname="com.compass.testcases.SP96_CMP15682" name="TC01_loginToStage" time="4.447"/>
  <system-out/>
  <testcase classname="com.compass.testcases.SP96_CMP15682" name="TC_02_navigateToVesselDetails" time="13.196"/>
  <system-out/>
  <testcase classname="com.compass.testcases.SP96_CMP15682" name="TC_03_navigateToVisualPlannerpage" time="10.666"/>
  <system-out/>
  <testcase classname="com.compass.testcases.SP96_CMP15682" name="TC_04_navigateToNomineeDetails" time="0.463"/>
  <system-out/>
</testsuite> <!-- com.compass.testcases.SP96_CMP15682 -->
