<?xml version="1.0" encoding="UTF-8"?>
<!-- Generated by org.testng.reporters.JUnitReportReporter -->
<testsuite hostname="BIPLP153" failures="0" tests="4" name="com.t2s1.assessment.T2_S1_OAP1929" time="9.586" errors="0" timestamp="2024-04-17T12:56:18 IST" skipped="0">
  <testcase classname="com.t2s1.assessment.T2_S1_OAP1929" name="TC01_LunchAssessmentPlatform" time="3.900"/>
  <system-out/>
  <testcase classname="com.t2s1.assessment.T2_S1_OAP1929" name="TC02_NavigateToNewAssessment" time="3.628"/>
  <system-out/>
  <testcase classname="com.t2s1.assessment.T2_S1_OAP1929" name="TC03_FillSomeAssessmentDetails" time="1.095"/>
  <system-out/>
  <testcase classname="com.t2s1.assessment.T2_S1_OAP1929" name="TC04_ValidateCancelButtonModalPopup" time="0.963"/>
  <system-out/>
</testsuite> <!-- com.t2s1.assessment.T2_S1_OAP1929 -->
