<?xml version="1.0" encoding="UTF-8"?>
<!-- Generated by org.testng.reporters.JUnitReportReporter -->
<testsuite hostname="DESKTOP-268PN8R" failures="0" tests="6" name="com.olp.personnelview.OLP_R1_OLX_T2" time="26.825" errors="0" timestamp="2023-08-29T18:25:55 IST" skipped="0">
  <testcase classname="com.olp.personnelview.OLP_R1_OLX_T2" name="TC01_navigateToSearchForPersonnel" time="8.542"/>
  <testcase classname="com.olp.personnelview.OLP_R1_OLX_T2" name="TC02_validateBasicSearch" time="3.458"/>
  <testcase classname="com.olp.personnelview.OLP_R1_OLX_T2" name="TC03_validateSearchTextField" time="4.298"/>
  <testcase classname="com.olp.personnelview.OLP_R1_OLX_T2" name="TC04_ExpandAndValidateCategoryCombo" time="1.820"/>
  <testcase classname="com.olp.personnelview.OLP_R1_OLX_T2" name="TC05_ExpandAndValidateStatusCombo" time="2.715"/>
  <testcase classname="com.olp.personnelview.OLP_R1_OLX_T2" name="TC06_ValidateClearButton" time="5.992"/>
</testsuite> <!-- com.olp.personnelview.OLP_R1_OLX_T2 -->
