<?xml version="1.0" encoding="UTF-8"?>
<!-- Generated by org.testng.reporters.JUnitReportReporter -->
<testsuite hostname="Ashish" failures="0" tests="5" name="t2s3.T2S3_OAP2031" time="22.301" errors="0" timestamp="2024-05-22T15:16:07 IST" skipped="0">
  <testcase classname="t2s3.T2S3_OAP2031" name="TC01_LaunchAssessmentPlatform" time="3.662"/>
  <system-out/>
  <testcase classname="t2s3.T2S3_OAP2031" name="TC02_NavigateToNewAssessment" time="1.593"/>
  <system-out/>
  <testcase classname="t2s3.T2S3_OAP2031" name="TC03_ValidatePublishButtonBeforeFilling" time="1.014"/>
  <system-out/>
  <testcase classname="t2s3.T2S3_OAP2031" name="TC04_FillMadndatoryFields" time="14.915"/>
  <system-out/>
  <testcase classname="t2s3.T2S3_OAP2031" name="TC05_ValidatePublishButtonAfterFilling" time="1.117"/>
  <system-out/>
</testsuite> <!-- t2s3.T2S3_OAP2031 -->
