<?xml version="1.0" encoding="UTF-8"?>
<!-- Generated by org.testng.reporters.JUnitReportReporter -->
<testsuite hostname="DESKTOP-268PN8R" failures="0" tests="2" name="com.olp.p_card.OLP_R2_OLX_T134PCardEditDisable" time="8.736" errors="0" timestamp="2023-10-10T23:57:34 IST" skipped="0">
  <testcase classname="com.olp.p_card.OLP_R2_OLX_T134PCardEditDisable" name="TC01_navigateToPersonalCard" time="8.324"/>
  <testcase classname="com.olp.p_card.OLP_R2_OLX_T134PCardEditDisable" name="TC02_ValidateDocumentNumberDisabled" time="0.412"/>
</testsuite> <!-- com.olp.p_card.OLP_R2_OLX_T134PCardEditDisable -->
