<?xml version="1.0" encoding="UTF-8"?>
<!-- Generated by org.testng.reporters.JUnitReportReporter -->
<testsuite hostname="DESKTOP-0CLJ4FS" failures="0" tests="2" name="com.olp.records_elearning.OLP2L_RC3_OLX_T341" time="15.884" errors="0" timestamp="2023-11-01T15:29:46 IST" skipped="0">
  <testcase classname="com.olp.records_elearning.OLP2L_RC3_OLX_T341" name="TC01_navigateToPersonalCard" time="10.555"/>
  <testcase classname="com.olp.records_elearning.OLP2L_RC3_OLX_T341" name="TC02_NavigateToRecordsTab" time="5.329"/>
</testsuite> <!-- com.olp.records_elearning.OLP2L_RC3_OLX_T341 -->
