<?xml version="1.0" encoding="UTF-8"?>
<!-- Generated by org.testng.reporters.JUnitReportReporter -->
<testsuite hostname="DESKTOP-0CLJ4FS" failures="0" tests="23" name="com.oap.assessment.OAP_Assessment_Workflows" time="203.539" errors="0" timestamp="2024-01-02T13:52:18 IST" skipped="0">
  <testcase classname="com.oap.assessment.OAP_Assessment_Workflows" name="TC01_NavigateToOAPlogo" time="0.756"/>
  <testcase classname="com.oap.assessment.OAP_Assessment_Workflows" name="TC02_NavigateToOAPMenubar" time="0.782"/>
  <testcase classname="com.oap.assessment.OAP_Assessment_Workflows" name="TC03_NavigateToQuestionBankPage" time="1.291"/>
  <testcase classname="com.oap.assessment.OAP_Assessment_Workflows" name="TC04_NavigateToNewQuestionBankPage" time="3.924"/>
  <testcase classname="com.oap.assessment.OAP_Assessment_Workflows" name="TC05_NavigateToSelectEnglishlanguage" time="0.535"/>
  <testcase classname="com.oap.assessment.OAP_Assessment_Workflows" name="TC06_NavigateToMCQPage" time="3.229"/>
  <testcase classname="com.oap.assessment.OAP_Assessment_Workflows" name="TC07_NavigateToAddMCQPageToAddQuestion" time="2.993"/>
  <testcase classname="com.oap.assessment.OAP_Assessment_Workflows" name="TC08_NavigateToMCQPageToAddAnswer" time="2.206"/>
  <testcase classname="com.oap.assessment.OAP_Assessment_Workflows" name="TC13_NavigateToUseQuestionBankDefaultSettingsWhenCheckBoxEnabled" time="3.424"/>
  <testcase classname="com.oap.assessment.OAP_Assessment_Workflows" name="TC14_NavigateToCorrectOptionFieldUseQBDSWhenCheckBoxDisabled" time="3.719"/>
  <testcase classname="com.oap.assessment.OAP_Assessment_Workflows" name="TC15_NavigateToCorrectOptionFieldWhenEqualWithCorrectAnswerCheckbox" time="9.125"/>
  <testcase classname="com.oap.assessment.OAP_Assessment_Workflows" name="TC14_NavigateToIncorrectOptionField" time="1.099"/>
  <testcase classname="com.oap.assessment.OAP_Assessment_Workflows" name="TC15_NavigateToScore" time="66.571"/>
  <testcase classname="com.oap.assessment.OAP_Assessment_Workflows" name="TC16_NavigateToNegativeScore" time="66.245"/>
  <testcase classname="com.oap.assessment.OAP_Assessment_Workflows" name="TC17_NavigateToSaveasDraftButtonToDraftMCQ" time="3.755"/>
  <testcase classname="com.oap.assessment.OAP_Assessment_Workflows" name="TC18_NavigateToPublishQuestion" time="3.269"/>
  <testcase classname="com.oap.assessment.OAP_Assessment_Workflows" name="TC19_NavigateToAssessmentPage" time="1.110"/>
  <testcase classname="com.oap.assessment.OAP_Assessment_Workflows" name="TC20_NavigateToNewAssessmentPage" time="3.911"/>
  <testcase classname="com.oap.assessment.OAP_Assessment_Workflows" name="TC21_NavigateToAssessmentTypeCESDetailed" time="3.438"/>
  <testcase classname="com.oap.assessment.OAP_Assessment_Workflows" name="TC22_NavigateToFunctionArea" time="4.131"/>
  <testcase classname="com.oap.assessment.OAP_Assessment_Workflows" name="TC23_NavigateToAddQuestionBankButton" time="2.847"/>
  <testcase classname="com.oap.assessment.OAP_Assessment_Workflows" name="TC24_NavigateToAddQuestion" time="4.098"/>
  <testcase classname="com.oap.assessment.OAP_Assessment_Workflows" name="TC25_NavigateToPublishAssessment" time="11.081"/>
</testsuite> <!-- com.oap.assessment.OAP_Assessment_Workflows -->
