<?xml version="1.0" encoding="UTF-8"?>
<!-- Generated by org.testng.reporters.JUnitReportReporter -->
<testsuite hostname="DESKTOP-268PN8R" failures="0" tests="8" name="com.olp.p_card.OLP_R2_OLX_T85_86_1139GCCDOBEnable" time="35.592" errors="0" timestamp="2023-10-12T16:17:36 IST" skipped="0">
  <testcase classname="com.olp.p_card.OLP_R2_OLX_T85_86_1139GCCDOBEnable" name="TC01_navigateToPersonalCard" time="10.337"/>
  <testcase classname="com.olp.p_card.OLP_R2_OLX_T85_86_1139GCCDOBEnable" name="TC02_navigateToResetPassword" time="0.905"/>
  <testcase classname="com.olp.p_card.OLP_R2_OLX_T85_86_1139GCCDOBEnable" name="TC03_ValidateBlankErrorNewPassword" time="0.565"/>
  <testcase classname="com.olp.p_card.OLP_R2_OLX_T85_86_1139GCCDOBEnable" name="TC04_ValidateBlankErrorReTypeNewPassword" time="0.535"/>
  <testcase classname="com.olp.p_card.OLP_R2_OLX_T85_86_1139GCCDOBEnable" name="TC05_ValidateCancelButton" time="0.553"/>
  <testcase classname="com.olp.p_card.OLP_R2_OLX_T85_86_1139GCCDOBEnable" name="TC06_ValidateDOBPasswordAlert" time="3.611"/>
  <testcase classname="com.olp.p_card.OLP_R2_OLX_T85_86_1139GCCDOBEnable" name="TC07_ValidateRandomDatePasswordAlert" time="3.659"/>
  <testcase classname="com.olp.p_card.OLP_R2_OLX_T85_86_1139GCCDOBEnable" name="TC08_NavigateToTraineePersonalCard" time="15.427"/>
</testsuite> <!-- com.olp.p_card.OLP_R2_OLX_T85_86_1139GCCDOBEnable -->
