<?xml version="1.0" encoding="UTF-8"?>
<!-- Generated by org.testng.reporters.JUnitReportReporter -->
<testsuite hostname="BIPLP040" failures="0" tests="7" name="com.compass.testcases.SP95_CMP15476" time="81.959" errors="0" timestamp="2023-03-26T17:11:12 IST" skipped="0">
  <testcase classname="com.compass.testcases.SP95_CMP15476" name="TC_01_LoginToStage" time="35.260"/>
  <system-out/>
  <testcase classname="com.compass.testcases.SP95_CMP15476" name="TC_02_navigateToToDoList" time="16.210"/>
  <system-out/>
  <testcase classname="com.compass.testcases.SP95_CMP15476" name="TC_03_addToToDoList" time="11.788"/>
  <system-out/>
  <testcase classname="com.compass.testcases.SP95_CMP15476" name="TC_03_addToToDoList" time="9.754"/>
  <system-out/>
  <testcase classname="com.compass.testcases.SP95_CMP15476" name="TC_04_verifyCountOfToDoItemsForMonthDisplayed" time="0.446"/>
  <system-out/>
  <testcase classname="com.compass.testcases.SP95_CMP15476" name="TC_05_verifyGreenTickForCompletedTask" time="7.534"/>
  <system-out/>
  <testcase classname="com.compass.testcases.SP95_CMP15476" name="TC_05_verifyResetButton" time="0.967"/>
  <system-out/>
</testsuite> <!-- com.compass.testcases.SP95_CMP15476 -->
