<?xml version="1.0" encoding="UTF-8"?>
<!-- Generated by org.testng.reporters.JUnitReportReporter -->
<testsuite hostname="DESKTOP-268PN8R" failures="0" tests="17" name="com.olp.personnelview.OLP_R1_OLX_T27" time="150.931" errors="0" timestamp="2023-08-09T15:16:15 IST" skipped="0">
  <testcase classname="com.olp.personnelview.OLP_R1_OLX_T27" name="loginToVessel" time="21.815"/>
  <testcase classname="com.olp.personnelview.OLP_R1_OLX_T27" name="navigateToclearAndSearch" time="12.108"/>
  <testcase classname="com.olp.personnelview.OLP_R1_OLX_T27" name="navigateToPersonalCardOfTrainee" time="4.737"/>
  <testcase classname="com.olp.personnelview.OLP_R1_OLX_T27" name="navigateToShowSearchResult" time="8.614"/>
  <testcase classname="com.olp.personnelview.OLP_R1_OLX_T27" name="validatePagination" time="0.822"/>
  <testcase classname="com.olp.personnelview.OLP_R1_OLX_T27" name="validateAscendingSorting" time="19.049"/>
  <testcase classname="com.olp.personnelview.OLP_R1_OLX_T27" name="validateDescendingSorting" time="17.952"/>
  <testcase classname="com.olp.personnelview.OLP_R1_OLX_T27" name="validateRandomSorting" time="17.857"/>
  <testcase classname="com.olp.personnelview.OLP_R1_OLX_T27" name="validateToLastPage" time="3.449"/>
  <testcase classname="com.olp.personnelview.OLP_R1_OLX_T27" name="navigateToFirstPage" time="3.386"/>
  <testcase classname="com.olp.personnelview.OLP_R1_OLX_T27" name="validateNextPageButton" time="2.856"/>
  <testcase classname="com.olp.personnelview.OLP_R1_OLX_T27" name="validatePreviousPageButton" time="4.897"/>
  <testcase classname="com.olp.personnelview.OLP_R1_OLX_T27" name="navigateToPage3" time="4.820"/>
  <testcase classname="com.olp.personnelview.OLP_R1_OLX_T27" name="navigateToPage4" time="4.912"/>
  <testcase classname="com.olp.personnelview.OLP_R1_OLX_T27" name="navigateToPage5" time="4.870"/>
  <testcase classname="com.olp.personnelview.OLP_R1_OLX_T27" name="searchResultsOfTrainee" time="11.712"/>
  <testcase classname="com.olp.personnelview.OLP_R1_OLX_T27" name="switchToDiffferentTrainee" time="7.075"/>
</testsuite> <!-- com.olp.personnelview.OLP_R1_OLX_T27 -->
