<?xml version="1.0" encoding="UTF-8"?>
<!-- Generated by org.testng.reporters.JUnitReportReporter -->
<testsuite hostname="Arun" failures="0" tests="9" name="com.compass.testcases.SP96_CMP941" time="49.479" errors="0" timestamp="2023-05-05T10:15:00 IST" skipped="0">
  <testcase classname="com.compass.testcases.SP96_CMP941" name="TC01_loginToStage" time="4.396"/>
  <system-out/>
  <testcase classname="com.compass.testcases.SP96_CMP941" name="TC_02_navigateToCrewProfile" time="12.009"/>
  <system-out/>
  <testcase classname="com.compass.testcases.SP96_CMP941" name="TC_03_VaccinationDocumentStatus" time="2.496"/>
  <system-out/>
  <testcase classname="com.compass.testcases.SP96_CMP941" name="TC_04_PassportDocumentStatus" time="5.827"/>
  <system-out/>
  <testcase classname="com.compass.testcases.SP96_CMP941" name="TC_05_verifyDocumentStatusIcon" time="5.476"/>
  <system-out/>
  <testcase classname="com.compass.testcases.SP96_CMP941" name="TC_06_verifyPageIcon" time="2.651"/>
  <system-out/>
  <testcase classname="com.compass.testcases.SP96_CMP941" name="TC_07_verifyDocumentStatusColumn" time="2.440"/>
  <system-out/>
  <testcase classname="com.compass.testcases.SP96_CMP941" name="TC_08_verifyEditPage" time="9.026"/>
  <system-out/>
  <testcase classname="com.compass.testcases.SP96_CMP941" name="TC_09_verifyUploadPage" time="5.158"/>
  <system-out/>
</testsuite> <!-- com.compass.testcases.SP96_CMP941 -->
