<?xml version="1.0" encoding="UTF-8"?>
<!-- Generated by org.testng.reporters.JUnitReportReporter -->
<testsuite hostname="DESKTOP-268PN8R" failures="0" tests="8" name="com.olp.p_view.OLP_R1_OLX_T90" time="79.218" errors="0" timestamp="2023-09-12T22:38:26 IST" skipped="0">
  <testcase classname="com.olp.p_view.OLP_R1_OLX_T90" name="TC01_ExpandAdvanceSearch" time="5.849"/>
  <testcase classname="com.olp.p_view.OLP_R1_OLX_T90" name="TC02_SearchMaster" time="9.988"/>
  <testcase classname="com.olp.p_view.OLP_R1_OLX_T90" name="TC03_ValidatePersonnelRanksAreMaster" time="5.936"/>
  <testcase classname="com.olp.p_view.OLP_R1_OLX_T90" name="TC04_SearchRankA" time="10.188"/>
  <testcase classname="com.olp.p_view.OLP_R1_OLX_T90" name="TC05_ValidatePersonnelRanksAreRankA" time="4.163"/>
  <testcase classname="com.olp.p_view.OLP_R1_OLX_T90" name="TC06_SearchMZ_lower_2_Rank" time="12.185"/>
  <testcase classname="com.olp.p_view.OLP_R1_OLX_T90" name="TC07_SearchChiefOfficerAndChiefEngineerRank" time="14.947"/>
  <testcase classname="com.olp.p_view.OLP_R1_OLX_T90" name="TC08_SearchChiefOfficer_ChiefEngineer_Chief_Cook_Rank" time="15.962"/>
</testsuite> <!-- com.olp.p_view.OLP_R1_OLX_T90 -->
