<?xml version="1.0" encoding="UTF-8"?>
<!-- Generated by org.testng.reporters.JUnitReportReporter -->
<testsuite hostname="DESKTOP-0CLJ4FS" failures="0" tests="2" name="com.olp.records_elearning.OLP2L_RC3_OLX_T339" time="18.474" errors="0" timestamp="2023-11-01T13:57:02 IST" skipped="0">
  <testcase classname="com.olp.records_elearning.OLP2L_RC3_OLX_T339" name="TC01_NavigateToPersonalcardOfTrainee" time="13.102"/>
  <testcase classname="com.olp.records_elearning.OLP2L_RC3_OLX_T339" name="TC02_NavigateToRecordsTab" time="5.372"/>
</testsuite> <!-- com.olp.records_elearning.OLP2L_RC3_OLX_T339 -->
