<?xml version="1.0" encoding="UTF-8"?>
<!-- Generated by org.testng.reporters.JUnitReportReporter -->
<testsuite hostname="BIPLP153" failures="0" tests="7" name="t2s2.T2S2_OAP1987" time="39.629" errors="0" timestamp="2024-05-03T12:32:10 IST" skipped="0">
  <testcase classname="t2s2.T2S2_OAP1987" name="TC01_LunchAssessmentPlatform" time="3.719"/>
  <system-out/>
  <testcase classname="t2s2.T2S2_OAP1987" name="TC02_NavigateToQuestionBankPage" time="12.951"/>
  <system-out/>
  <testcase classname="t2s2.T2S2_OAP1987" name="TC03_ValidateSearchQuestionBank" time="3.740"/>
  <system-out/>
  <testcase classname="t2s2.T2S2_OAP1987" name="TC04_NavigateToEditPublishedQuestionBank" time="9.146"/>
  <system-out/>
  <testcase classname="t2s2.T2S2_OAP1987" name="TC05_NavigateToEditQuestion" time="7.606"/>
  <system-out/>
  <testcase classname="t2s2.T2S2_OAP1987" name="TC06_ValidateEdit_SaveQuestion" time="1.860"/>
  <system-out/>
  <testcase classname="t2s2.T2S2_OAP1987" name="TC07_ValidateRevisionDateFormat" time="0.607"/>
  <system-out/>
</testsuite> <!-- t2s2.T2S2_OAP1987 -->
