<?xml version="1.0" encoding="UTF-8"?>
<!-- Generated by org.testng.reporters.JUnitReportReporter -->
<testsuite hostname="DESKTOP-268PN8R" failures="0" tests="5" name="com.olp.status.OLP_R1_OLX_T500" time="18.272" errors="0" timestamp="2023-09-12T22:38:26 IST" skipped="0">
  <testcase classname="com.olp.status.OLP_R1_OLX_T500" name="tc01_PersonalcardForSpecialUser" time="6.844"/>
  <testcase classname="com.olp.status.OLP_R1_OLX_T500" name="tc02_NavigateToScheduleButton" time="3.014"/>
  <testcase classname="com.olp.status.OLP_R1_OLX_T500" name="tc03_NavigateToProgressBarWhenCompletedIs0of3" time="2.429"/>
  <testcase classname="com.olp.status.OLP_R1_OLX_T500" name="tc04_NavigateToProgressBarWhenCompletedIs1of3" time="3.009"/>
  <testcase classname="com.olp.status.OLP_R1_OLX_T500" name="tc05_NavigateToProgressBarWhenCompletedIs1of1" time="2.976"/>
</testsuite> <!-- com.olp.status.OLP_R1_OLX_T500 -->
