<?xml version="1.0" encoding="UTF-8"?>
<!-- Generated by org.testng.reporters.JUnitReportReporter -->
<testsuite hostname="DESKTOP-268PN8R" failures="0" tests="11" name="com.olp.schedule.OLP_R1_OLX_T284" time="62.185" errors="0" timestamp="2023-09-12T22:38:26 IST" skipped="0">
  <testcase classname="com.olp.schedule.OLP_R1_OLX_T284" name="tc01_PersonalcardForSpecialUser" time="9.125"/>
  <testcase classname="com.olp.schedule.OLP_R1_OLX_T284" name="tc02_NavigateToScheduleButton" time="3.051"/>
  <testcase classname="com.olp.schedule.OLP_R1_OLX_T284" name="tc03_ValidateAllRequirementsUnderSchedule" time="3.016"/>
  <testcase classname="com.olp.schedule.OLP_R1_OLX_T284" name="tc04_NavigateToIndividualRequirements" time="4.392"/>
  <testcase classname="com.olp.schedule.OLP_R1_OLX_T284" name="tc05_NavigateToAddNewProficiencyRequirement" time="2.588"/>
  <testcase classname="com.olp.schedule.OLP_R1_OLX_T284" name="tc06_NavigateUnderAddNewProficiencyRequirementsArePresent" time="0.644"/>
  <testcase classname="com.olp.schedule.OLP_R1_OLX_T284" name="tc07_ValidateToCriticalityDropdown" time="2.597"/>
  <testcase classname="com.olp.schedule.OLP_R1_OLX_T284" name="tc08_ValidateToDeadline" time="3.104"/>
  <testcase classname="com.olp.schedule.OLP_R1_OLX_T284" name="tc09_ValidateToRetrainingDropdown" time="6.476"/>
  <testcase classname="com.olp.schedule.OLP_R1_OLX_T284" name="tc10_NavigateToSelectProficiencyButton" time="22.073"/>
  <testcase classname="com.olp.schedule.OLP_R1_OLX_T284" name="tc11_NavigateToCloseAndSaveButton" time="5.119"/>
</testsuite> <!-- com.olp.schedule.OLP_R1_OLX_T284 -->
