<?xml version="1.0" encoding="UTF-8"?>
<!-- Generated by org.testng.reporters.JUnitReportReporter -->
<testsuite hostname="BIPLP040" failures="0" tests="4" name="com.compass.testcases.SP93_CMP225" time="21.874" errors="0" timestamp="2023-03-26T17:11:12 IST" skipped="0">
  <testcase classname="com.compass.testcases.SP93_CMP225" name="TC_01_LoginToStage" time="10.825"/>
  <system-out/>
  <testcase classname="com.compass.testcases.SP93_CMP225" name="TC_01_VerifyTaxAllocationReportDefaultFilters" time="9.162"/>
  <system-out/>
  <testcase classname="com.compass.testcases.SP93_CMP225" name="TC_03_VerifyCrewWiseReport" time="0.537"/>
  <system-out/>
  <testcase classname="com.compass.testcases.SP93_CMP225" name="TC_04_VerifyTaxJurisdictionWiseReport" time="1.350"/>
  <system-out/>
</testsuite> <!-- com.compass.testcases.SP93_CMP225 -->
