<?xml version="1.0" encoding="UTF-8"?>
<!-- Generated by org.testng.reporters.JUnitReportReporter -->
<testsuite hostname="Arun" failures="0" tests="1" name="com.compass.testcases.SP96_CMP13696_ContractClausesPageFilters" time="28.285" errors="0" timestamp="2023-05-05T10:15:00 IST" skipped="0">
  <testcase classname="com.compass.testcases.SP96_CMP13696_ContractClausesPageFilters" name="Tc01_ContractClausesPageFilters" time="28.285"/>
  <system-out/>
</testsuite> <!-- com.compass.testcases.SP96_CMP13696_ContractClausesPageFilters -->
