<?xml version="1.0" encoding="UTF-8"?>
<!-- Generated by org.testng.reporters.JUnitReportReporter -->
<testsuite hostname="DESKTOP-268PN8R" failures="0" tests="3" name="com.olp.schedule.OLP_R1_OLX_T1497" time="14.085" errors="0" timestamp="2023-08-16T16:05:12 IST" skipped="0">
  <testcase classname="com.olp.schedule.OLP_R1_OLX_T1497" name="TC01_navigateToPersonalCard" time="8.084"/>
  <testcase classname="com.olp.schedule.OLP_R1_OLX_T1497" name="TC02_navigateToSchedule" time="1.942"/>
  <testcase classname="com.olp.schedule.OLP_R1_OLX_T1497" name="TC03_navigateTo_IndividualRequirements" time="4.059"/>
</testsuite> <!-- com.olp.schedule.OLP_R1_OLX_T1497 -->
