<?xml version="1.0" encoding="UTF-8"?>
<!-- Generated by org.testng.reporters.JUnitReportReporter -->
<testsuite hostname="LAPTOP-24ESH4RE" failures="0" tests="5" name="com.compass.testcases.SP1_OLX_T329" time="41.934" errors="0" timestamp="2023-07-10T15:40:55 IST" skipped="0">
  <testcase classname="com.compass.testcases.SP1_OLX_T329" name="loginToVessel" time="30.078"/>
  <testcase classname="com.compass.testcases.SP1_OLX_T329" name="navigateToSearchAssessor" time="3.552"/>
  <testcase classname="com.compass.testcases.SP1_OLX_T329" name="navigateToPersonalCard" time="6.028"/>
  <testcase classname="com.compass.testcases.SP1_OLX_T329" name="navigateToRecords" time="1.092"/>
  <testcase classname="com.compass.testcases.SP1_OLX_T329" name="validateRapid_e_learningNotPresent" time="1.184"/>
</testsuite> <!-- com.compass.testcases.SP1_OLX_T329 -->
