<?xml version="1.0" encoding="UTF-8"?>
<!-- Generated by org.testng.reporters.JUnitReportReporter -->
<testsuite hostname="DESKTOP-0CLJ4FS" failures="0" tests="5" name="com.oap.assessment.OAP_Assessment_Groups" time="30.545" errors="0" timestamp="2024-01-09T13:27:17 IST" skipped="0">
  <testcase classname="com.oap.assessment.OAP_Assessment_Groups" name="TC01_NavigateToOAPlogo" time="0.461"/>
  <testcase classname="com.oap.assessment.OAP_Assessment_Groups" name="TC02_VerifyOAPMenubar" time="0.548"/>
  <testcase classname="com.oap.assessment.OAP_Assessment_Groups" name="TC03_NavigateToAssessmentPage" time="0.785"/>
  <testcase classname="com.oap.assessment.OAP_Assessment_Groups" name="TC04_FilterGroupsAs4" time="14.347"/>
  <testcase classname="com.oap.assessment.OAP_Assessment_Groups" name="TC05_FilterGroupsAs3" time="14.404"/>
</testsuite> <!-- com.oap.assessment.OAP_Assessment_Groups -->
