<?xml version="1.0" encoding="UTF-8"?>
<!-- Generated by org.testng.reporters.JUnitReportReporter -->
<testsuite hostname="LAPTOP-24ESH4RE" failures="0" tests="6" name="com.compass.testcases.SP101_CMP1392" time="169.433" errors="0" timestamp="2023-05-22T23:26:03 IST" skipped="0">
  <testcase classname="com.compass.testcases.SP101_CMP1392" name="TC_01_LoginToStage" time="53.489"/>
  <system-out/>
  <testcase classname="com.compass.testcases.SP101_CMP1392" name="TC_02_navigateToRewardNomination" time="20.903"/>
  <system-out/>
  <testcase classname="com.compass.testcases.SP101_CMP1392" name="TC_03_addBulkNomination" time="22.027"/>
  <system-out/>
  <testcase classname="com.compass.testcases.SP101_CMP1392" name="TC_04_navigateToRewardsAccountReport" time="47.650"/>
  <system-out/>
  <testcase classname="com.compass.testcases.SP101_CMP1392" name="TC_05_navigateToRewardNomination_RewardsAccountReport" time="24.543"/>
  <system-out/>
  <testcase classname="com.compass.testcases.SP101_CMP1392" name="TC_07_navigateToRewardNomination_RewardsAccountReport" time="0.821"/>
  <system-out/>
</testsuite> <!-- com.compass.testcases.SP101_CMP1392 -->
