<?xml version="1.0" encoding="UTF-8"?>
<!-- Generated by org.testng.reporters.JUnitReportReporter -->
<testsuite hostname="DESKTOP-0CLJ4FS" failures="0" tests="7" name="com.olp.records_elearning.OLP2L_RC3_OLX_T316" time="27.792" errors="0" timestamp="2023-10-31T14:06:21 IST" skipped="0">
  <testcase classname="com.olp.records_elearning.OLP2L_RC3_OLX_T316" name="TC01_navigateToPersonalCard" time="10.448"/>
  <testcase classname="com.olp.records_elearning.OLP2L_RC3_OLX_T316" name="TC02_NavigateToRecordsTab" time="4.691"/>
  <testcase classname="com.olp.records_elearning.OLP2L_RC3_OLX_T316" name="TC03_ValidateToSessionDetailsOfElearningInProgress" time="9.415"/>
  <testcase classname="com.olp.records_elearning.OLP2L_RC3_OLX_T316" name="TC04_ValidateAlongWithButtons" time="1.260"/>
  <testcase classname="com.olp.records_elearning.OLP2L_RC3_OLX_T316" name="TC05_NavigateToDeleteButton" time="0.646"/>
  <testcase classname="com.olp.records_elearning.OLP2L_RC3_OLX_T316" name="TC06_NavigateToNoButton" time="0.515"/>
  <testcase classname="com.olp.records_elearning.OLP2L_RC3_OLX_T316" name="TC07_NavigateToYesButton" time="0.817"/>
</testsuite> <!-- com.olp.records_elearning.OLP2L_RC3_OLX_T316 -->
