<?xml version="1.0" encoding="UTF-8"?>
<!-- Generated by org.testng.reporters.JUnitReportReporter -->
<testsuite hostname="DESKTOP-268PN8R" failures="0" tests="8" name="com.olp.schedule.OLP_R1_OLX_T787" time="15.427" errors="0" timestamp="2023-09-07T12:41:35 IST" skipped="0">
  <testcase classname="com.olp.schedule.OLP_R1_OLX_T787" name="TC01_navigateToAPersonalCard" time="3.700"/>
  <testcase classname="com.olp.schedule.OLP_R1_OLX_T787" name="TC02_navigateToSchedule" time="1.630"/>
  <testcase classname="com.olp.schedule.OLP_R1_OLX_T787" name="TC03_navigateTo_IndividualRequirements" time="4.520"/>
  <testcase classname="com.olp.schedule.OLP_R1_OLX_T787" name="TC04_NavigateToDeleteCourse" time="0.650"/>
  <testcase classname="com.olp.schedule.OLP_R1_OLX_T787" name="TC05_ValidatePopup" time="0.400"/>
  <testcase classname="com.olp.schedule.OLP_R1_OLX_T787" name="TC06_ValidateNoButtonPopup" time="0.894"/>
  <testcase classname="com.olp.schedule.OLP_R1_OLX_T787" name="TC07_ValidatePopupAgain" time="0.559"/>
  <testcase classname="com.olp.schedule.OLP_R1_OLX_T787" name="TC08_ValidateYesButtonPopup" time="3.074"/>
</testsuite> <!-- com.olp.schedule.OLP_R1_OLX_T787 -->
