<?xml version="1.0" encoding="UTF-8"?>
<!-- Generated by org.testng.reporters.JUnitReportReporter -->
<testsuite hostname="LAPTOP-24ESH4RE" failures="0" tests="19" name="com.olp.testcases.OLP_OLX_T26" time="171.029" errors="0" timestamp="2023-07-19T12:10:13 IST" skipped="0">
  <testcase classname="com.olp.testcases.OLP_OLX_T26" name="loginToVessel" time="26.764"/>
  <testcase classname="com.olp.testcases.OLP_OLX_T26" name="navigateToClearAndSearch" time="3.388"/>
  <testcase classname="com.olp.testcases.OLP_OLX_T26" name="validatePresenceOfexport" time="0.299"/>
  <testcase classname="com.olp.testcases.OLP_OLX_T26" name="navigateTOExportPopup" time="2.328"/>
  <testcase classname="com.olp.testcases.OLP_OLX_T26" name="validateSelectColumnsDDL" time="5.985"/>
  <testcase classname="com.olp.testcases.OLP_OLX_T26" name="validateUncheckAllDDL" time="0.650"/>
  <testcase classname="com.olp.testcases.OLP_OLX_T26" name="validateCheckSomeInDDL" time="2.322"/>
  <testcase classname="com.olp.testcases.OLP_OLX_T26" name="validateUnCheckSomeInDDL" time="3.482"/>
  <testcase classname="com.olp.testcases.OLP_OLX_T26" name="validateCheckLastUnselected_AllChecked" time="2.585"/>
  <testcase classname="com.olp.testcases.OLP_OLX_T26" name="navigateToExportAll" time="15.329"/>
  <testcase classname="com.olp.testcases.OLP_OLX_T26" name="validateColumnsInExcel" time="10.833"/>
  <testcase classname="com.olp.testcases.OLP_OLX_T26" name="validatePercentageColumnInExcel" time="10.113"/>
  <testcase classname="com.olp.testcases.OLP_OLX_T26" name="navigateToNonSelectedExport" time="2.752"/>
  <testcase classname="com.olp.testcases.OLP_OLX_T26" name="navigateToSelectSomeAndExport" time="17.218"/>
  <testcase classname="com.olp.testcases.OLP_OLX_T26" name="validateSomeColumnsInExcel" time="10.071"/>
  <testcase classname="com.olp.testcases.OLP_OLX_T26" name="navigateToselectRandomAndExport" time="17.176"/>
  <testcase classname="com.olp.testcases.OLP_OLX_T26" name="validateSelctedColumnsForRandom" time="10.048"/>
  <testcase classname="com.olp.testcases.OLP_OLX_T26" name="navigateToblankExcelExport" time="19.635"/>
  <testcase classname="com.olp.testcases.OLP_OLX_T26" name="validateBlankExcel" time="10.051"/>
</testsuite> <!-- com.olp.testcases.OLP_OLX_T26 -->
