<?xml version="1.0" encoding="UTF-8"?>
<!-- Generated by org.testng.reporters.JUnitReportReporter -->
<testsuite hostname="DESKTOP-0CLJ4FS" failures="0" tests="5" name="com.olp.records_elearning.OLP2L_RC3_OLX_T226" time="18.981" errors="0" timestamp="2023-10-24T11:10:32 IST" skipped="0">
  <testcase classname="com.olp.records_elearning.OLP2L_RC3_OLX_T226" name="TC01_navigateToPersonalCard" time="4.517"/>
  <testcase classname="com.olp.records_elearning.OLP2L_RC3_OLX_T226" name="TC02_NavigateToRecordsTab" time="2.032"/>
  <testcase classname="com.olp.records_elearning.OLP2L_RC3_OLX_T226" name="TC03_NavigateToElearningArea" time="5.782"/>
  <testcase classname="com.olp.records_elearning.OLP2L_RC3_OLX_T226" name="TC04_NavigateToRecordUnderELearningGrid" time="3.618"/>
  <testcase classname="com.olp.records_elearning.OLP2L_RC3_OLX_T226" name="TC05_NavigateToPrintDetailsButton" time="3.032"/>
</testsuite> <!-- com.olp.records_elearning.OLP2L_RC3_OLX_T226 -->
