<?xml version="1.0" encoding="UTF-8"?>
<!-- Generated by org.testng.reporters.JUnitReportReporter -->
<testsuite hostname="Arun" failures="0" tests="3" name="com.compass.testcases.SP98_CMP16753" time="38.761" errors="0" timestamp="2023-05-05T10:15:00 IST" skipped="0">
  <testcase classname="com.compass.testcases.SP98_CMP16753" name="loginToCrewAdminLocal" time="25.666"/>
  <system-out/>
  <testcase classname="com.compass.testcases.SP98_CMP16753" name="verifyFMA1" time="8.316"/>
  <system-out/>
  <testcase classname="com.compass.testcases.SP98_CMP16753" name="verifyFMA2" time="4.779"/>
  <system-out/>
</testsuite> <!-- com.compass.testcases.SP98_CMP16753 -->
