<?xml version="1.0" encoding="UTF-8"?>
<!-- Generated by org.testng.reporters.JUnitReportReporter -->
<testsuite hostname="DESKTOP-0CLJ4FS" failures="0" tests="4" name="com.oap.assessment.OAP_SearchAssessmentName" time="26.507" errors="0" timestamp="2024-01-10T16:04:55 IST" skipped="0">
  <testcase classname="com.oap.assessment.OAP_SearchAssessmentName" name="TC01_NavigateToOAPlogo" time="0.774"/>
  <testcase classname="com.oap.assessment.OAP_SearchAssessmentName" name="TC02_VerifyOAPMenubar" time="0.806"/>
  <testcase classname="com.oap.assessment.OAP_SearchAssessmentName" name="TC03_NavigateToAssessmentPage" time="1.059"/>
  <testcase classname="com.oap.assessment.OAP_SearchAssessmentName" name="TC04_SearchAssessmentNameBySearchField" time="23.868"/>
</testsuite> <!-- com.oap.assessment.OAP_SearchAssessmentName -->
