<?xml version="1.0" encoding="UTF-8"?>
<!-- Generated by org.testng.reporters.JUnitReportReporter -->
<testsuite hostname="DESKTOP-268PN8R" failures="0" tests="13" name="com.olp.p_view.OLP_R1_OLX_T1110" time="38.903" errors="0" timestamp="2023-09-06T16:07:34 IST" skipped="0">
  <testcase classname="com.olp.p_view.OLP_R1_OLX_T1110" name="TC01_navigateToSearchForPersonnel" time="2.523"/>
  <testcase classname="com.olp.p_view.OLP_R1_OLX_T1110" name="TC02_navigateToAdvanceSearch" time="1.158"/>
  <testcase classname="com.olp.p_view.OLP_R1_OLX_T1110" name="TC03_SearchPendingProficiencies1" time="4.284"/>
  <testcase classname="com.olp.p_view.OLP_R1_OLX_T1110" name="TC04_ValidatePendingProficiencies1" time="1.183"/>
  <testcase classname="com.olp.p_view.OLP_R1_OLX_T1110" name="TC05_SearchPendingProficiencies2" time="4.368"/>
  <testcase classname="com.olp.p_view.OLP_R1_OLX_T1110" name="TC06_ValidatePendingProficiencies2" time="2.578"/>
  <testcase classname="com.olp.p_view.OLP_R1_OLX_T1110" name="TC07_SearchPendingProficiencies3" time="4.207"/>
  <testcase classname="com.olp.p_view.OLP_R1_OLX_T1110" name="TC08_ValidatePendingProficiencies3" time="1.118"/>
  <testcase classname="com.olp.p_view.OLP_R1_OLX_T1110" name="TC09_SearchPendingProficiencies4" time="4.604"/>
  <testcase classname="com.olp.p_view.OLP_R1_OLX_T1110" name="TC10_ValidatePendingProficiencies4" time="2.145"/>
  <testcase classname="com.olp.p_view.OLP_R1_OLX_T1110" name="TC11_SearchPendingProficiencies5" time="4.456"/>
  <testcase classname="com.olp.p_view.OLP_R1_OLX_T1110" name="TC12_ValidatePendingProficiencies1" time="1.353"/>
  <testcase classname="com.olp.p_view.OLP_R1_OLX_T1110" name="TC13_SearchPendingProficienciesWithNoResults" time="4.926"/>
</testsuite> <!-- com.olp.p_view.OLP_R1_OLX_T1110 -->
