<?xml version="1.0" encoding="UTF-8"?>
<!-- Generated by org.testng.reporters.JUnitReportReporter -->
<testsuite hostname="DESKTOP-268PN8R" failures="0" tests="6" name="com.olp.p_view.OLP_R1_OLX_T926" time="56.454" errors="0" timestamp="2023-09-12T22:38:26 IST" skipped="0">
  <testcase classname="com.olp.p_view.OLP_R1_OLX_T926" name="TC01_VerifySearchResult" time="7.333"/>
  <testcase classname="com.olp.p_view.OLP_R1_OLX_T926" name="TC02_VerifyPersonalCardForATraineeAndShowSearchResults" time="6.445"/>
  <testcase classname="com.olp.p_view.OLP_R1_OLX_T926" name="TC03_NaviagteToShowLastSearch" time="6.380"/>
  <testcase classname="com.olp.p_view.OLP_R1_OLX_T926" name="TC04_NavigateToAdvanceSearch" time="13.014"/>
  <testcase classname="com.olp.p_view.OLP_R1_OLX_T926" name="TC05_VerifyThePersonalCard" time="11.164"/>
  <testcase classname="com.olp.p_view.OLP_R1_OLX_T926" name="TC06_NavigateToShowLastSearch" time="12.118"/>
</testsuite> <!-- com.olp.p_view.OLP_R1_OLX_T926 -->
