<?xml version="1.0" encoding="UTF-8"?>
<!-- Generated by org.testng.reporters.JUnitReportReporter -->
<testsuite hostname="DESKTOP-268PN8R" failures="0" tests="12" name="com.olp.schedule.OLP_R1_OLX_T1507" time="47.091" errors="0" timestamp="2023-09-12T22:38:26 IST" skipped="0">
  <testcase classname="com.olp.schedule.OLP_R1_OLX_T1507" name="tc01_NavigateToPersonalCard" time="8.755"/>
  <testcase classname="com.olp.schedule.OLP_R1_OLX_T1507" name="tc02_NavigateToScheduleButton" time="3.031"/>
  <testcase classname="com.olp.schedule.OLP_R1_OLX_T1507" name="tc03_ValidateAllRequirementsUnderSchedule" time="2.893"/>
  <testcase classname="com.olp.schedule.OLP_R1_OLX_T1507" name="tc04_NavigateToIndividualRequirements" time="4.194"/>
  <testcase classname="com.olp.schedule.OLP_R1_OLX_T1507" name="tc05_NavigateToEditIconOfCompletedOne" time="3.039"/>
  <testcase classname="com.olp.schedule.OLP_R1_OLX_T1507" name="tc06_CheckUnenrollButton" time="3.631"/>
  <testcase classname="com.olp.schedule.OLP_R1_OLX_T1507" name="tc07_NavigateToNoButtonUnderUnenroll" time="2.455"/>
  <testcase classname="com.olp.schedule.OLP_R1_OLX_T1507" name="tc08_NavigateToYesButtonUnderUnenroll" time="6.047"/>
  <testcase classname="com.olp.schedule.OLP_R1_OLX_T1507" name="tc09_NavigateToEditIconOfNotAttemptedOne" time="4.831"/>
  <testcase classname="com.olp.schedule.OLP_R1_OLX_T1507" name="tc10_NavigateToDeleteButton" time="2.627"/>
  <testcase classname="com.olp.schedule.OLP_R1_OLX_T1507" name="tc11_NavigateToNoButtonUnderDelete" time="2.435"/>
  <testcase classname="com.olp.schedule.OLP_R1_OLX_T1507" name="tc12_NavigateToYesButtonUnderDelete" time="3.153"/>
</testsuite> <!-- com.olp.schedule.OLP_R1_OLX_T1507 -->
