<?xml version="1.0" encoding="UTF-8"?>
<!-- Generated by org.testng.reporters.JUnitReportReporter -->
<testsuite hostname="BIPLP040" failures="0" tests="6" name="com.compass.testcases.SP93_CMP14151" time="62.915" errors="0" timestamp="2023-03-26T17:11:12 IST" skipped="0">
  <testcase classname="com.compass.testcases.SP93_CMP14151" name="TC01_loginToStage" time="37.110"/>
  <system-out/>
  <testcase classname="com.compass.testcases.SP93_CMP14151" name="TC02_checkHomePageFilter" time="0.793"/>
  <system-out/>
  <testcase classname="com.compass.testcases.SP93_CMP14151" name="TC03_verifyDefaultFilterValueonHomePage" time="0.245"/>
  <system-out/>
  <testcase classname="com.compass.testcases.SP93_CMP14151" name="TC04_checkPlanPageFilter" time="4.899"/>
  <system-out/>
  <testcase classname="com.compass.testcases.SP93_CMP14151" name="TC05_verifyDefaultFilterValueonPlanPage" time="0.384"/>
  <system-out/>
  <testcase classname="com.compass.testcases.SP93_CMP14151" name="TC06_verifyReportDataAsPerFilterApplied" time="19.484"/>
  <system-out/>
</testsuite> <!-- com.compass.testcases.SP93_CMP14151 -->
