<?xml version="1.0" encoding="UTF-8"?>
<!-- Generated by org.testng.reporters.JUnitReportReporter -->
<testsuite hostname="DESKTOP-268PN8R" failures="0" tests="3" name="com.olp.p_card.OLP_R2_OLX_T364" time="7.986" errors="0" timestamp="2023-10-12T16:17:36 IST" skipped="0">
  <testcase classname="com.olp.p_card.OLP_R2_OLX_T364" name="tc01_NavigateToPersonalcard" time="7.259"/>
  <testcase classname="com.olp.p_card.OLP_R2_OLX_T364" name="tc02_NavigateToFirstName" time="0.346"/>
  <testcase classname="com.olp.p_card.OLP_R2_OLX_T364" name="tc03_NavigateToSurName" time="0.381"/>
</testsuite> <!-- com.olp.p_card.OLP_R2_OLX_T364 -->
