<?xml version="1.0" encoding="UTF-8"?>
<!-- Generated by org.testng.reporters.JUnitReportReporter -->
<testsuite hostname="BIPLP153" failures="0" tests="3" name="t2s2.T2S2_OAP1968" time="15.663" errors="0" timestamp="2024-04-30T16:52:52 IST" skipped="0">
  <testcase classname="t2s2.T2S2_OAP1968" name="TC01_LunchAssessmentPlatform" time="4.157"/>
  <system-out/>
  <testcase classname="t2s2.T2S2_OAP1968" name="TC02_NavigateToNewAssessment" time="9.078"/>
  <system-out/>
  <testcase classname="t2s2.T2S2_OAP1968" name="TC03_ValidateFreeNavigationAreaText" time="2.428"/>
  <system-out/>
</testsuite> <!-- t2s2.T2S2_OAP1968 -->
