<?xml version="1.0" encoding="UTF-8"?>
<!-- Generated by org.testng.reporters.JUnitReportReporter -->
<testsuite hostname="LAPTOP-24ESH4RE" failures="0" tests="9" name="com.compass.testcases.SP1_OLX_T90" time="107.235" errors="0" timestamp="2023-07-14T11:02:34 IST" skipped="0">
  <testcase classname="com.compass.testcases.SP1_OLX_T90" name="loginToVessel" time="26.939"/>
  <testcase classname="com.compass.testcases.SP1_OLX_T90" name="navigateToAdvanceSearch" time="5.547"/>
  <testcase classname="com.compass.testcases.SP1_OLX_T90" name="navigateToSearchMaster" time="10.249"/>
  <testcase classname="com.compass.testcases.SP1_OLX_T90" name="validatePersonnelRanksMaster" time="5.764"/>
  <testcase classname="com.compass.testcases.SP1_OLX_T90" name="navigateToSearchRankA" time="10.260"/>
  <testcase classname="com.compass.testcases.SP1_OLX_T90" name="validatePersonnelRankA" time="4.420"/>
  <testcase classname="com.compass.testcases.SP1_OLX_T90" name="navigateToSearchRankBlankResults" time="12.516"/>
  <testcase classname="com.compass.testcases.SP1_OLX_T90" name="navigateToSearch2Ranks" time="15.143"/>
  <testcase classname="com.compass.testcases.SP1_OLX_T90" name="navigateToSearch3Ranks" time="16.397"/>
</testsuite> <!-- com.compass.testcases.SP1_OLX_T90 -->
