<?xml version="1.0" encoding="UTF-8"?>
<!-- Generated by org.testng.reporters.JUnitReportReporter -->
<testsuite hostname="Arun" failures="0" tests="3" name="com.compass.testcases.SP97_CMP1531" time="71.101" errors="0" timestamp="2023-05-05T10:15:00 IST" skipped="0">
  <testcase classname="com.compass.testcases.SP97_CMP1531" name="TC_01_loginToStage" time="6.741"/>
  <system-out/>
  <testcase classname="com.compass.testcases.SP97_CMP1531" name="TC_02_VerifyNavigationtoBackpayanalysis" time="13.988"/>
  <system-out/>
  <testcase classname="com.compass.testcases.SP97_CMP1531" name="TC_03_validatenewlyaddedcolumns" time="50.372"/>
  <system-out/>
</testsuite> <!-- com.compass.testcases.SP97_CMP1531 -->
