<?xml version="1.0" encoding="UTF-8"?>
<!-- Generated by org.testng.reporters.JUnitReportReporter -->
<testsuite hostname="DESKTOP-268PN8R" failures="0" tests="7" name="com.olp.p_view.OLP_R1_OLX_T154" time="51.226" errors="0" timestamp="2023-09-12T22:38:26 IST" skipped="0">
  <testcase classname="com.olp.p_view.OLP_R1_OLX_T154" name="TC01_ExpandAdvanceSearch" time="3.824"/>
  <testcase classname="com.olp.p_view.OLP_R1_OLX_T154" name="TC02_SearchManagedByMainOffice" time="11.821"/>
  <testcase classname="com.olp.p_view.OLP_R1_OLX_T154" name="TC03_ValidatePersonnelManagedByMainOffice" time="8.849"/>
  <testcase classname="com.olp.p_view.OLP_R1_OLX_T154" name="TC04_NavigatetosearchManagedByNorway_su_office" time="5.431"/>
  <testcase classname="com.olp.p_view.OLP_R1_OLX_T154" name="TC05_ValidatePersonnelManagedByNorway_su_office" time="8.791"/>
  <testcase classname="com.olp.p_view.OLP_R1_OLX_T154" name="TC06_NavigateToSearchManagedByNone" time="3.503"/>
  <testcase classname="com.olp.p_view.OLP_R1_OLX_T154" name="TC07_validatePersonnelManagedByNone" time="9.007"/>
</testsuite> <!-- com.olp.p_view.OLP_R1_OLX_T154 -->
