<?xml version="1.0" encoding="UTF-8"?>
<!-- Generated by org.testng.reporters.JUnitReportReporter -->
<testsuite hostname="BIPLP040" failures="0" tests="3" name="com.compass.testcases.SP94_CMP15238" time="21.582" errors="0" timestamp="2023-03-26T17:11:12 IST" skipped="0">
  <testcase classname="com.compass.testcases.SP94_CMP15238" name="TC01_Navigate_Budget_List" time="5.346"/>
  <system-out/>
  <testcase classname="com.compass.testcases.SP94_CMP15238" name="TC02_Verify_Edit_Button_Budget_List_Page" time="5.851"/>
  <system-out/>
  <testcase classname="com.compass.testcases.SP94_CMP15238" name="TC03_Verify_Label_Crew_Complement" time="10.385"/>
  <system-out/>
</testsuite> <!-- com.compass.testcases.SP94_CMP15238 -->
