<?xml version="1.0" encoding="UTF-8"?>
<!-- Generated by org.testng.reporters.JUnitReportReporter -->
<testsuite hostname="BIPLP040" failures="0" tests="3" name="com.compass.testcases.SP95_CMP14726" time="23.385" errors="0" timestamp="2023-03-26T17:11:11 IST" skipped="0">
  <testcase classname="com.compass.testcases.SP95_CMP14726" name="TC01_Navigate_Budget_List" time="8.582"/>
  <system-out/>
  <testcase classname="com.compass.testcases.SP95_CMP14726" name="TC02_Verify_Edit_Button" time="9.711"/>
  <system-out/>
  <testcase classname="com.compass.testcases.SP95_CMP14726" name="TC03_Budget_Summary" time="5.092"/>
  <system-out/>
</testsuite> <!-- com.compass.testcases.SP95_CMP14726 -->
