<?xml version="1.0" encoding="UTF-8"?>
<!-- Generated by org.testng.reporters.JUnitReportReporter -->
<testsuite hostname="BIPLP040" failures="0" tests="4" name="com.compass.testcases.SP93_CMP14526_4Tabsintegration" time="18.857" errors="0" timestamp="2023-03-23T14:45:37 IST" skipped="0">
  <testcase classname="com.compass.testcases.SP93_CMP14526_4Tabsintegration" name="TC_01_VerifyNavigationToBudgetList" time="15.316"/>
  <system-out/>
  <testcase classname="com.compass.testcases.SP93_CMP14526_4Tabsintegration" name="TC_02_VerifyCrewComplementCurrencyTab" time="0.413"/>
  <system-out/>
  <testcase classname="com.compass.testcases.SP93_CMP14526_4Tabsintegration" name="TC_03_VerifyWageElementsTab" time="0.877"/>
  <system-out/>
  <testcase classname="com.compass.testcases.SP93_CMP14526_4Tabsintegration" name="TC_04_VerifyCostElementsTab" time="2.251"/>
  <system-out/>
</testsuite> <!-- com.compass.testcases.SP93_CMP14526_4Tabsintegration -->
