<?xml version="1.0" encoding="UTF-8"?>
<!-- Generated by org.testng.reporters.JUnitReportReporter -->
<testsuite hostname="DESKTOP-268PN8R" failures="0" tests="5" name="com.olp.p_card.OLP_R2_OLX_T1117" time="12.944" errors="0" timestamp="2023-10-10T11:45:42 IST" skipped="0">
  <testcase classname="com.olp.p_card.OLP_R2_OLX_T1117" name="TC01_navigateToPersonalCard" time="7.181"/>
  <testcase classname="com.olp.p_card.OLP_R2_OLX_T1117" name="TC02_ValidatePersonalRemarks" time="1.162"/>
  <testcase classname="com.olp.p_card.OLP_R2_OLX_T1117" name="TC03_ValidatePersonalRemarksPopup" time="1.477"/>
  <testcase classname="com.olp.p_card.OLP_R2_OLX_T1117" name="TC03_ValidatePersonalRemarksPopup" time="1.576"/>
  <testcase classname="com.olp.p_card.OLP_R2_OLX_T1117" name="TC04_ValidatePersonalRemarksPopupButtons" time="1.548"/>
</testsuite> <!-- com.olp.p_card.OLP_R2_OLX_T1117 -->
