<?xml version="1.0" encoding="UTF-8"?>
<!-- Generated by org.testng.reporters.JUnitReportReporter -->
<testsuite hostname="Arun" failures="0" tests="7" name="com.compass.testcases.SP98_CMP15887" time="22.356" errors="0" timestamp="2023-05-05T10:15:00 IST" skipped="0">
  <testcase classname="com.compass.testcases.SP98_CMP15887" name="loginToCrewAdminLocal" time="10.505"/>
  <system-out/>
  <testcase classname="com.compass.testcases.SP98_CMP15887" name="verifyRank" time="1.998"/>
  <system-out/>
  <testcase classname="com.compass.testcases.SP98_CMP15887" name="verifyCampaign" time="1.834"/>
  <system-out/>
  <testcase classname="com.compass.testcases.SP98_CMP15887" name="verifyNationality" time="1.778"/>
  <system-out/>
  <testcase classname="com.compass.testcases.SP98_CMP15887" name="verifyNationality" time="1.780"/>
  <system-out/>
  <testcase classname="com.compass.testcases.SP98_CMP15887" name="verifyNationality" time="2.700"/>
  <system-out/>
  <testcase classname="com.compass.testcases.SP98_CMP15887" name="verifyRecruitmentCenter" time="1.761"/>
  <system-out/>
</testsuite> <!-- com.compass.testcases.SP98_CMP15887 -->
