<?xml version="1.0" encoding="UTF-8"?>
<!-- Generated by org.testng.reporters.JUnitReportReporter -->
<testsuite hostname="DESKTOP-268PN8R" failures="0" tests="2" name="com.olp.p_card.OLP_R2_OLX_T311RestPCardDisable" time="7.231" errors="0" timestamp="2023-10-10T17:16:24 IST" skipped="0">
  <testcase classname="com.olp.p_card.OLP_R2_OLX_T311RestPCardDisable" name="TC01_navigateToPersonalCard" time="6.331"/>
  <testcase classname="com.olp.p_card.OLP_R2_OLX_T311RestPCardDisable" name="TC02_ValidateResetPasswordNotPresent" time="0.900"/>
</testsuite> <!-- com.olp.p_card.OLP_R2_OLX_T311RestPCardDisable -->
