<?xml version="1.0" encoding="UTF-8"?>
<!-- Generated by org.testng.reporters.JUnitReportReporter -->
<testsuite hostname="BIPLP040" failures="0" tests="3" name="com.compass.testcases.SP95_CMP14213_BudgetaddWageelementsOvertime" time="18.178" errors="0" timestamp="2023-03-23T10:15:42 IST" skipped="0">
  <testcase classname="com.compass.testcases.SP95_CMP14213_BudgetaddWageelementsOvertime" name="TC01_Navigate_Budget_List" time="3.614"/>
  <system-out/>
  <testcase classname="com.compass.testcases.SP95_CMP14213_BudgetaddWageelementsOvertime" name="TC02_Verify_Edit_Button" time="3.462"/>
  <system-out/>
  <testcase classname="com.compass.testcases.SP95_CMP14213_BudgetaddWageelementsOvertime" name="TC03_Add_Budget_Wage_Elements_OverTime" time="11.102"/>
  <system-out/>
</testsuite> <!-- com.compass.testcases.SP95_CMP14213_BudgetaddWageelementsOvertime -->
