<?xml version="1.0" encoding="UTF-8"?>
<!-- Generated by org.testng.reporters.JUnitReportReporter -->
<testsuite hostname="DESKTOP-268PN8R" failures="0" tests="16" name="com.olp.p_view.OLP_R1_OLX_T27" time="135.158" errors="0" timestamp="2023-09-12T22:38:26 IST" skipped="0">
  <testcase classname="com.olp.p_view.OLP_R1_OLX_T27" name="TC01_ValidateClearAndSearch" time="9.735"/>
  <testcase classname="com.olp.p_view.OLP_R1_OLX_T27" name="TC02_NavigateToPersonalCardOfTrainee" time="4.758"/>
  <testcase classname="com.olp.p_view.OLP_R1_OLX_T27" name="TC03_ValidateShowSearchResultColumns" time="8.796"/>
  <testcase classname="com.olp.p_view.OLP_R1_OLX_T27" name="TC04_ValidatePagination" time="1.111"/>
  <testcase classname="com.olp.p_view.OLP_R1_OLX_T27" name="TC05_ValidateAscendingSortingOfColumns" time="20.739"/>
  <testcase classname="com.olp.p_view.OLP_R1_OLX_T27" name="TC06_ValidateDescendingSortingOfColumns" time="19.928"/>
  <testcase classname="com.olp.p_view.OLP_R1_OLX_T27" name="TC07_ValidateRandomSortingOfColumns" time="19.802"/>
  <testcase classname="com.olp.p_view.OLP_R1_OLX_T27" name="TC08_ValidateLastPageButton" time="3.784"/>
  <testcase classname="com.olp.p_view.OLP_R1_OLX_T27" name="TC09_ValidateFirstPageButton" time="3.753"/>
  <testcase classname="com.olp.p_view.OLP_R1_OLX_T27" name="TC10_ValidateNextPageButton" time="3.546"/>
  <testcase classname="com.olp.p_view.OLP_R1_OLX_T27" name="TC11_ValidatePreviousPageButton" time="5.445"/>
  <testcase classname="com.olp.p_view.OLP_R1_OLX_T27" name="TC12_NavigateToPage3" time="5.409"/>
  <testcase classname="com.olp.p_view.OLP_R1_OLX_T27" name="TC13_NavigateToPage4" time="5.374"/>
  <testcase classname="com.olp.p_view.OLP_R1_OLX_T27" name="TC14_NavigateToPage5" time="5.321"/>
  <testcase classname="com.olp.p_view.OLP_R1_OLX_T27" name="TC15_NavigateToPersonalCardOfTrainee" time="11.757"/>
  <testcase classname="com.olp.p_view.OLP_R1_OLX_T27" name="TC16_ValidateSwitchBetweenDisplayedTraineeRecord" time="5.900"/>
</testsuite> <!-- com.olp.p_view.OLP_R1_OLX_T27 -->
