<?xml version="1.0" encoding="UTF-8"?>
<!-- Generated by org.testng.reporters.JUnitReportReporter -->
<testsuite hostname="DESKTOP-0CLJ4FS" failures="0" tests="4" name="com.olp.records_elearning.OLP2L_RC3_OLX_T309" time="25.313" errors="0" timestamp="2023-10-30T16:10:24 IST" skipped="0">
  <testcase classname="com.olp.records_elearning.OLP2L_RC3_OLX_T309" name="TC01_navigateToPersonalCard" time="9.715"/>
  <testcase classname="com.olp.records_elearning.OLP2L_RC3_OLX_T309" name="TC02_NavigateToRecordsTab" time="4.859"/>
  <testcase classname="com.olp.records_elearning.OLP2L_RC3_OLX_T309" name="TC03_ValidateToSessionDetails" time="9.464"/>
  <testcase classname="com.olp.records_elearning.OLP2L_RC3_OLX_T309" name="TC04_ValidateAlongWithButtons" time="1.275"/>
</testsuite> <!-- com.olp.records_elearning.OLP2L_RC3_OLX_T309 -->
