<?xml version="1.0" encoding="UTF-8"?>
<!-- Generated by org.testng.reporters.JUnitReportReporter -->
<testsuite hostname="LAPTOP-24ESH4RE" failures="0" tests="9" name="com.olp.testcases.OLP_OLX_T905" time="803.144" errors="0" timestamp="2023-07-25T20:43:31 IST" skipped="0">
  <testcase classname="com.olp.testcases.OLP_OLX_T905" name="loginToVessel" time="15.038"/>
  <testcase classname="com.olp.testcases.OLP_OLX_T905" name="hoverToSearchForPersonnel" time="1.425"/>
  <testcase classname="com.olp.testcases.OLP_OLX_T905" name="validatePresenceOfexport" time="6.521"/>
  <testcase classname="com.olp.testcases.OLP_OLX_T905" name="loginToMainOffice" time="27.089"/>
  <testcase classname="com.olp.testcases.OLP_OLX_T905" name="navigateToConfiguration" time="3.067"/>
  <testcase classname="com.olp.testcases.OLP_OLX_T905" name="navigateToSecurityGroups" time="2.755"/>
  <testcase classname="com.olp.testcases.OLP_OLX_T905" name="selectToMainOffice" time="1.463"/>
  <testcase classname="com.olp.testcases.OLP_OLX_T905" name="disableExportingSearchResults" time="23.060"/>
  <testcase classname="com.olp.testcases.OLP_OLX_T905" name="navigateTOExport" time="722.726"/>
</testsuite> <!-- com.olp.testcases.OLP_OLX_T905 -->
