<?xml version="1.0" encoding="UTF-8"?>
<!-- Generated by org.testng.reporters.JUnitReportReporter -->
<testsuite hostname="LAPTOP-24ESH4RE" failures="0" tests="11" name="com.compass.testcases.SP1_OLX_T91" time="139.930" errors="0" timestamp="2023-07-13T15:17:46 IST" skipped="0">
  <testcase classname="com.compass.testcases.SP1_OLX_T91" name="loginToVessel" time="31.858"/>
  <testcase classname="com.compass.testcases.SP1_OLX_T91" name="navigateToAdvanceSearch" time="5.569"/>
  <testcase classname="com.compass.testcases.SP1_OLX_T91" name="navigateToInstallationSV" time="6.336"/>
  <testcase classname="com.compass.testcases.SP1_OLX_T91" name="validateNationalityPoland" time="8.817"/>
  <testcase classname="com.compass.testcases.SP1_OLX_T91" name="navigateToNationalityNotDefined" time="13.813"/>
  <testcase classname="com.compass.testcases.SP1_OLX_T91" name="validateNationalityAfghanistan" time="8.767"/>
  <testcase classname="com.compass.testcases.SP1_OLX_T91" name="searchNationalityNoReseults" time="12.585"/>
  <testcase classname="com.compass.testcases.SP1_OLX_T91" name="navigateTo2Nationalities" time="15.511"/>
  <testcase classname="com.compass.testcases.SP1_OLX_T91" name="validateTo2Nationalities" time="8.859"/>
  <testcase classname="com.compass.testcases.SP1_OLX_T91" name="navigateTo3Nationalities" time="18.599"/>
  <testcase classname="com.compass.testcases.SP1_OLX_T91" name="validateTo3Nationalities" time="9.216"/>
</testsuite> <!-- com.compass.testcases.SP1_OLX_T91 -->
