<?xml version="1.0" encoding="UTF-8"?>
<!-- Generated by org.testng.reporters.JUnitReportReporter -->
<testsuite hostname="Arun" failures="0" tests="5" name="com.compass.testcases.SP98_CMP16420" time="62.707" errors="0" timestamp="2023-04-25T13:03:17 IST" skipped="0">
  <testcase classname="com.compass.testcases.SP98_CMP16420" name="TC_01_LoginToStage" time="7.089"/>
  <system-out/>
  <testcase classname="com.compass.testcases.SP98_CMP16420" name="TC_02_crewOperation" time="24.650"/>
  <system-out/>
  <testcase classname="com.compass.testcases.SP98_CMP16420" name="TC_03_crewIDUpdateOperation" time="20.681"/>
  <system-out/>
  <testcase classname="com.compass.testcases.SP98_CMP16420" name="TC_04_NavigatetoSINGAPORE" time="9.624"/>
  <system-out/>
  <testcase classname="com.compass.testcases.SP98_CMP16420" name="TC_05_gettingForm8A2023Operation" time="0.663"/>
  <system-out/>
</testsuite> <!-- com.compass.testcases.SP98_CMP16420 -->
