<?xml version="1.0" encoding="UTF-8"?>
<!-- Generated by org.testng.reporters.JUnitReportReporter -->
<testsuite hostname="LAPTOP-24ESH4RE" failures="0" tests="1" name="com.compass.common.DataExchange" time="265.764" errors="0" timestamp="2023-07-14T13:07:48 IST" skipped="0">
  <testcase classname="com.compass.common.DataExchange" name="loginToVessel" time="265.764"/>
</testsuite> <!-- com.compass.common.DataExchange -->
