<?xml version="1.0" encoding="UTF-8"?>
<!-- Generated by org.testng.reporters.JUnitReportReporter -->
<testsuite hostname="LAPTOP-24ESH4RE" failures="0" tests="15" name="com.compass.testcases.Lexo_SP101_CMP17765" time="41.702" errors="0" timestamp="2023-05-30T16:40:23 IST" skipped="0">
  <testcase classname="com.compass.testcases.Lexo_SP101_CMP17765" name="TC_01_loginToStage" time="4.200"/>
  <system-out/>
  <testcase classname="com.compass.testcases.Lexo_SP101_CMP17765" name="TC_02_NavigatetoAdministrativeFunctions" time="4.913"/>
  <system-out/>
  <testcase classname="com.compass.testcases.Lexo_SP101_CMP17765" name="TC_03_NavigatetoLibraryConfiguration" time="1.441"/>
  <system-out/>
  <testcase classname="com.compass.testcases.Lexo_SP101_CMP17765" name="TC_04_NavigatetoVesselContactsDDL" time="3.533"/>
  <system-out/>
  <testcase classname="com.compass.testcases.Lexo_SP101_CMP17765" name="TC_05_editVesselContactEmail" time="2.890"/>
  <system-out/>
  <testcase classname="com.compass.testcases.Lexo_SP101_CMP17765" name="TC_06_editVesselContactMobile" time="2.472"/>
  <system-out/>
  <testcase classname="com.compass.testcases.Lexo_SP101_CMP17765" name="TC_07_navigateToVesselPage" time="4.610"/>
  <system-out/>
  <testcase classname="com.compass.testcases.Lexo_SP101_CMP17765" name="TC_08_navigateToVesselsDetailsPage" time="1.516"/>
  <system-out/>
  <testcase classname="com.compass.testcases.Lexo_SP101_CMP17765" name="TC_09_addInfoPageEmail" time="2.599"/>
  <system-out/>
  <testcase classname="com.compass.testcases.Lexo_SP101_CMP17765" name="TC_10_addInfoPageMobile" time="2.524"/>
  <system-out/>
  <testcase classname="com.compass.testcases.Lexo_SP101_CMP17765" name="TC_11_validateEmailAdded" time="0.292"/>
  <system-out/>
  <testcase classname="com.compass.testcases.Lexo_SP101_CMP17765" name="TC_12_validateMobileAdded" time="0.317"/>
  <system-out/>
  <testcase classname="com.compass.testcases.Lexo_SP101_CMP17765" name="TC_13_NavigatetoAdministrativeFunctions" time="0.729"/>
  <system-out/>
  <testcase classname="com.compass.testcases.Lexo_SP101_CMP17765" name="TC_14_NavigatetoCompassOnboard" time="9.588"/>
  <system-out/>
  <testcase classname="com.compass.testcases.Lexo_SP101_CMP17765" name="TC_15_NavigateToOnboardCrewList" time="0.078"/>
  <system-out/>
</testsuite> <!-- com.compass.testcases.Lexo_SP101_CMP17765 -->
