<?xml version="1.0" encoding="UTF-8"?>
<!-- Generated by org.testng.reporters.JUnitReportReporter -->
<testsuite hostname="DESKTOP-0CLJ4FS" failures="0" tests="9" name="com.olp.records_elearning.OLP2L_RC3_OLX_T459" time="34.601" errors="0" timestamp="2023-10-27T15:42:52 IST" skipped="0">
  <testcase classname="com.olp.records_elearning.OLP2L_RC3_OLX_T459" name="TC01_navigateToPersonalCard" time="10.087"/>
  <testcase classname="com.olp.records_elearning.OLP2L_RC3_OLX_T459" name="TC02_NavigateToRecordsTab" time="1.773"/>
  <testcase classname="com.olp.records_elearning.OLP2L_RC3_OLX_T459" name="TC03_NavigateToForwardArrow" time="3.508"/>
  <testcase classname="com.olp.records_elearning.OLP2L_RC3_OLX_T459" name="TC04_NavigateToBackwardArrow" time="2.596"/>
  <testcase classname="com.olp.records_elearning.OLP2L_RC3_OLX_T459" name="TC05_NavigateToFirstPage" time="1.149"/>
  <testcase classname="com.olp.records_elearning.OLP2L_RC3_OLX_T459" name="TC06_NavigateToLastPage" time="1.196"/>
  <testcase classname="com.olp.records_elearning.OLP2L_RC3_OLX_T459" name="TC07_NavigateToPagingElements" time="0.495"/>
  <testcase classname="com.olp.records_elearning.OLP2L_RC3_OLX_T459" name="TC08_NavigateToRowsOnPage" time="7.854"/>
  <testcase classname="com.olp.records_elearning.OLP2L_RC3_OLX_T459" name="TC09S_NavigateToClickOnValueOfRowsOnPage" time="5.943"/>
</testsuite> <!-- com.olp.records_elearning.OLP2L_RC3_OLX_T459 -->
