<?xml version="1.0" encoding="UTF-8"?>
<!-- Generated by org.testng.reporters.JUnitReportReporter -->
<testsuite hostname="DESKTOP-0CLJ4FS" failures="0" tests="2" name="com.olp.records_elearning.OLP2L_RC3_OLX_T187" time="13.262" errors="0" timestamp="2023-10-24T15:52:44 IST" skipped="0">
  <testcase classname="com.olp.records_elearning.OLP2L_RC3_OLX_T187" name="TC01_navigateToPersonalCard" time="11.071"/>
  <testcase classname="com.olp.records_elearning.OLP2L_RC3_OLX_T187" name="TC02_NavigateToRecordsTab" time="2.191"/>
</testsuite> <!-- com.olp.records_elearning.OLP2L_RC3_OLX_T187 -->
