<?xml version="1.0" encoding="UTF-8"?>
<!-- Generated by org.testng.reporters.JUnitReportReporter -->
<testsuite hostname="DESKTOP-268PN8R" failures="0" tests="3" name="com.olp.p_card.OLP_R2_OLX_T132PCardEditDisable" time="13.924" errors="0" timestamp="2023-10-10T23:58:25 IST" skipped="0">
  <testcase classname="com.olp.p_card.OLP_R2_OLX_T132PCardEditDisable" name="TC01_navigateToPersonalCard" time="8.835"/>
  <testcase classname="com.olp.p_card.OLP_R2_OLX_T132PCardEditDisable" name="TC02_ValidateLastEmpTimeInCompNotEditable" time="0.888"/>
  <testcase classname="com.olp.p_card.OLP_R2_OLX_T132PCardEditDisable" name="TC03_ValidateLastEmployedDateAssignments" time="4.201"/>
</testsuite> <!-- com.olp.p_card.OLP_R2_OLX_T132PCardEditDisable -->
