<?xml version="1.0" encoding="UTF-8"?>
<!-- Generated by org.testng.reporters.JUnitReportReporter -->
<testsuite hostname="DESKTOP-268PN8R" failures="0" tests="7" name="com.olp.personnelview.OLP_R1_OLX_T152" time="74.655" errors="0" timestamp="2023-08-28T12:31:28 IST" skipped="0">
  <testcase classname="com.olp.personnelview.OLP_R1_OLX_T152" name="TC01_NavigateToAdvanceSearch" time="6.165"/>
  <testcase classname="com.olp.personnelview.OLP_R1_OLX_T152" name="TC02_NavigateToPersonnelPoolManila" time="12.799"/>
  <testcase classname="com.olp.personnelview.OLP_R1_OLX_T152" name="TC03_ValidatePersonnelPoolManila" time="8.821"/>
  <testcase classname="com.olp.personnelview.OLP_R1_OLX_T152" name="TC04_NavigateToPersonnelPoolGermany" time="12.793"/>
  <testcase classname="com.olp.personnelview.OLP_R1_OLX_T152" name="TC05_ValidatePersonnelPoolGermany" time="8.880"/>
  <testcase classname="com.olp.personnelview.OLP_R1_OLX_T152" name="TC06_NavigateToPersonnelPoolOBLviewer" time="22.085"/>
  <testcase classname="com.olp.personnelview.OLP_R1_OLX_T152" name="TC07_ValidatePersonnelPoolEmptyResult" time="3.112"/>
</testsuite> <!-- com.olp.personnelview.OLP_R1_OLX_T152 -->
