<?xml version="1.0" encoding="UTF-8"?>
<!-- Generated by org.testng.reporters.JUnitReportReporter -->
<testsuite hostname="DESKTOP-268PN8R" failures="0" tests="11" name="com.olp.schedule.OLP_R1_OLX_T1536" time="63.676" errors="0" timestamp="2023-09-12T22:38:26 IST" skipped="0">
  <testcase classname="com.olp.schedule.OLP_R1_OLX_T1536" name="tc01_PersonalcardForSpecialUser" time="9.296"/>
  <testcase classname="com.olp.schedule.OLP_R1_OLX_T1536" name="tc02_NavigateToScheduleButton" time="3.019"/>
  <testcase classname="com.olp.schedule.OLP_R1_OLX_T1536" name="tc03_ValidateAllRequirementsUnderSchedule" time="2.994"/>
  <testcase classname="com.olp.schedule.OLP_R1_OLX_T1536" name="tc04_NavigateToIndividualRequirements" time="4.331"/>
  <testcase classname="com.olp.schedule.OLP_R1_OLX_T1536" name="tc05_NavigateToAddNewProficiencyRequirement" time="2.619"/>
  <testcase classname="com.olp.schedule.OLP_R1_OLX_T1536" name="tc06_NavigateUnderAddNewProficiencyRequirementsArePresent" time="0.608"/>
  <testcase classname="com.olp.schedule.OLP_R1_OLX_T1536" name="tc07_ValidateToCriticalityDropdown" time="2.603"/>
  <testcase classname="com.olp.schedule.OLP_R1_OLX_T1536" name="tc08_ValidateToDeadline" time="3.203"/>
  <testcase classname="com.olp.schedule.OLP_R1_OLX_T1536" name="tc09_ValidateToRetrainingDropdown" time="6.810"/>
  <testcase classname="com.olp.schedule.OLP_R1_OLX_T1536" name="tc10_NavigateToSelectProficiencyButton" time="23.073"/>
  <testcase classname="com.olp.schedule.OLP_R1_OLX_T1536" name="tc11_NavigateToCloseAndSaveButton" time="5.120"/>
</testsuite> <!-- com.olp.schedule.OLP_R1_OLX_T1536 -->
