<?xml version="1.0" encoding="UTF-8"?>
<!-- Generated by org.testng.reporters.JUnitReportReporter -->
<testsuite hostname="LAPTOP-24ESH4RE" failures="0" tests="16" name="com.compass.testcases.SP1_OLX_T345" time="89.065" errors="0" timestamp="2023-07-10T22:08:21 IST" skipped="0">
  <testcase classname="com.compass.testcases.SP1_OLX_T345" name="loginToVessel" time="26.497"/>
  <testcase classname="com.compass.testcases.SP1_OLX_T345" name="navigateToSearchAssessor" time="3.907"/>
  <testcase classname="com.compass.testcases.SP1_OLX_T345" name="navigateToPersonalCard" time="6.329"/>
  <testcase classname="com.compass.testcases.SP1_OLX_T345" name="navigateToRecords" time="1.090"/>
  <testcase classname="com.compass.testcases.SP1_OLX_T345" name="validateRapid_e_learningPresent" time="6.503"/>
  <testcase classname="com.compass.testcases.SP1_OLX_T345" name="validateForwardButton" time="5.042"/>
  <testcase classname="com.compass.testcases.SP1_OLX_T345" name="validateBackwardButton" time="4.972"/>
  <testcase classname="com.compass.testcases.SP1_OLX_T345" name="validatePage2Button" time="4.417"/>
  <testcase classname="com.compass.testcases.SP1_OLX_T345" name="validatePage1Button" time="5.647"/>
  <testcase classname="com.compass.testcases.SP1_OLX_T345" name="validatePageSizeDDL" time="6.700"/>
  <testcase classname="com.compass.testcases.SP1_OLX_T345" name="validatePageSize100DDL" time="3.640"/>
  <testcase classname="com.compass.testcases.SP1_OLX_T345" name="validatePagingElement100" time="0.239"/>
  <testcase classname="com.compass.testcases.SP1_OLX_T345" name="validatePagingElement10" time="3.570"/>
  <testcase classname="com.compass.testcases.SP1_OLX_T345" name="validatePagingElement15" time="3.455"/>
  <testcase classname="com.compass.testcases.SP1_OLX_T345" name="validatePagingElement20" time="3.506"/>
  <testcase classname="com.compass.testcases.SP1_OLX_T345" name="validatePagingElement50" time="3.551"/>
</testsuite> <!-- com.compass.testcases.SP1_OLX_T345 -->
