<?xml version="1.0" encoding="UTF-8"?>
<!-- Generated by org.testng.reporters.JUnitReportReporter -->
<testsuite hostname="DESKTOP-268PN8R" failures="0" tests="12" name="com.olp.personnelview.OLP_R1_OLX_T1111" time="80.824" errors="0" timestamp="2023-08-14T14:56:25 IST" skipped="0">
  <testcase classname="com.olp.personnelview.OLP_R1_OLX_T1111" name="TC01_navigateToSearchForPersonnel" time="7.525"/>
  <testcase classname="com.olp.personnelview.OLP_R1_OLX_T1111" name="TC02_navigateToAdvanceSearch" time="1.157"/>
  <testcase classname="com.olp.personnelview.OLP_R1_OLX_T1111" name="TC04_validateClearButton" time="6.327"/>
  <testcase classname="com.olp.personnelview.OLP_R1_OLX_T1111" name="TC04_validateSearchButton" time="6.944"/>
  <testcase classname="com.olp.personnelview.OLP_R1_OLX_T1111" name="TC05_validateTraineePresentInResults" time="3.433"/>
  <testcase classname="com.olp.personnelview.OLP_R1_OLX_T1111" name="TC05_validateTraineePresentInResults" time="4.442"/>
  <testcase classname="com.olp.personnelview.OLP_R1_OLX_T1111" name="TC06_validateTraineeForRootGroup1InResults" time="7.690"/>
  <testcase classname="com.olp.personnelview.OLP_R1_OLX_T1111" name="TC06_validateTraineeForRootGroup1InResults" time="12.981"/>
  <testcase classname="com.olp.personnelview.OLP_R1_OLX_T1111" name="TC07_validateTraineeForRootGroup2InResults" time="8.811"/>
  <testcase classname="com.olp.personnelview.OLP_R1_OLX_T1111" name="TC07_validateTraineeForRootGroup2InResults" time="13.699"/>
  <testcase classname="com.olp.personnelview.OLP_R1_OLX_T1111" name="TC08_validateTraineeForAllRootGroupInResults" time="4.448"/>
  <testcase classname="com.olp.personnelview.OLP_R1_OLX_T1111" name="TC08_validateTraineeForAllRootGroupInResults" time="3.367"/>
</testsuite> <!-- com.olp.personnelview.OLP_R1_OLX_T1111 -->
