<?xml version="1.0" encoding="UTF-8"?>
<!-- Generated by org.testng.reporters.JUnitReportReporter -->
<testsuite hostname="BIPLP040" failures="0" tests="1" name="com.compass.testcases.CMP14792_AddNewFilterCloneCBARevision" time="35.347" errors="0" timestamp="2023-03-23T10:15:42 IST" skipped="0">
  <testcase classname="com.compass.testcases.CMP14792_AddNewFilterCloneCBARevision" name="Tc01_AddNewFilterCloneCBARevision" time="35.347"/>
  <system-out/>
</testsuite> <!-- com.compass.testcases.CMP14792_AddNewFilterCloneCBARevision -->
