<?xml version="1.0" encoding="UTF-8"?>
<!-- Generated by org.testng.reporters.JUnitReportReporter -->
<testsuite hostname="Arun" failures="0" tests="7" name="com.compass.testcases.SP97_CMP15116" time="25.584" errors="0" timestamp="2023-05-05T10:15:01 IST" skipped="0">
  <testcase classname="com.compass.testcases.SP97_CMP15116" name="TC_01_loginToStage" time="5.528"/>
  <system-out/>
  <testcase classname="com.compass.testcases.SP97_CMP15116" name="TC_02_VerifyNavigationtoTaxJuridictionmatrixpage" time="16.528"/>
  <system-out/>
  <testcase classname="com.compass.testcases.SP97_CMP15116" name="TC_03_VerifyNavigationtoTaxJuridictionrules" time="1.124"/>
  <system-out/>
  <testcase classname="com.compass.testcases.SP97_CMP15116" name="TC_04_VerifyaddrecordinTaxJuridictionrules" time="0.979"/>
  <system-out/>
  <testcase classname="com.compass.testcases.SP97_CMP15116" name="TC_05_VerifycancelrecordinTaxJuridictionrules" time="0.468"/>
  <system-out/>
  <testcase classname="com.compass.testcases.SP97_CMP15116" name="TC_06_VerifyAddandcancelbuttoninTaxJuridictionrules" time="0.416"/>
  <system-out/>
  <testcase classname="com.compass.testcases.SP97_CMP15116" name="TC_07_VerifyUpdatebuttoninTaxJuridictionrules" time="0.541"/>
  <system-out/>
</testsuite> <!-- com.compass.testcases.SP97_CMP15116 -->
