<?xml version="1.0" encoding="UTF-8"?>
<!-- Generated by org.testng.reporters.JUnitReportReporter -->
<testsuite hostname="DESKTOP-0CLJ4FS" failures="0" tests="2" name="com.olp.records_elearning.OLP2L_RC3_OLX_T257" time="15.320" errors="0" timestamp="2023-11-01T16:18:42 IST" skipped="0">
  <testcase classname="com.olp.records_elearning.OLP2L_RC3_OLX_T257" name="TC01_navigateToPersonalCard" time="10.436"/>
  <testcase classname="com.olp.records_elearning.OLP2L_RC3_OLX_T257" name="TC02_NavigateToRecordsTab" time="4.884"/>
</testsuite> <!-- com.olp.records_elearning.OLP2L_RC3_OLX_T257 -->
