<?xml version="1.0" encoding="UTF-8"?>
<!-- Generated by org.testng.reporters.JUnitReportReporter -->
<testsuite hostname="DESKTOP-268PN8R" failures="0" tests="2" name="com.olp.p_card.OLP_R2_OLX_T449" time="6.877" errors="0" timestamp="2023-10-12T16:17:36 IST" skipped="0">
  <testcase classname="com.olp.p_card.OLP_R2_OLX_T449" name="tc01_NavigateToPersonalcard" time="6.524"/>
  <testcase classname="com.olp.p_card.OLP_R2_OLX_T449" name="tc02_NavigateToDefaultInstallation" time="0.353"/>
</testsuite> <!-- com.olp.p_card.OLP_R2_OLX_T449 -->
