<?xml version="1.0" encoding="UTF-8"?>
<!-- Generated by org.testng.reporters.JUnitReportReporter -->
<testsuite hostname="Arun" failures="0" tests="7" name="com.compass.testcases.SP97_CMP14479" time="172.978" errors="0" timestamp="2023-05-05T10:15:00 IST" skipped="0">
  <testcase classname="com.compass.testcases.SP97_CMP14479" name="TC_01_loginToStage" time="6.458"/>
  <system-out/>
  <testcase classname="com.compass.testcases.SP97_CMP14479" name="TC_02_VerifyNavigationtoTaxJuridictionmatrixpage" time="10.693"/>
  <system-out/>
  <testcase classname="com.compass.testcases.SP97_CMP14479" name="TC_03_ADDTaxJuridictionmatrix" time="0.946"/>
  <system-out/>
  <testcase classname="com.compass.testcases.SP97_CMP14479" name="TC_04_navigateToTaxallocationReport" time="52.736"/>
  <system-out/>
  <testcase classname="com.compass.testcases.SP97_CMP14479" name="TC_05_FilterOptionstobeverified" time="50.456"/>
  <system-out/>
  <testcase classname="com.compass.testcases.SP97_CMP14479" name="TC_06_validatenewcolumns" time="50.326"/>
  <system-out/>
  <testcase classname="com.compass.testcases.SP97_CMP14479" name="TC_07_DeleteTJM" time="1.363"/>
  <system-out/>
</testsuite> <!-- com.compass.testcases.SP97_CMP14479 -->
