<?xml version="1.0" encoding="UTF-8"?>
<!-- Generated by org.testng.reporters.JUnitReportReporter -->
<testsuite hostname="DESKTOP-0CLJ4FS" failures="0" tests="21" name="com.oap.assessment.OAP_Assessment_Workflow" time="82.763" errors="0" timestamp="2023-12-28T17:52:25 IST" skipped="0">
  <testcase classname="com.oap.assessment.OAP_Assessment_Workflow" name="TC01_NavigateToOAPlogo" time="0.725"/>
  <testcase classname="com.oap.assessment.OAP_Assessment_Workflow" name="TC02_NavigateToOAPMenubar" time="0.754"/>
  <testcase classname="com.oap.assessment.OAP_Assessment_Workflow" name="TC03_NavigateToAssessmentPage" time="1.050"/>
  <testcase classname="com.oap.assessment.OAP_Assessment_Workflow" name="TC04_NavigateToNewAssessmentPage" time="3.081"/>
  <testcase classname="com.oap.assessment.OAP_Assessment_Workflow" name="TC05_NavigateToAssessmentTypeCESSTCW" time="5.484"/>
  <testcase classname="com.oap.assessment.OAP_Assessment_Workflow" name="TC06_NavigateToLevelDDL" time="3.462"/>
  <testcase classname="com.oap.assessment.OAP_Assessment_Workflow" name="TC07_NavigateToDepartmentDDL" time="3.481"/>
  <testcase classname="com.oap.assessment.OAP_Assessment_Workflow" name="TC08_NavigateToVesselTypeDDL" time="3.486"/>
  <testcase classname="com.oap.assessment.OAP_Assessment_Workflow" name="TC09_NavigateToAssessmentTypeCESDetailed" time="3.493"/>
  <testcase classname="com.oap.assessment.OAP_Assessment_Workflow" name="TC10_NavigateToFunctionArea" time="3.451"/>
  <testcase classname="com.oap.assessment.OAP_Assessment_Workflow" name="TC11_NavigateToNavigationArea" time="2.611"/>
  <testcase classname="com.oap.assessment.OAP_Assessment_Workflow" name="TC12_NavigateToTimerArea" time="4.224"/>
  <testcase classname="com.oap.assessment.OAP_Assessment_Workflow" name="TC13_NavigateToNoTimer" time="2.475"/>
  <testcase classname="com.oap.assessment.OAP_Assessment_Workflow" name="TC14_NavigateToEndofAssessmentSummary" time="3.602"/>
  <testcase classname="com.oap.assessment.OAP_Assessment_Workflow" name="TC15_NavigateToAddQuestionBankButton" time="2.762"/>
  <testcase classname="com.oap.assessment.OAP_Assessment_Workflow" name="TC16_NavigateToAddQuestion" time="4.140"/>
  <testcase classname="com.oap.assessment.OAP_Assessment_Workflow" name="TC17_NavigateToPublishAssessment" time="11.112"/>
  <testcase classname="com.oap.assessment.OAP_Assessment_Workflow" name="TC18_NavigateToSearchPublishedAssessmentBySearchField" time="10.848"/>
  <testcase classname="com.oap.assessment.OAP_Assessment_Workflow" name="TC19_NavigateToPublishedAStoArchive" time="4.110"/>
  <testcase classname="com.oap.assessment.OAP_Assessment_Workflow" name="TC20_NavigateToArchiveAStoRestore" time="3.961"/>
  <testcase classname="com.oap.assessment.OAP_Assessment_Workflow" name="TC21_NavigateToDeleteAS" time="4.451"/>
</testsuite> <!-- com.oap.assessment.OAP_Assessment_Workflow -->
