<?xml version="1.0" encoding="UTF-8"?>
<!-- Generated by org.testng.reporters.JUnitReportReporter -->
<testsuite hostname="Arun" failures="0" tests="1" name="com.compass.testcases.SP96_CMP872_InvestigationNominationRequests" time="69.207" errors="0" timestamp="2023-05-05T10:15:00 IST" skipped="0">
  <testcase classname="com.compass.testcases.SP96_CMP872_InvestigationNominationRequests" name="Tc01_InvestigationNominationRequests" time="69.207"/>
  <system-out/>
</testsuite> <!-- com.compass.testcases.SP96_CMP872_InvestigationNominationRequests -->
