<?xml version="1.0" encoding="UTF-8"?>
<!-- Generated by org.testng.reporters.JUnitReportReporter -->
<testsuite hostname="DESKTOP-268PN8R" failures="0" tests="14" name="com.olp.p_view.OLP_R1_OLX_T612" time="603.766" errors="0" timestamp="2023-09-08T16:38:26 IST" skipped="0">
  <testcase classname="com.olp.p_view.OLP_R1_OLX_T612" name="TC01_NavigateToConfigurationOfMainOffice" time="4.591"/>
  <testcase classname="com.olp.p_view.OLP_R1_OLX_T612" name="TC02_NavigateToSecurityGroups" time="3.204"/>
  <testcase classname="com.olp.p_view.OLP_R1_OLX_T612" name="TC03_NavigateToSecurityConfigurations" time="1.630"/>
  <testcase classname="com.olp.p_view.OLP_R1_OLX_T612" name="TC04_DisableReadyToBeAssessed" time="23.080"/>
  <testcase classname="com.olp.p_view.OLP_R1_OLX_T612" name="TC05_NavigationToExportPopup" time="229.826"/>
  <testcase classname="com.olp.p_view.OLP_R1_OLX_T612" name="TC06_VerifyLoginToVesselAsSpecialUser" time="22.397"/>
  <testcase classname="com.olp.p_view.OLP_R1_OLX_T612" name="TC07_ExpandAdvanceSearch" time="1.198"/>
  <testcase classname="com.olp.p_view.OLP_R1_OLX_T612" name="TC08_ValidateShowPersonnelOnlyDDL" time="20.534"/>
  <testcase classname="com.olp.p_view.OLP_R1_OLX_T612" name="TC09_NavigateToMainOffice" time="13.194"/>
  <testcase classname="com.olp.p_view.OLP_R1_OLX_T612" name="TC10_EnableReadyToBeAssessed" time="30.640"/>
  <testcase classname="com.olp.p_view.OLP_R1_OLX_T612" name="TC11_NavigationDataExchange" time="222.216"/>
  <testcase classname="com.olp.p_view.OLP_R1_OLX_T612" name="TC12_VerifyLoginToVesselAsSpecialUser" time="18.115"/>
  <testcase classname="com.olp.p_view.OLP_R1_OLX_T612" name="TC13_ExpandAdvanceSSearch" time="1.132"/>
  <testcase classname="com.olp.p_view.OLP_R1_OLX_T612" name="TC14_ValidateComboAndReadyToBeAssessedPresence" time="12.009"/>
</testsuite> <!-- com.olp.p_view.OLP_R1_OLX_T612 -->
