<?xml version="1.0" encoding="UTF-8"?>
<!-- Generated by org.testng.reporters.JUnitReportReporter -->
<testsuite hostname="LAPTOP-24ESH4RE" failures="0" tests="2" name="com.compass.testcases.SP102_CMP18451" time="21.221" errors="0" timestamp="2023-06-13T19:28:14 IST" skipped="0">
  <testcase classname="com.compass.testcases.SP102_CMP18451" name="loginToStage" time="1.155"/>
  <system-out/>
  <testcase classname="com.compass.testcases.SP102_CMP18451" name="VerifyNavigationToBudgetList" time="20.066"/>
  <system-out/>
</testsuite> <!-- com.compass.testcases.SP102_CMP18451 -->
