<?xml version="1.0" encoding="UTF-8"?>
<!-- Generated by org.testng.reporters.JUnitReportReporter -->
<testsuite hostname="Arun" failures="0" tests="2" name="com.compass.testcases.SP96_CMP15020" time="24.111" errors="0" timestamp="2023-05-05T10:15:01 IST" skipped="0">
  <testcase classname="com.compass.testcases.SP96_CMP15020" name="TC_01_loginToOnboarding" time="20.816"/>
  <system-out/>
  <testcase classname="com.compass.testcases.SP96_CMP15020" name="TC_02_navigateToWorkAndRestRecords" time="3.295"/>
  <system-out/>
</testsuite> <!-- com.compass.testcases.SP96_CMP15020 -->
