<?xml version="1.0" encoding="UTF-8"?>
<!-- Generated by org.testng.reporters.JUnitReportReporter -->
<testsuite hostname="BIPLP153" failures="0" tests="1" name="com.oap.assessment.T2_S1_OAP1929" time="0.800" errors="0" timestamp="2024-04-04T00:05:24 IST" skipped="0">
  <testcase classname="com.oap.assessment.T2_S1_OAP1929" name="TC01_NavigateToOAPlogo" time="0.800"/>
  <system-out/>
</testsuite> <!-- com.oap.assessment.T2_S1_OAP1929 -->
