<?xml version="1.0" encoding="UTF-8"?>
<!-- Generated by org.testng.reporters.JUnitReportReporter -->
<testsuite hostname="BIPLP040" failures="0" tests="5" name="com.compass.testcases.SP94_CMP15181" time="29.461" errors="0" timestamp="2023-03-26T17:11:11 IST" skipped="0">
  <testcase classname="com.compass.testcases.SP94_CMP15181" name="TC_01_LoginToStage" time="14.514"/>
  <system-out/>
  <testcase classname="com.compass.testcases.SP94_CMP15181" name="TC_02_navigateToToDoList" time="4.385"/>
  <system-out/>
  <testcase classname="com.compass.testcases.SP94_CMP15181" name="TC_03_addToToDoList" time="1.232"/>
  <system-out/>
  <testcase classname="com.compass.testcases.SP94_CMP15181" name="TC_04_updateToToDoList" time="7.599"/>
  <system-out/>
  <testcase classname="com.compass.testcases.SP94_CMP15181" name="TC_05_deleteToToDoList" time="1.731"/>
  <system-out/>
</testsuite> <!-- com.compass.testcases.SP94_CMP15181 -->
