<?xml version="1.0" encoding="UTF-8"?>
<!-- Generated by org.testng.reporters.JUnitReportReporter -->
<testsuite hostname="BIPLP040" failures="0" tests="8" name="com.compass.testcases.SP93_CMP_13938" time="40.476" errors="0" timestamp="2023-03-23T10:15:42 IST" skipped="0">
  <testcase classname="com.compass.testcases.SP93_CMP_13938" name="TC01_selectOptionAdmin" time="6.407"/>
  <system-out/>
  <testcase classname="com.compass.testcases.SP93_CMP_13938" name="TC02_NavigateTo_CEM" time="2.070"/>
  <system-out/>
  <testcase classname="com.compass.testcases.SP93_CMP_13938" name="TC03_clickOn_AddIcon_To_create_new_Notice" time="3.607"/>
  <system-out/>
  <testcase classname="com.compass.testcases.SP93_CMP_13938" name="TC04_Enter_Details" time="5.405"/>
  <system-out/>
  <testcase classname="com.compass.testcases.SP93_CMP_13938" name="TC05_set_Display_Settings" time="4.284"/>
  <system-out/>
  <testcase classname="com.compass.testcases.SP93_CMP_13938" name="TC06_Configure_The_Interfaces" time="2.298"/>
  <system-out/>
  <testcase classname="com.compass.testcases.SP93_CMP_13938" name="TC07_Specify_Applicability" time="12.588"/>
  <system-out/>
  <testcase classname="com.compass.testcases.SP93_CMP_13938" name="TC08_Search_Created_Notice" time="3.817"/>
  <system-out/>
</testsuite> <!-- com.compass.testcases.SP93_CMP_13938 -->
