<?xml version="1.0" encoding="UTF-8"?>
<!-- Generated by org.testng.reporters.JUnitReportReporter -->
<testsuite hostname="DESKTOP-268PN8R" failures="0" tests="4" name="com.olp.p_card.OLP_R2_OLX_T190" time="33.333" errors="0" timestamp="2023-10-11T23:06:03 IST" skipped="0">
  <testcase classname="com.olp.p_card.OLP_R2_OLX_T190" name="TC01_navigateToPersonalCard" time="10.460"/>
  <testcase classname="com.olp.p_card.OLP_R2_OLX_T190" name="TC02_ValidatePersonalRemarks" time="0.492"/>
  <testcase classname="com.olp.p_card.OLP_R2_OLX_T190" name="TC03_NavigateFromAssessorToPersonalCardOfTrainee" time="21.674"/>
  <testcase classname="com.olp.p_card.OLP_R2_OLX_T190" name="TC04_ValidatePersonalRemarksOw" time="0.707"/>
</testsuite> <!-- com.olp.p_card.OLP_R2_OLX_T190 -->
