<?xml version="1.0" encoding="UTF-8"?>
<!-- Generated by org.testng.reporters.JUnitReportReporter -->
<testsuite hostname="Arun" failures="0" tests="2" name="com.compass.testcases.SP96_CMP13786" time="24.759" errors="0" timestamp="2023-05-05T10:15:00 IST" skipped="0">
  <testcase classname="com.compass.testcases.SP96_CMP13786" name="TC01_navigating_To_Nomination_Request" time="17.657"/>
  <system-out/>
  <testcase classname="com.compass.testcases.SP96_CMP13786" name="TC02_Select_Desired_Filters" time="7.102"/>
  <system-out/>
</testsuite> <!-- com.compass.testcases.SP96_CMP13786 -->
