<?xml version="1.0" encoding="UTF-8"?>
<!-- Generated by org.testng.reporters.JUnitReportReporter -->
<testsuite hostname="LAPTOP-24ESH4RE" failures="0" tests="8" name="com.compass.testcases.SP102_CMP1529" time="25.418" errors="0" timestamp="2023-06-21T10:30:12 IST" skipped="0">
  <testcase classname="com.compass.testcases.SP102_CMP1529" name="loginToStage" time="8.993"/>
  <system-out/>
  <testcase classname="com.compass.testcases.SP102_CMP1529" name="navigatetoAdministrativeFunctions1" time="1.187"/>
  <system-out/>
  <testcase classname="com.compass.testcases.SP102_CMP1529" name="navigateToPortFromTemplates" time="0.513"/>
  <system-out/>
  <testcase classname="com.compass.testcases.SP102_CMP1529" name="validateRigaMSWLVPortFormPresence" time="0.757"/>
  <system-out/>
  <testcase classname="com.compass.testcases.SP102_CMP1529" name="NavigatioToEditRigaMSWLVPortForm" time="2.348"/>
  <system-out/>
  <testcase classname="com.compass.testcases.SP102_CMP1529" name="validateAddedCountryLatvia" time="0.433"/>
  <system-out/>
  <testcase classname="com.compass.testcases.SP102_CMP1529" name="validateAddedPorts" time="0.332"/>
  <system-out/>
  <testcase classname="com.compass.testcases.SP102_CMP1529" name="navigatetoCompassOnboard" time="10.855"/>
  <system-out/>
</testsuite> <!-- com.compass.testcases.SP102_CMP1529 -->
