<?xml version="1.0" encoding="UTF-8"?>
<!-- Generated by org.testng.reporters.JUnitReportReporter -->
<testsuite hostname="LAPTOP-24ESH4RE" failures="0" tests="15" name="com.compass.testcases.SP101_CMP16709" time="52.408" errors="0" timestamp="2023-06-02T13:43:41 IST" skipped="0">
  <testcase classname="com.compass.testcases.SP101_CMP16709" name="loginToStage" time="7.130"/>
  <system-out/>
  <testcase classname="com.compass.testcases.SP101_CMP16709" name="navigatetoAdministrativeFunctions1" time="3.670"/>
  <system-out/>
  <testcase classname="com.compass.testcases.SP101_CMP16709" name="navigatetoStandardManning" time="1.346"/>
  <system-out/>
  <testcase classname="com.compass.testcases.SP101_CMP16709" name="navigateToSelectVesselSM" time="3.397"/>
  <system-out/>
  <testcase classname="com.compass.testcases.SP101_CMP16709" name="navigateToNationalityApplicability" time="2.770"/>
  <system-out/>
  <testcase classname="com.compass.testcases.SP101_CMP16709" name="validateDefaultNationalityGroupDDL" time="2.748"/>
  <system-out/>
  <testcase classname="com.compass.testcases.SP101_CMP16709" name="validateNationRemoved" time="4.600"/>
  <system-out/>
  <testcase classname="com.compass.testcases.SP101_CMP16709" name="validateAddNation" time="2.727"/>
  <system-out/>
  <testcase classname="com.compass.testcases.SP101_CMP16709" name="validateNationAddedAlready" time="13.640"/>
  <system-out/>
  <testcase classname="com.compass.testcases.SP101_CMP16709" name="validateAddAllNation" time="2.978"/>
  <system-out/>
  <testcase classname="com.compass.testcases.SP101_CMP16709" name="validateAllNationRemoved" time="2.830"/>
  <system-out/>
  <testcase classname="com.compass.testcases.SP101_CMP16709" name="navigatetoAdministrativeFunctions2" time="0.758"/>
  <system-out/>
  <testcase classname="com.compass.testcases.SP101_CMP16709" name="navigatetoLibraryGroups" time="1.013"/>
  <system-out/>
  <testcase classname="com.compass.testcases.SP101_CMP16709" name="navigatetoNationalityDDL" time="2.267"/>
  <system-out/>
  <testcase classname="com.compass.testcases.SP101_CMP16709" name="validateNationalities" time="0.534"/>
  <system-out/>
</testsuite> <!-- com.compass.testcases.SP101_CMP16709 -->
